wandb: Currently logged in as: alexandretl. Use `wandb login --relogin` to force relogin
wandb: Tracking run with wandb version 0.17.8
wandb: Run data is saved locally in /workspace/hash-hop-hub/wandb/run-20240903_144532-ay6bw8kx
wandb: Run `wandb offline` to turn off syncing.
wandb: Syncing run hardy-jazz-3
wandb: ⭐️ View project at https://wandb.ai/alexandretl/hash-hop-hub
wandb: 🚀 View run at https://wandb.ai/alexandretl/hash-hop-hub/runs/ay6bw8kx
Run name: hardy-jazz-3.
Model initialized. Number of parameters : 7251561.
Compiling the model...
Done compiling.
Training is starting.
Iter 000000/100000. train loss : 4.064. valid loss : 4.065. lr : 0.00000. uptime : 00h00min. ETA : 07h48min.
Iter 000200/100000. train loss : 3.626. valid loss : 3.626. lr : 0.00020. uptime : 00h01min. ETA : 02h26min.
Iter 000400/100000. train loss : 3.552. valid loss : 3.552. lr : 0.00040. uptime : 00h01min. ETA : 02h24min.
Iter 000600/100000. train loss : 3.520. valid loss : 3.520. lr : 0.00060. uptime : 00h01min. ETA : 02h24min.
Iter 000800/100000. train loss : 3.474. valid loss : 3.476. lr : 0.00080. uptime : 00h02min. ETA : 02h23min.
Iter 001000/100000. train loss : 3.329. valid loss : 3.366. lr : 0.00100. uptime : 00h02min. ETA : 02h23min.
Iter 001200/100000. train loss : 3.018. valid loss : 3.177. lr : 0.00100. uptime : 00h02min. ETA : 02h23min.
Iter 001400/100000. train loss : 3.177. valid loss : 3.097. lr : 0.00100. uptime : 00h02min. ETA : 02h23min.
Iter 001600/100000. train loss : 3.092. valid loss : 3.018. lr : 0.00100. uptime : 00h03min. ETA : 02h23min.
Iter 001800/100000. train loss : 2.976. valid loss : 2.933. lr : 0.00100. uptime : 00h03min. ETA : 02h22min.
Iter 002000/100000. train loss : 2.827. valid loss : 2.903. lr : 0.00100. uptime : 00h03min. ETA : 02h21min.
Iter 002200/100000. train loss : 2.743. valid loss : 2.807. lr : 0.00100. uptime : 00h04min. ETA : 02h21min.
Iter 002400/100000. train loss : 2.925. valid loss : 2.801. lr : 0.00100. uptime : 00h04min. ETA : 02h21min.
Iter 002600/100000. train loss : 2.787. valid loss : 2.815. lr : 0.00100. uptime : 00h04min. ETA : 02h21min.
Iter 002800/100000. train loss : 2.654. valid loss : 2.736. lr : 0.00100. uptime : 00h05min. ETA : 02h21min.
Iter 003000/100000. train loss : 2.649. valid loss : 2.722. lr : 0.00100. uptime : 00h05min. ETA : 02h20min.
Iter 003200/100000. train loss : 2.668. valid loss : 2.704. lr : 0.00100. uptime : 00h05min. ETA : 02h20min.
Iter 003400/100000. train loss : 2.753. valid loss : 2.724. lr : 0.00100. uptime : 00h05min. ETA : 02h20min.
Iter 003600/100000. train loss : 2.750. valid loss : 2.700. lr : 0.00100. uptime : 00h06min. ETA : 02h20min.
Iter 003800/100000. train loss : 2.637. valid loss : 2.687. lr : 0.00100. uptime : 00h06min. ETA : 02h19min.
Iter 004000/100000. train loss : 2.750. valid loss : 2.685. lr : 0.00100. uptime : 00h06min. ETA : 02h19min.
Iter 004200/100000. train loss : 2.654. valid loss : 2.640. lr : 0.00100. uptime : 00h07min. ETA : 02h18min.
Iter 004400/100000. train loss : 2.566. valid loss : 2.633. lr : 0.00100. uptime : 00h07min. ETA : 02h18min.
Iter 004600/100000. train loss : 2.642. valid loss : 2.619. lr : 0.00100. uptime : 00h07min. ETA : 02h18min.
Iter 004800/100000. train loss : 2.613. valid loss : 2.612. lr : 0.00100. uptime : 00h07min. ETA : 02h18min.
Iter 005000/100000. train loss : 2.557. valid loss : 2.537. lr : 0.00100. uptime : 00h08min. ETA : 02h18min.
Iter 005200/100000. train loss : 2.537. valid loss : 2.512. lr : 0.00100. uptime : 00h08min. ETA : 02h17min.
Iter 005400/100000. train loss : 2.502. valid loss : 2.506. lr : 0.00100. uptime : 00h08min. ETA : 02h17min.
Iter 005600/100000. train loss : 2.502. valid loss : 2.499. lr : 0.00100. uptime : 00h09min. ETA : 02h16min.
Iter 005800/100000. train loss : 2.505. valid loss : 2.499. lr : 0.00100. uptime : 00h09min. ETA : 02h16min.
Iter 006000/100000. train loss : 2.507. valid loss : 2.496. lr : 0.00100. uptime : 00h09min. ETA : 02h16min.
Iter 006200/100000. train loss : 2.490. valid loss : 2.489. lr : 0.00100. uptime : 00h10min. ETA : 02h16min.
Iter 006400/100000. train loss : 2.495. valid loss : 2.488. lr : 0.00100. uptime : 00h10min. ETA : 02h16min.
Iter 006600/100000. train loss : 2.498. valid loss : 2.487. lr : 0.00100. uptime : 00h10min. ETA : 02h15min.
Iter 006800/100000. train loss : 2.492. valid loss : 2.484. lr : 0.00100. uptime : 00h10min. ETA : 02h15min.
Iter 007000/100000. train loss : 2.477. valid loss : 2.479. lr : 0.00100. uptime : 00h11min. ETA : 02h15min.
Iter 007200/100000. train loss : 2.476. valid loss : 2.479. lr : 0.00100. uptime : 00h11min. ETA : 02h14min.
Iter 007400/100000. train loss : 2.494. valid loss : 2.479. lr : 0.00100. uptime : 00h11min. ETA : 02h14min.
Iter 007600/100000. train loss : 2.476. valid loss : 2.475. lr : 0.00100. uptime : 00h12min. ETA : 02h14min.
Iter 007800/100000. train loss : 2.475. valid loss : 2.476. lr : 0.00100. uptime : 00h12min. ETA : 02h14min.
Iter 008000/100000. train loss : 2.474. valid loss : 2.477. lr : 0.00100. uptime : 00h12min. ETA : 02h13min.
Iter 008200/100000. train loss : 2.469. valid loss : 2.474. lr : 0.00100. uptime : 00h12min. ETA : 02h13min.
Iter 008400/100000. train loss : 2.481. valid loss : 2.483. lr : 0.00100. uptime : 00h13min. ETA : 02h12min.
Iter 008600/100000. train loss : 2.472. valid loss : 2.473. lr : 0.00100. uptime : 00h13min. ETA : 02h12min.
Iter 008800/100000. train loss : 2.479. valid loss : 2.471. lr : 0.00100. uptime : 00h13min. ETA : 02h12min.
Iter 009000/100000. train loss : 2.476. valid loss : 2.476. lr : 0.00100. uptime : 00h14min. ETA : 02h11min.
Iter 009200/100000. train loss : 2.481. valid loss : 2.476. lr : 0.00100. uptime : 00h14min. ETA : 02h12min.
Iter 009400/100000. train loss : 2.478. valid loss : 2.471. lr : 0.00100. uptime : 00h14min. ETA : 02h12min.
Iter 009600/100000. train loss : 2.474. valid loss : 2.471. lr : 0.00100. uptime : 00h14min. ETA : 02h11min.
Iter 009800/100000. train loss : 2.475. valid loss : 2.472. lr : 0.00100. uptime : 00h15min. ETA : 02h11min.
Iter 010000/100000. train loss : 2.465. valid loss : 2.471. lr : 0.00100. uptime : 00h15min. ETA : 02h10min.
Iter 010200/100000. train loss : 2.473. valid loss : 2.471. lr : 0.00100. uptime : 00h15min. ETA : 02h10min.
Iter 010400/100000. train loss : 2.465. valid loss : 2.472. lr : 0.00100. uptime : 00h16min. ETA : 02h10min.
Iter 010600/100000. train loss : 2.462. valid loss : 2.469. lr : 0.00100. uptime : 00h16min. ETA : 02h09min.
Iter 010800/100000. train loss : 2.483. valid loss : 2.471. lr : 0.00100. uptime : 00h16min. ETA : 02h09min.
Iter 011000/100000. train loss : 2.467. valid loss : 2.469. lr : 0.00100. uptime : 00h17min. ETA : 02h08min.
Iter 011200/100000. train loss : 2.473. valid loss : 2.470. lr : 0.00100. uptime : 00h17min. ETA : 02h08min.
Iter 011400/100000. train loss : 2.465. valid loss : 2.469. lr : 0.00100. uptime : 00h17min. ETA : 02h08min.
Iter 011600/100000. train loss : 2.472. valid loss : 2.470. lr : 0.00100. uptime : 00h17min. ETA : 02h08min.
Iter 011800/100000. train loss : 2.466. valid loss : 2.468. lr : 0.00100. uptime : 00h18min. ETA : 02h07min.
Iter 012000/100000. train loss : 2.471. valid loss : 2.469. lr : 0.00100. uptime : 00h18min. ETA : 02h07min.
Iter 012200/100000. train loss : 2.470. valid loss : 2.470. lr : 0.00100. uptime : 00h18min. ETA : 02h07min.
Iter 012400/100000. train loss : 2.465. valid loss : 2.466. lr : 0.00100. uptime : 00h19min. ETA : 02h07min.
Process ForkProcess-40:
Process ForkProcess-33:
Process ForkProcess-39:
Process ForkProcess-37:
Process ForkProcess-31:
Process ForkProcess-35:
Process ForkProcess-38:
Process ForkProcess-34:
Training interrupted.Process ForkProcess-28:
Traceback (most recent call last):
Process ForkProcess-29:
Process ForkProcess-36:
Process ForkProcess-24:
Process ForkProcess-30:
Process ForkProcess-27:
Traceback (most recent call last):
Process ForkProcess-26:
Process ForkProcess-32:
Process ForkProcess-18:
Process ForkProcess-22:
Process ForkProcess-19:
Traceback (most recent call last):
Process ForkProcess-16:
Process ForkProcess-13:
Process ForkProcess-11:
Process ForkProcess-9:
Process ForkProcess-23:
Process ForkProcess-25:
Traceback (most recent call last):
Process ForkProcess-21:
Process ForkProcess-20:
Process ForkProcess-17:
Process ForkProcess-15:
Process ForkProcess-14:
Process ForkProcess-12:
Process ForkProcess-10:
Traceback (most recent call last):
Traceback (most recent call last):

Traceback (most recent call last):
Traceback (most recent call last):
Traceback (most recent call last):
Traceback (most recent call last):
Traceback (most recent call last):
Traceback (most recent call last):
Traceback (most recent call last):
Traceback (most recent call last):
Traceback (most recent call last):
Traceback (most recent call last):
Traceback (most recent call last):
Traceback (most recent call last):
Traceback (most recent call last):
Traceback (most recent call last):
Traceback (most recent call last):
Traceback (most recent call last):
Traceback (most recent call last):
Traceback (most recent call last):
Traceback (most recent call last):
Traceback (most recent call last):
Traceback (most recent call last):
Traceback (most recent call last):
  File "/usr/lib/python3.10/multiprocessing/process.py", line 314, in _bootstrap
    self.run()
Traceback (most recent call last):
Traceback (most recent call last):
  File "/usr/lib/python3.10/multiprocessing/process.py", line 314, in _bootstrap
    self.run()
  File "/usr/lib/python3.10/multiprocessing/process.py", line 314, in _bootstrap
    self.run()
  File "/usr/lib/python3.10/multiprocessing/process.py", line 108, in run
    self._target(*self._args, **self._kwargs)
Training is done. Took 19.10 minutes.Traceback (most recent call last):
  File "/usr/lib/python3.10/multiprocessing/process.py", line 314, in _bootstrap
    self.run()
  File "/usr/lib/python3.10/multiprocessing/process.py", line 314, in _bootstrap
    self.run()
  File "/usr/lib/python3.10/multiprocessing/process.py", line 108, in run
    self._target(*self._args, **self._kwargs)
  File "/usr/lib/python3.10/concurrent/futures/process.py", line 240, in _process_worker
    call_item = call_queue.get(block=True)
  File "/usr/lib/python3.10/multiprocessing/queues.py", line 102, in get
    with self._rlock:
  File "/usr/lib/python3.10/multiprocessing/process.py", line 314, in _bootstrap
    self.run()
  File "/usr/lib/python3.10/multiprocessing/process.py", line 314, in _bootstrap
    self.run()
  File "/usr/lib/python3.10/multiprocessing/process.py", line 314, in _bootstrap
    self.run()
  File "/usr/lib/python3.10/multiprocessing/process.py", line 108, in run
    self._target(*self._args, **self._kwargs)
  File "/usr/lib/python3.10/multiprocessing/process.py", line 314, in _bootstrap
    self.run()
  File "/usr/lib/python3.10/multiprocessing/process.py", line 314, in _bootstrap
    self.run()
  File "/usr/lib/python3.10/multiprocessing/process.py", line 314, in _bootstrap
    self.run()
  File "/usr/lib/python3.10/multiprocessing/process.py", line 314, in _bootstrap
    self.run()
  File "/usr/lib/python3.10/multiprocessing/process.py", line 108, in run
    self._target(*self._args, **self._kwargs)
  File "/usr/lib/python3.10/multiprocessing/process.py", line 314, in _bootstrap
    self.run()
  File "/usr/lib/python3.10/multiprocessing/process.py", line 314, in _bootstrap
    self.run()
  File "/usr/lib/python3.10/multiprocessing/process.py", line 108, in run
    self._target(*self._args, **self._kwargs)
  File "/usr/lib/python3.10/concurrent/futures/process.py", line 240, in _process_worker
    call_item = call_queue.get(block=True)
  File "/usr/lib/python3.10/multiprocessing/queues.py", line 102, in get
    with self._rlock:
  File "/usr/lib/python3.10/multiprocessing/process.py", line 314, in _bootstrap
    self.run()
  File "/usr/lib/python3.10/multiprocessing/process.py", line 314, in _bootstrap
    self.run()
  File "/usr/lib/python3.10/multiprocessing/process.py", line 108, in run
    self._target(*self._args, **self._kwargs)
  File "/usr/lib/python3.10/multiprocessing/process.py", line 314, in _bootstrap
    self.run()
  File "/usr/lib/python3.10/multiprocessing/process.py", line 314, in _bootstrap
    self.run()
Traceback (most recent call last):
  File "/usr/lib/python3.10/multiprocessing/process.py", line 314, in _bootstrap
    self.run()
  File "/usr/lib/python3.10/multiprocessing/process.py", line 314, in _bootstrap
    self.run()
  File "/usr/lib/python3.10/multiprocessing/process.py", line 314, in _bootstrap
    self.run()
  File "/usr/lib/python3.10/multiprocessing/process.py", line 314, in _bootstrap
    self.run()

  File "/usr/lib/python3.10/multiprocessing/process.py", line 314, in _bootstrap
    self.run()
  File "/usr/lib/python3.10/multiprocessing/process.py", line 314, in _bootstrap
    self.run()
  File "/usr/lib/python3.10/multiprocessing/process.py", line 108, in run
    self._target(*self._args, **self._kwargs)
  File "/usr/lib/python3.10/multiprocessing/process.py", line 314, in _bootstrap
    self.run()
  File "/usr/lib/python3.10/multiprocessing/process.py", line 314, in _bootstrap
    self.run()
  File "/usr/lib/python3.10/multiprocessing/process.py", line 314, in _bootstrap
    self.run()
  File "/usr/lib/python3.10/multiprocessing/process.py", line 108, in run
    self._target(*self._args, **self._kwargs)
  File "/usr/lib/python3.10/concurrent/futures/process.py", line 240, in _process_worker
    call_item = call_queue.get(block=True)
  File "/usr/lib/python3.10/multiprocessing/queues.py", line 102, in get
    with self._rlock:
  File "/usr/lib/python3.10/multiprocessing/synchronize.py", line 95, in __enter__
    return self._semlock.__enter__()
  File "/usr/lib/python3.10/concurrent/futures/process.py", line 240, in _process_worker
    call_item = call_queue.get(block=True)
  File "/usr/lib/python3.10/multiprocessing/process.py", line 108, in run
    self._target(*self._args, **self._kwargs)
  File "/usr/lib/python3.10/multiprocessing/process.py", line 314, in _bootstrap
    self.run()
  File "/usr/lib/python3.10/multiprocessing/process.py", line 314, in _bootstrap
    self.run()
  File "/usr/lib/python3.10/multiprocessing/synchronize.py", line 95, in __enter__
    return self._semlock.__enter__()
  File "/usr/lib/python3.10/multiprocessing/process.py", line 314, in _bootstrap
    self.run()
  File "/usr/lib/python3.10/multiprocessing/process.py", line 108, in run
    self._target(*self._args, **self._kwargs)
  File "/usr/lib/python3.10/concurrent/futures/process.py", line 240, in _process_worker
    call_item = call_queue.get(block=True)
  File "/usr/lib/python3.10/multiprocessing/queues.py", line 102, in get
    with self._rlock:
  File "/usr/lib/python3.10/multiprocessing/process.py", line 314, in _bootstrap
    self.run()
  File "/usr/lib/python3.10/multiprocessing/process.py", line 108, in run
    self._target(*self._args, **self._kwargs)
  File "/usr/lib/python3.10/concurrent/futures/process.py", line 240, in _process_worker
    call_item = call_queue.get(block=True)
  File "/usr/lib/python3.10/multiprocessing/process.py", line 108, in run
    self._target(*self._args, **self._kwargs)
  File "/usr/lib/python3.10/multiprocessing/process.py", line 108, in run
    self._target(*self._args, **self._kwargs)
  File "/usr/lib/python3.10/multiprocessing/process.py", line 108, in run
    self._target(*self._args, **self._kwargs)
  File "/usr/lib/python3.10/multiprocessing/process.py", line 108, in run
    self._target(*self._args, **self._kwargs)
  File "/usr/lib/python3.10/concurrent/futures/process.py", line 240, in _process_worker
    call_item = call_queue.get(block=True)
  File "/usr/lib/python3.10/multiprocessing/queues.py", line 102, in get
    with self._rlock:
  File "/usr/lib/python3.10/multiprocessing/synchronize.py", line 95, in __enter__
    return self._semlock.__enter__()
  File "/usr/lib/python3.10/multiprocessing/synchronize.py", line 95, in __enter__
    return self._semlock.__enter__()
  File "/usr/lib/python3.10/multiprocessing/process.py", line 108, in run
    self._target(*self._args, **self._kwargs)
  File "/usr/lib/python3.10/multiprocessing/process.py", line 108, in run
    self._target(*self._args, **self._kwargs)
KeyboardInterrupt
  File "/usr/lib/python3.10/multiprocessing/process.py", line 108, in run
    self._target(*self._args, **self._kwargs)
  File "/usr/lib/python3.10/concurrent/futures/process.py", line 240, in _process_worker
    call_item = call_queue.get(block=True)
  File "/usr/lib/python3.10/multiprocessing/process.py", line 108, in run
    self._target(*self._args, **self._kwargs)
  File "/usr/lib/python3.10/concurrent/futures/process.py", line 240, in _process_worker
    call_item = call_queue.get(block=True)
  File "/usr/lib/python3.10/multiprocessing/process.py", line 108, in run
    self._target(*self._args, **self._kwargs)
  File "/usr/lib/python3.10/concurrent/futures/process.py", line 240, in _process_worker
    call_item = call_queue.get(block=True)
KeyboardInterrupt
  File "/usr/lib/python3.10/multiprocessing/process.py", line 108, in run
    self._target(*self._args, **self._kwargs)
  File "/usr/lib/python3.10/concurrent/futures/process.py", line 240, in _process_worker
    call_item = call_queue.get(block=True)
  File "/usr/lib/python3.10/multiprocessing/process.py", line 108, in run
    self._target(*self._args, **self._kwargs)
  File "/usr/lib/python3.10/concurrent/futures/process.py", line 240, in _process_worker
    call_item = call_queue.get(block=True)
  File "/usr/lib/python3.10/multiprocessing/process.py", line 108, in run
    self._target(*self._args, **self._kwargs)
  File "/usr/lib/python3.10/concurrent/futures/process.py", line 240, in _process_worker
    call_item = call_queue.get(block=True)
  File "/usr/lib/python3.10/multiprocessing/process.py", line 108, in run
    self._target(*self._args, **self._kwargs)
  File "/usr/lib/python3.10/concurrent/futures/process.py", line 240, in _process_worker
    call_item = call_queue.get(block=True)
  File "/usr/lib/python3.10/concurrent/futures/process.py", line 240, in _process_worker
    call_item = call_queue.get(block=True)
  File "/usr/lib/python3.10/multiprocessing/process.py", line 314, in _bootstrap
    self.run()
  File "/usr/lib/python3.10/multiprocessing/process.py", line 108, in run
    self._target(*self._args, **self._kwargs)
  File "/usr/lib/python3.10/multiprocessing/process.py", line 108, in run
    self._target(*self._args, **self._kwargs)
  File "/usr/lib/python3.10/concurrent/futures/process.py", line 240, in _process_worker
    call_item = call_queue.get(block=True)
  File "/usr/lib/python3.10/multiprocessing/process.py", line 108, in run
    self._target(*self._args, **self._kwargs)
  File "/usr/lib/python3.10/concurrent/futures/process.py", line 240, in _process_worker
    call_item = call_queue.get(block=True)
  File "/usr/lib/python3.10/multiprocessing/queues.py", line 102, in get
    with self._rlock:
  File "/usr/lib/python3.10/concurrent/futures/process.py", line 240, in _process_worker
    call_item = call_queue.get(block=True)
  File "/usr/lib/python3.10/multiprocessing/process.py", line 108, in run
    self._target(*self._args, **self._kwargs)
  File "/usr/lib/python3.10/multiprocessing/process.py", line 108, in run
    self._target(*self._args, **self._kwargs)
  File "/usr/lib/python3.10/concurrent/futures/process.py", line 240, in _process_worker
    call_item = call_queue.get(block=True)
  File "/usr/lib/python3.10/concurrent/futures/process.py", line 240, in _process_worker
    call_item = call_queue.get(block=True)
  File "/usr/lib/python3.10/multiprocessing/queues.py", line 102, in get
    with self._rlock:
  File "/usr/lib/python3.10/multiprocessing/synchronize.py", line 95, in __enter__
    return self._semlock.__enter__()
KeyboardInterrupt
  File "/usr/lib/python3.10/concurrent/futures/process.py", line 240, in _process_worker
    call_item = call_queue.get(block=True)
  File "/usr/lib/python3.10/multiprocessing/queues.py", line 102, in get
    with self._rlock:
  File "/usr/lib/python3.10/concurrent/futures/process.py", line 240, in _process_worker
    call_item = call_queue.get(block=True)
  File "/usr/lib/python3.10/multiprocessing/process.py", line 108, in run
    self._target(*self._args, **self._kwargs)
  File "/usr/lib/python3.10/concurrent/futures/process.py", line 240, in _process_worker
    call_item = call_queue.get(block=True)
  File "/usr/lib/python3.10/multiprocessing/queues.py", line 102, in get
    with self._rlock:
  File "/usr/lib/python3.10/multiprocessing/synchronize.py", line 95, in __enter__
    return self._semlock.__enter__()
KeyboardInterrupt
  File "/usr/lib/python3.10/multiprocessing/queues.py", line 102, in get
    with self._rlock:
  File "/usr/lib/python3.10/concurrent/futures/process.py", line 240, in _process_worker
    call_item = call_queue.get(block=True)
  File "/usr/lib/python3.10/multiprocessing/queues.py", line 102, in get
    with self._rlock:
  File "/usr/lib/python3.10/multiprocessing/synchronize.py", line 95, in __enter__
    return self._semlock.__enter__()
  File "/usr/lib/python3.10/multiprocessing/queues.py", line 103, in get
    res = self._recv_bytes()
  File "/usr/lib/python3.10/multiprocessing/process.py", line 108, in run
    self._target(*self._args, **self._kwargs)
  File "/usr/lib/python3.10/concurrent/futures/process.py", line 240, in _process_worker
    call_item = call_queue.get(block=True)
  File "/usr/lib/python3.10/multiprocessing/queues.py", line 102, in get
    with self._rlock:
  File "/usr/lib/python3.10/concurrent/futures/process.py", line 240, in _process_worker
    call_item = call_queue.get(block=True)
  File "/usr/lib/python3.10/multiprocessing/queues.py", line 102, in get
    with self._rlock:
  File "/usr/lib/python3.10/concurrent/futures/process.py", line 240, in _process_worker
    call_item = call_queue.get(block=True)
  File "/usr/lib/python3.10/multiprocessing/queues.py", line 102, in get
    with self._rlock:
KeyboardInterrupt
  File "/usr/lib/python3.10/concurrent/futures/process.py", line 240, in _process_worker
    call_item = call_queue.get(block=True)
KeyboardInterrupt
  File "/usr/lib/python3.10/multiprocessing/queues.py", line 102, in get
    with self._rlock:
  File "/usr/lib/python3.10/multiprocessing/queues.py", line 102, in get
    with self._rlock:
  File "/usr/lib/python3.10/multiprocessing/process.py", line 108, in run
    self._target(*self._args, **self._kwargs)
  File "/usr/lib/python3.10/multiprocessing/synchronize.py", line 95, in __enter__
    return self._semlock.__enter__()
  File "/usr/lib/python3.10/multiprocessing/queues.py", line 102, in get
    with self._rlock:
  File "/usr/lib/python3.10/multiprocessing/synchronize.py", line 95, in __enter__
    return self._semlock.__enter__()
  File "/usr/lib/python3.10/multiprocessing/queues.py", line 102, in get
    with self._rlock:
  File "/usr/lib/python3.10/multiprocessing/queues.py", line 102, in get
    with self._rlock:
  File "/usr/lib/python3.10/multiprocessing/synchronize.py", line 95, in __enter__
    return self._semlock.__enter__()
KeyboardInterrupt
  File "/usr/lib/python3.10/multiprocessing/queues.py", line 102, in get
    with self._rlock:
  File "/usr/lib/python3.10/multiprocessing/synchronize.py", line 95, in __enter__
    return self._semlock.__enter__()
  File "/usr/lib/python3.10/concurrent/futures/process.py", line 240, in _process_worker
    call_item = call_queue.get(block=True)
  File "/usr/lib/python3.10/multiprocessing/queues.py", line 102, in get
    with self._rlock:
  File "/usr/lib/python3.10/concurrent/futures/process.py", line 240, in _process_worker
    call_item = call_queue.get(block=True)
  File "/usr/lib/python3.10/multiprocessing/queues.py", line 102, in get
    with self._rlock:
  File "/usr/lib/python3.10/multiprocessing/synchronize.py", line 95, in __enter__
    return self._semlock.__enter__()
  File "/usr/lib/python3.10/multiprocessing/synchronize.py", line 95, in __enter__
    return self._semlock.__enter__()
  File "/usr/lib/python3.10/concurrent/futures/process.py", line 240, in _process_worker
    call_item = call_queue.get(block=True)
  File "/usr/lib/python3.10/multiprocessing/queues.py", line 102, in get
    with self._rlock:
  File "/usr/lib/python3.10/multiprocessing/queues.py", line 102, in get
    with self._rlock:
  File "/usr/lib/python3.10/multiprocessing/synchronize.py", line 95, in __enter__
    return self._semlock.__enter__()
  File "/usr/lib/python3.10/multiprocessing/queues.py", line 102, in get
    with self._rlock:
  File "/usr/lib/python3.10/multiprocessing/synchronize.py", line 95, in __enter__
    return self._semlock.__enter__()
  File "/usr/lib/python3.10/concurrent/futures/process.py", line 240, in _process_worker
    call_item = call_queue.get(block=True)
  File "/usr/lib/python3.10/multiprocessing/queues.py", line 102, in get
    with self._rlock:
KeyboardInterrupt
  File "/usr/lib/python3.10/multiprocessing/synchronize.py", line 95, in __enter__
    return self._semlock.__enter__()
  File "/usr/lib/python3.10/multiprocessing/synchronize.py", line 95, in __enter__
    return self._semlock.__enter__()
KeyboardInterrupt
  File "/usr/lib/python3.10/multiprocessing/queues.py", line 102, in get
    with self._rlock:
  File "/usr/lib/python3.10/multiprocessing/synchronize.py", line 95, in __enter__
    return self._semlock.__enter__()
  File "/usr/lib/python3.10/multiprocessing/synchronize.py", line 95, in __enter__
    return self._semlock.__enter__()
KeyboardInterrupt
  File "/usr/lib/python3.10/multiprocessing/connection.py", line 216, in recv_bytes
    buf = self._recv_bytes(maxlength)
  File "/usr/lib/python3.10/multiprocessing/connection.py", line 414, in _recv_bytes
    buf = self._recv(4)
  File "/usr/lib/python3.10/multiprocessing/connection.py", line 379, in _recv
    chunk = read(handle, remaining)
  File "/usr/lib/python3.10/multiprocessing/synchronize.py", line 95, in __enter__
    return self._semlock.__enter__()
KeyboardInterrupt
KeyboardInterrupt
  File "/usr/lib/python3.10/multiprocessing/synchronize.py", line 95, in __enter__
    return self._semlock.__enter__()
Successfully saved checkpoint and config in runs/hardy-jazz-3.
wandb: - 0.014 MB of 0.014 MB uploadedwandb: \ 0.014 MB of 0.025 MB uploadedwandb: | 0.014 MB of 0.025 MB uploadedwandb: / 0.025 MB of 0.025 MB uploadedwandb:                                                                                
wandb: 
wandb: Run history:
wandb:         grad_norm ▃▁▁█▄▆▅█▄▅▅▃▂▂▄▂▆▂▂▁▂▁▂▂▂▂▂▂▁▂▂▂▁▂▁▂▂▂▂▂
wandb:                lr ▁▃▅█████████████████████████████████████
wandb:         num_iters ▁
wandb:        num_params ▁
wandb:        num_tokens ▁
wandb:     time_per_iter █▁▂▁▂▁▂▂▁▂▁▂▁▁▂▁▂▁▂▁▁▂▁▂▁▂▂▁▂▁▂▁▂▂▁▂▁▂▁▁
wandb:       tokens_seen ▁▁▁▂▂▂▂▂▂▃▃▃▃▃▄▄▄▄▄▄▅▅▅▅▅▅▆▆▆▆▆▇▇▇▇▇▇███
wandb:        train_loss █▆▆▆▄▅▃▃▂▂▂▂▂▂▂▂▁▁▁▁▁▁▁▁▁▁▁▁▁▁▁▁▁▁▁▁▁▁▁▁
wandb:    use_flash_attn ▁
wandb: use_torch_compile ▁
wandb:          val_loss █▆▆▅▄▄▃▂▂▂▂▂▂▂▂▂▁▁▁▁▁▁▁▁▁▁▁▁▁▁▁▁▁▁▁▁▁▁▁▁
wandb: 
wandb: Run summary:
wandb:             dtype bfloat16
wandb:         grad_norm 0.18769
wandb:                lr 0.001
wandb:         num_iters 12419
wandb:        num_params 7251561
wandb:        num_tokens 813891584
wandb:     time_per_iter 0.08008
wandb:       tokens_seen 812646400
wandb:        train_loss 2.46812
wandb:    use_flash_attn True
wandb: use_torch_compile True
wandb:          val_loss 2.46618
wandb: 
wandb: 🚀 View run hardy-jazz-3 at: https://wandb.ai/alexandretl/hash-hop-hub/runs/ay6bw8kx
wandb: ⭐️ View project at: https://wandb.ai/alexandretl/hash-hop-hub
wandb: Synced 5 W&B file(s), 0 media file(s), 0 artifact file(s) and 0 other file(s)
wandb: Find logs at: ./wandb/run-20240903_144532-ay6bw8kx/logs
wandb: WARNING The new W&B backend becomes opt-out in version 0.18.0; try it out with `wandb.require("core")`! See https://wandb.me/wandb-core for more information.
