wandb: Using wandb-core as the SDK backend. Please refer to https://wandb.me/wandb-core for more information.
wandb: Currently logged in as: alexandretl. Use `wandb login --relogin` to force relogin
wandb: Tracking run with wandb version 0.18.3
wandb: Run data is saved locally in /workspace/hash-hop-hub/wandb/run-20241011_124358-z5lqxlar
wandb: Run `wandb offline` to turn off syncing.
wandb: Syncing run astral-bird-80
wandb: ⭐️ View project at https://wandb.ai/alexandretl/hash-hop-hub
wandb: 🚀 View run at https://wandb.ai/alexandretl/hash-hop-hub/runs/z5lqxlar
Run name: astral-bird-80.
Tokens processed per iteration: 262144
Number of micro batches: 16
Model initialized. Number of parameters : 84978432.
Training is starting.
Iter 0000/4768. train loss: 4.348. valid loss: 4.343. lr: 0.00000. 87560 tok/s. uptime: 00h00min. ETA: -1h59min
Iter 0012/4768. train loss: 3.900. valid loss: 3.898. lr: 0.00002. 97473 tok/s. uptime: 00h00min. ETA: 03h47min
Iter 0024/4768. train loss: 3.853. valid loss: 3.855. lr: 0.00004. 97434 tok/s. uptime: 00h01min. ETA: 03h47min
Iter 0036/4768. train loss: 3.850. valid loss: 3.848. lr: 0.00006. 97584 tok/s. uptime: 00h01min. ETA: 03h47min
Iter 0048/4768. train loss: 3.835. valid loss: 3.835. lr: 0.00007. 97831 tok/s. uptime: 00h02min. ETA: 03h46min
Iter 0060/4768. train loss: 3.818. valid loss: 3.812. lr: 0.00009. 98223 tok/s. uptime: 00h02min. ETA: 03h45min
Iter 0072/4768. train loss: 3.691. valid loss: 3.663. lr: 0.00011. 97919 tok/s. uptime: 00h03min. ETA: 03h44min
Iter 0084/4768. train loss: 3.503. valid loss: 3.497. lr: 0.00013. 98403 tok/s. uptime: 00h04min. ETA: 03h44min
Iter 0096/4768. train loss: 3.480. valid loss: 3.484. lr: 0.00015. 98007 tok/s. uptime: 00h04min. ETA: 03h43min
Iter 0108/4768. train loss: 3.483. valid loss: 3.483. lr: 0.00016. 97749 tok/s. uptime: 00h05min. ETA: 03h43min
Iter 0120/4768. train loss: 3.481. valid loss: 3.483. lr: 0.00018. 97932 tok/s. uptime: 00h05min. ETA: 03h42min
Iter 0132/4768. train loss: 3.480. valid loss: 3.480. lr: 0.00020. 97874 tok/s. uptime: 00h06min. ETA: 03h41min
Iter 0144/4768. train loss: 3.485. valid loss: 3.478. lr: 0.00022. 98081 tok/s. uptime: 00h06min. ETA: 03h41min
Iter 0156/4768. train loss: 3.471. valid loss: 3.477. lr: 0.00024. 97938 tok/s. uptime: 00h07min. ETA: 03h40min
Iter 0168/4768. train loss: 3.484. valid loss: 3.478. lr: 0.00025. 98074 tok/s. uptime: 00h08min. ETA: 03h40min
Iter 0180/4768. train loss: 3.478. valid loss: 3.475. lr: 0.00027. 97551 tok/s. uptime: 00h08min. ETA: 03h39min
Iter 0192/4768. train loss: 3.483. valid loss: 3.482. lr: 0.00029. 97862 tok/s. uptime: 00h09min. ETA: 03h38min
Iter 0204/4768. train loss: 3.478. valid loss: 3.472. lr: 0.00030. 98070 tok/s. uptime: 00h09min. ETA: 03h38min
Iter 0216/4768. train loss: 3.477. valid loss: 3.471. lr: 0.00030. 97578 tok/s. uptime: 00h10min. ETA: 03h37min
Iter 0228/4768. train loss: 3.470. valid loss: 3.472. lr: 0.00030. 97820 tok/s. uptime: 00h10min. ETA: 03h37min
Iter 0240/4768. train loss: 3.476. valid loss: 3.465. lr: 0.00030. 98285 tok/s. uptime: 00h11min. ETA: 03h36min
Iter 0252/4768. train loss: 3.472. valid loss: 3.468. lr: 0.00030. 97566 tok/s. uptime: 00h12min. ETA: 03h35min
Iter 0264/4768. train loss: 3.464. valid loss: 3.461. lr: 0.00030. 98255 tok/s. uptime: 00h12min. ETA: 03h35min
Iter 0276/4768. train loss: 3.463. valid loss: 3.461. lr: 0.00030. 98233 tok/s. uptime: 00h13min. ETA: 03h34min
Iter 0288/4768. train loss: 3.464. valid loss: 3.459. lr: 0.00030. 97857 tok/s. uptime: 00h13min. ETA: 03h34min
Iter 0300/4768. train loss: 3.467. valid loss: 3.461. lr: 0.00030. 98548 tok/s. uptime: 00h14min. ETA: 03h33min
Iter 0312/4768. train loss: 3.453. valid loss: 3.456. lr: 0.00030. 98132 tok/s. uptime: 00h14min. ETA: 03h33min
Iter 0324/4768. train loss: 3.448. valid loss: 3.453. lr: 0.00030. 97975 tok/s. uptime: 00h15min. ETA: 03h32min
Iter 0336/4768. train loss: 3.440. valid loss: 3.442. lr: 0.00030. 98258 tok/s. uptime: 00h16min. ETA: 03h31min
Iter 0348/4768. train loss: 3.442. valid loss: 3.445. lr: 0.00030. 97790 tok/s. uptime: 00h16min. ETA: 03h31min
Iter 0360/4768. train loss: 3.428. valid loss: 3.439. lr: 0.00030. 98117 tok/s. uptime: 00h17min. ETA: 03h30min
Iter 0372/4768. train loss: 3.401. valid loss: 3.404. lr: 0.00030. 98107 tok/s. uptime: 00h17min. ETA: 03h30min
Iter 0384/4768. train loss: 3.343. valid loss: 3.333. lr: 0.00030. 98442 tok/s. uptime: 00h18min. ETA: 03h29min
Iter 0396/4768. train loss: 3.289. valid loss: 3.267. lr: 0.00030. 98261 tok/s. uptime: 00h18min. ETA: 03h28min
Iter 0408/4768. train loss: 3.237. valid loss: 3.221. lr: 0.00030. 98224 tok/s. uptime: 00h19min. ETA: 03h28min
Iter 0420/4768. train loss: 3.216. valid loss: 3.204. lr: 0.00030. 98778 tok/s. uptime: 00h20min. ETA: 03h27min
Iter 0432/4768. train loss: 3.196. valid loss: 3.171. lr: 0.00030. 98244 tok/s. uptime: 00h20min. ETA: 03h27min
Iter 0444/4768. train loss: 3.147. valid loss: 3.172. lr: 0.00030. 98003 tok/s. uptime: 00h21min. ETA: 03h26min
Iter 0456/4768. train loss: 3.150. valid loss: 3.137. lr: 0.00030. 98034 tok/s. uptime: 00h21min. ETA: 03h26min
Iter 0468/4768. train loss: 3.093. valid loss: 3.118. lr: 0.00030. 98218 tok/s. uptime: 00h22min. ETA: 03h25min
Iter 0480/4768. train loss: 3.047. valid loss: 3.041. lr: 0.00030. 97917 tok/s. uptime: 00h22min. ETA: 03h24min
Iter 0492/4768. train loss: 3.008. valid loss: 2.996. lr: 0.00030. 98060 tok/s. uptime: 00h23min. ETA: 03h24min
Iter 0504/4768. train loss: 2.954. valid loss: 2.937. lr: 0.00030. 98098 tok/s. uptime: 00h24min. ETA: 03h23min
Iter 0516/4768. train loss: 2.937. valid loss: 2.929. lr: 0.00030. 98527 tok/s. uptime: 00h24min. ETA: 03h23min
Iter 0528/4768. train loss: 2.918. valid loss: 2.912. lr: 0.00030. 98087 tok/s. uptime: 00h25min. ETA: 03h22min
Iter 0540/4768. train loss: 2.867. valid loss: 2.886. lr: 0.00030. 98819 tok/s. uptime: 00h25min. ETA: 03h21min
Iter 0552/4768. train loss: 2.860. valid loss: 2.875. lr: 0.00030. 98500 tok/s. uptime: 00h26min. ETA: 03h21min
Iter 0564/4768. train loss: 2.840. valid loss: 2.867. lr: 0.00030. 98118 tok/s. uptime: 00h26min. ETA: 03h20min
Iter 0576/4768. train loss: 2.848. valid loss: 2.821. lr: 0.00030. 98247 tok/s. uptime: 00h27min. ETA: 03h20min
Iter 0588/4768. train loss: 2.820. valid loss: 2.827. lr: 0.00030. 98266 tok/s. uptime: 00h28min. ETA: 03h19min
Iter 0600/4768. train loss: 2.801. valid loss: 2.802. lr: 0.00030. 98055 tok/s. uptime: 00h28min. ETA: 03h19min
Iter 0612/4768. train loss: 2.783. valid loss: 2.809. lr: 0.00030. 98790 tok/s. uptime: 00h29min. ETA: 03h18min
Iter 0624/4768. train loss: 2.807. valid loss: 2.800. lr: 0.00030. 98804 tok/s. uptime: 00h29min. ETA: 03h17min
Iter 0636/4768. train loss: 2.786. valid loss: 2.777. lr: 0.00030. 98783 tok/s. uptime: 00h30min. ETA: 03h17min
Iter 0648/4768. train loss: 2.773. valid loss: 2.764. lr: 0.00030. 98839 tok/s. uptime: 00h30min. ETA: 03h16min
Iter 0660/4768. train loss: 2.738. valid loss: 2.776. lr: 0.00030. 98749 tok/s. uptime: 00h31min. ETA: 03h16min
Iter 0672/4768. train loss: 2.785. valid loss: 2.768. lr: 0.00030. 98570 tok/s. uptime: 00h32min. ETA: 03h15min
Iter 0684/4768. train loss: 2.780. valid loss: 2.747. lr: 0.00030. 98132 tok/s. uptime: 00h32min. ETA: 03h14min
Iter 0696/4768. train loss: 2.756. valid loss: 2.727. lr: 0.00030. 98917 tok/s. uptime: 00h33min. ETA: 03h14min
Iter 0708/4768. train loss: 2.749. valid loss: 2.726. lr: 0.00030. 98492 tok/s. uptime: 00h33min. ETA: 03h13min
Iter 0720/4768. train loss: 2.722. valid loss: 2.725. lr: 0.00030. 98078 tok/s. uptime: 00h34min. ETA: 03h13min
Iter 0732/4768. train loss: 2.743. valid loss: 2.741. lr: 0.00030. 98152 tok/s. uptime: 00h34min. ETA: 03h12min
Iter 0744/4768. train loss: 2.722. valid loss: 2.731. lr: 0.00030. 97953 tok/s. uptime: 00h35min. ETA: 03h12min
Iter 0756/4768. train loss: 2.674. valid loss: 2.713. lr: 0.00030. 98207 tok/s. uptime: 00h36min. ETA: 03h11min
Iter 0768/4768. train loss: 2.714. valid loss: 2.704. lr: 0.00030. 98375 tok/s. uptime: 00h36min. ETA: 03h10min
Iter 0780/4768. train loss: 2.695. valid loss: 2.714. lr: 0.00030. 98678 tok/s. uptime: 00h37min. ETA: 03h10min
Iter 0792/4768. train loss: 2.715. valid loss: 2.698. lr: 0.00030. 98091 tok/s. uptime: 00h37min. ETA: 03h09min
Iter 0804/4768. train loss: 2.689. valid loss: 2.701. lr: 0.00030. 98027 tok/s. uptime: 00h38min. ETA: 03h09min
Iter 0816/4768. train loss: 2.685. valid loss: 2.693. lr: 0.00030. 98203 tok/s. uptime: 00h38min. ETA: 03h08min
Iter 0828/4768. train loss: 2.680. valid loss: 2.693. lr: 0.00030. 98039 tok/s. uptime: 00h39min. ETA: 03h08min
Iter 0840/4768. train loss: 2.675. valid loss: 2.680. lr: 0.00030. 97759 tok/s. uptime: 00h40min. ETA: 03h07min
Iter 0852/4768. train loss: 2.701. valid loss: 2.685. lr: 0.00030. 98878 tok/s. uptime: 00h40min. ETA: 03h06min
Iter 0864/4768. train loss: 2.676. valid loss: 2.684. lr: 0.00030. 98187 tok/s. uptime: 00h41min. ETA: 03h06min
Iter 0876/4768. train loss: 2.688. valid loss: 2.693. lr: 0.00030. 98092 tok/s. uptime: 00h41min. ETA: 03h05min
Iter 0888/4768. train loss: 2.674. valid loss: 2.669. lr: 0.00030. 98370 tok/s. uptime: 00h42min. ETA: 03h05min
Iter 0900/4768. train loss: 2.698. valid loss: 2.661. lr: 0.00030. 97999 tok/s. uptime: 00h42min. ETA: 03h04min
Iter 0912/4768. train loss: 2.667. valid loss: 2.655. lr: 0.00030. 98213 tok/s. uptime: 00h43min. ETA: 03h04min
Iter 0924/4768. train loss: 2.645. valid loss: 2.655. lr: 0.00030. 98316 tok/s. uptime: 00h44min. ETA: 03h03min
Iter 0936/4768. train loss: 2.670. valid loss: 2.663. lr: 0.00030. 98725 tok/s. uptime: 00h44min. ETA: 03h02min
Iter 0948/4768. train loss: 2.651. valid loss: 2.651. lr: 0.00030. 98256 tok/s. uptime: 00h45min. ETA: 03h02min
Iter 0960/4768. train loss: 2.656. valid loss: 2.640. lr: 0.00030. 98277 tok/s. uptime: 00h45min. ETA: 03h01min
Iter 0972/4768. train loss: 2.645. valid loss: 2.641. lr: 0.00030. 98102 tok/s. uptime: 00h46min. ETA: 03h01min
Iter 0984/4768. train loss: 2.636. valid loss: 2.650. lr: 0.00030. 98077 tok/s. uptime: 00h46min. ETA: 03h00min
Iter 0996/4768. train loss: 2.648. valid loss: 2.645. lr: 0.00030. 98594 tok/s. uptime: 00h47min. ETA: 03h00min
Iter 1008/4768. train loss: 2.621. valid loss: 2.644. lr: 0.00030. 98366 tok/s. uptime: 00h48min. ETA: 02h59min
Iter 1020/4768. train loss: 2.637. valid loss: 2.644. lr: 0.00030. 97756 tok/s. uptime: 00h48min. ETA: 02h59min
Iter 1032/4768. train loss: 2.612. valid loss: 2.640. lr: 0.00030. 98234 tok/s. uptime: 00h49min. ETA: 02h58min
Iter 1044/4768. train loss: 2.627. valid loss: 2.639. lr: 0.00030. 98193 tok/s. uptime: 00h49min. ETA: 02h58min
Iter 1056/4768. train loss: 2.645. valid loss: 2.629. lr: 0.00030. 98065 tok/s. uptime: 00h50min. ETA: 02h57min
Iter 1068/4768. train loss: 2.608. valid loss: 2.620. lr: 0.00030. 98081 tok/s. uptime: 00h51min. ETA: 02h57min
Iter 1080/4768. train loss: 2.628. valid loss: 2.619. lr: 0.00030. 98142 tok/s. uptime: 00h51min. ETA: 02h56min
Iter 1092/4768. train loss: 2.603. valid loss: 2.602. lr: 0.00030. 98194 tok/s. uptime: 00h52min. ETA: 02h55min
Iter 1104/4768. train loss: 2.614. valid loss: 2.622. lr: 0.00030. 97901 tok/s. uptime: 00h52min. ETA: 02h55min
Iter 1116/4768. train loss: 2.617. valid loss: 2.618. lr: 0.00030. 98169 tok/s. uptime: 00h53min. ETA: 02h54min
Iter 1128/4768. train loss: 2.617. valid loss: 2.623. lr: 0.00030. 98196 tok/s. uptime: 00h53min. ETA: 02h54min
Iter 1140/4768. train loss: 2.620. valid loss: 2.609. lr: 0.00030. 98744 tok/s. uptime: 00h54min. ETA: 02h53min
Iter 1152/4768. train loss: 2.619. valid loss: 2.599. lr: 0.00030. 97993 tok/s. uptime: 00h55min. ETA: 02h53min
Iter 1164/4768. train loss: 2.617. valid loss: 2.603. lr: 0.00030. 98763 tok/s. uptime: 00h55min. ETA: 02h52min
Iter 1176/4768. train loss: 2.601. valid loss: 2.603. lr: 0.00030. 97511 tok/s. uptime: 00h56min. ETA: 02h51min
Iter 1188/4768. train loss: 2.600. valid loss: 2.609. lr: 0.00030. 98235 tok/s. uptime: 00h56min. ETA: 02h51min
Iter 1200/4768. train loss: 2.604. valid loss: 2.616. lr: 0.00030. 98817 tok/s. uptime: 00h57min. ETA: 02h50min
Iter 1212/4768. train loss: 2.622. valid loss: 2.603. lr: 0.00030. 97984 tok/s. uptime: 00h57min. ETA: 02h50min
Iter 1224/4768. train loss: 2.595. valid loss: 2.599. lr: 0.00030. 98371 tok/s. uptime: 00h58min. ETA: 02h49min
Iter 1236/4768. train loss: 2.610. valid loss: 2.603. lr: 0.00030. 98227 tok/s. uptime: 00h59min. ETA: 02h48min
Iter 1248/4768. train loss: 2.618. valid loss: 2.593. lr: 0.00030. 97771 tok/s. uptime: 00h59min. ETA: 02h48min
Iter 1260/4768. train loss: 2.572. valid loss: 2.578. lr: 0.00030. 98435 tok/s. uptime: 01h00min. ETA: 02h47min
Iter 1272/4768. train loss: 2.574. valid loss: 2.592. lr: 0.00030. 97923 tok/s. uptime: 01h00min. ETA: 02h47min
Iter 1284/4768. train loss: 2.603. valid loss: 2.584. lr: 0.00030. 98053 tok/s. uptime: 01h01min. ETA: 02h46min
Iter 1296/4768. train loss: 2.577. valid loss: 2.575. lr: 0.00030. 98082 tok/s. uptime: 01h01min. ETA: 02h46min
Iter 1308/4768. train loss: 2.588. valid loss: 2.582. lr: 0.00030. 98351 tok/s. uptime: 01h02min. ETA: 02h45min
Iter 1320/4768. train loss: 2.595. valid loss: 2.581. lr: 0.00030. 98051 tok/s. uptime: 01h03min. ETA: 02h44min
Iter 1332/4768. train loss: 2.569. valid loss: 2.577. lr: 0.00030. 97945 tok/s. uptime: 01h03min. ETA: 02h44min
Iter 1344/4768. train loss: 2.584. valid loss: 2.576. lr: 0.00030. 98359 tok/s. uptime: 01h04min. ETA: 02h43min
Iter 1356/4768. train loss: 2.585. valid loss: 2.564. lr: 0.00030. 98479 tok/s. uptime: 01h04min. ETA: 02h43min
Iter 1368/4768. train loss: 2.558. valid loss: 2.569. lr: 0.00030. 97999 tok/s. uptime: 01h05min. ETA: 02h42min
Iter 1380/4768. train loss: 2.565. valid loss: 2.550. lr: 0.00030. 97662 tok/s. uptime: 01h06min. ETA: 02h42min
Iter 1392/4768. train loss: 2.567. valid loss: 2.582. lr: 0.00030. 98844 tok/s. uptime: 01h06min. ETA: 02h41min
Iter 1404/4768. train loss: 2.536. valid loss: 2.548. lr: 0.00030. 98109 tok/s. uptime: 01h07min. ETA: 02h40min
Iter 1416/4768. train loss: 2.563. valid loss: 2.548. lr: 0.00030. 98079 tok/s. uptime: 01h07min. ETA: 02h40min
Iter 1428/4768. train loss: 2.525. valid loss: 2.576. lr: 0.00030. 98014 tok/s. uptime: 01h08min. ETA: 02h39min
Iter 1440/4768. train loss: 2.558. valid loss: 2.533. lr: 0.00030. 97942 tok/s. uptime: 01h08min. ETA: 02h39min
Iter 1452/4768. train loss: 2.508. valid loss: 2.551. lr: 0.00030. 98065 tok/s. uptime: 01h09min. ETA: 02h38min
Iter 1464/4768. train loss: 2.514. valid loss: 2.537. lr: 0.00030. 98331 tok/s. uptime: 01h10min. ETA: 02h37min
Iter 1476/4768. train loss: 2.511. valid loss: 2.527. lr: 0.00030. 98024 tok/s. uptime: 01h10min. ETA: 02h37min
Iter 1488/4768. train loss: 2.495. valid loss: 2.502. lr: 0.00030. 98797 tok/s. uptime: 01h11min. ETA: 02h36min
Iter 1500/4768. train loss: 2.521. valid loss: 2.486. lr: 0.00030. 97843 tok/s. uptime: 01h11min. ETA: 02h36min
Iter 1512/4768. train loss: 2.492. valid loss: 2.514. lr: 0.00030. 98472 tok/s. uptime: 01h12min. ETA: 02h35min
Iter 1524/4768. train loss: 2.482. valid loss: 2.477. lr: 0.00030. 98228 tok/s. uptime: 01h12min. ETA: 02h35min
Iter 1536/4768. train loss: 2.456. valid loss: 2.483. lr: 0.00030. 97862 tok/s. uptime: 01h13min. ETA: 02h34min
Iter 1548/4768. train loss: 2.448. valid loss: 2.455. lr: 0.00030. 98098 tok/s. uptime: 01h14min. ETA: 02h33min
Iter 1560/4768. train loss: 2.519. valid loss: 2.443. lr: 0.00030. 98758 tok/s. uptime: 01h14min. ETA: 02h33min
Iter 1572/4768. train loss: 2.507. valid loss: 2.425. lr: 0.00030. 97903 tok/s. uptime: 01h15min. ETA: 02h32min
Iter 1584/4768. train loss: 2.415. valid loss: 2.428. lr: 0.00030. 98272 tok/s. uptime: 01h15min. ETA: 02h32min
Iter 1596/4768. train loss: 2.393. valid loss: 2.384. lr: 0.00030. 98498 tok/s. uptime: 01h16min. ETA: 02h31min
Iter 1608/4768. train loss: 2.320. valid loss: 2.259. lr: 0.00030. 97976 tok/s. uptime: 01h16min. ETA: 02h31min
Iter 1620/4768. train loss: 2.364. valid loss: 2.295. lr: 0.00030. 97785 tok/s. uptime: 01h17min. ETA: 02h30min
Iter 1632/4768. train loss: 2.245. valid loss: 2.274. lr: 0.00030. 98290 tok/s. uptime: 01h18min. ETA: 02h29min
Iter 1644/4768. train loss: 2.374. valid loss: 2.283. lr: 0.00030. 98049 tok/s. uptime: 01h18min. ETA: 02h29min
Iter 1656/4768. train loss: 2.251. valid loss: 2.304. lr: 0.00030. 98273 tok/s. uptime: 01h19min. ETA: 02h28min
Iter 1668/4768. train loss: 2.347. valid loss: 2.220. lr: 0.00030. 98229 tok/s. uptime: 01h19min. ETA: 02h28min
Iter 1680/4768. train loss: 2.278. valid loss: 2.264. lr: 0.00030. 98676 tok/s. uptime: 01h20min. ETA: 02h27min
Iter 1692/4768. train loss: 2.201. valid loss: 2.317. lr: 0.00030. 98142 tok/s. uptime: 01h20min. ETA: 02h27min
Iter 1704/4768. train loss: 2.182. valid loss: 2.139. lr: 0.00030. 98138 tok/s. uptime: 01h21min. ETA: 02h26min
Iter 1716/4768. train loss: 2.233. valid loss: 2.173. lr: 0.00030. 97889 tok/s. uptime: 01h22min. ETA: 02h25min
Iter 1728/4768. train loss: 2.290. valid loss: 2.174. lr: 0.00030. 98340 tok/s. uptime: 01h22min. ETA: 02h25min
Iter 1740/4768. train loss: 2.249. valid loss: 2.235. lr: 0.00030. 97993 tok/s. uptime: 01h23min. ETA: 02h24min
Iter 1752/4768. train loss: 2.348. valid loss: 2.191. lr: 0.00030. 98185 tok/s. uptime: 01h23min. ETA: 02h24min
Iter 1764/4768. train loss: 2.111. valid loss: 2.087. lr: 0.00030. 98749 tok/s. uptime: 01h24min. ETA: 02h23min
Iter 1776/4768. train loss: 1.732. valid loss: 2.206. lr: 0.00030. 98127 tok/s. uptime: 01h24min. ETA: 02h23min
Iter 1788/4768. train loss: 1.950. valid loss: 2.002. lr: 0.00030. 98694 tok/s. uptime: 01h25min. ETA: 02h22min
Iter 1800/4768. train loss: 2.211. valid loss: 2.116. lr: 0.00030. 98135 tok/s. uptime: 01h26min. ETA: 02h21min
Iter 1812/4768. train loss: 2.043. valid loss: 2.033. lr: 0.00030. 98194 tok/s. uptime: 01h26min. ETA: 02h21min
Iter 1824/4768. train loss: 2.098. valid loss: 1.920. lr: 0.00030. 97978 tok/s. uptime: 01h27min. ETA: 02h20min
Iter 1836/4768. train loss: 2.124. valid loss: 1.975. lr: 0.00030. 98839 tok/s. uptime: 01h27min. ETA: 02h20min
Iter 1848/4768. train loss: 2.085. valid loss: 1.879. lr: 0.00030. 97780 tok/s. uptime: 01h28min. ETA: 02h19min
Iter 1860/4768. train loss: 1.992. valid loss: 1.878. lr: 0.00030. 98150 tok/s. uptime: 01h28min. ETA: 02h18min
Iter 1872/4768. train loss: 1.743. valid loss: 1.918. lr: 0.00030. 98820 tok/s. uptime: 01h29min. ETA: 02h18min
Iter 1884/4768. train loss: 1.816. valid loss: 1.741. lr: 0.00030. 98292 tok/s. uptime: 01h30min. ETA: 02h17min
Iter 1896/4768. train loss: 1.969. valid loss: 1.676. lr: 0.00030. 98152 tok/s. uptime: 01h30min. ETA: 02h17min
Iter 1908/4768. train loss: 2.066. valid loss: 1.796. lr: 0.00030. 98703 tok/s. uptime: 01h31min. ETA: 02h16min
Iter 1920/4768. train loss: 1.747. valid loss: 1.887. lr: 0.00030. 98350 tok/s. uptime: 01h31min. ETA: 02h16min
Iter 1932/4768. train loss: 1.709. valid loss: 1.784. lr: 0.00030. 97924 tok/s. uptime: 01h32min. ETA: 02h15min
Iter 1944/4768. train loss: 1.614. valid loss: 1.831. lr: 0.00030. 98467 tok/s. uptime: 01h32min. ETA: 02h14min
Iter 1956/4768. train loss: 1.929. valid loss: 1.850. lr: 0.00030. 98334 tok/s. uptime: 01h33min. ETA: 02h14min
Iter 1968/4768. train loss: 2.021. valid loss: 1.752. lr: 0.00030. 98182 tok/s. uptime: 01h34min. ETA: 02h13min
Iter 1980/4768. train loss: 1.585. valid loss: 1.784. lr: 0.00030. 97753 tok/s. uptime: 01h34min. ETA: 02h13min
Iter 1992/4768. train loss: 1.672. valid loss: 1.651. lr: 0.00030. 97998 tok/s. uptime: 01h35min. ETA: 02h12min
Iter 2004/4768. train loss: 1.678. valid loss: 1.752. lr: 0.00030. 98283 tok/s. uptime: 01h35min. ETA: 02h12min
Iter 2016/4768. train loss: 1.739. valid loss: 1.645. lr: 0.00030. 97887 tok/s. uptime: 01h36min. ETA: 02h11min
Iter 2028/4768. train loss: 1.636. valid loss: 1.804. lr: 0.00030. 98631 tok/s. uptime: 01h37min. ETA: 02h11min
Iter 2040/4768. train loss: 1.665. valid loss: 1.777. lr: 0.00030. 98345 tok/s. uptime: 01h37min. ETA: 02h10min
Iter 2052/4768. train loss: 1.652. valid loss: 1.713. lr: 0.00030. 97902 tok/s. uptime: 01h38min. ETA: 02h09min
Iter 2064/4768. train loss: 1.686. valid loss: 1.637. lr: 0.00030. 98327 tok/s. uptime: 01h38min. ETA: 02h09min
Iter 2076/4768. train loss: 1.789. valid loss: 1.641. lr: 0.00030. 98186 tok/s. uptime: 01h39min. ETA: 02h08min
Iter 2088/4768. train loss: 1.506. valid loss: 1.607. lr: 0.00030. 98273 tok/s. uptime: 01h39min. ETA: 02h08min
Iter 2100/4768. train loss: 1.427. valid loss: 1.654. lr: 0.00030. 98441 tok/s. uptime: 01h40min. ETA: 02h07min
Iter 2112/4768. train loss: 1.595. valid loss: 1.631. lr: 0.00030. 98846 tok/s. uptime: 01h41min. ETA: 02h07min
Iter 2124/4768. train loss: 1.586. valid loss: 1.523. lr: 0.00030. 98077 tok/s. uptime: 01h41min. ETA: 02h06min
Iter 2136/4768. train loss: 1.561. valid loss: 1.497. lr: 0.00030. 97846 tok/s. uptime: 01h42min. ETA: 02h05min
Iter 2148/4768. train loss: 1.473. valid loss: 1.483. lr: 0.00030. 98203 tok/s. uptime: 01h42min. ETA: 02h05min
Iter 2160/4768. train loss: 1.446. valid loss: 1.516. lr: 0.00030. 98487 tok/s. uptime: 01h43min. ETA: 02h04min
Iter 2172/4768. train loss: 1.351. valid loss: 1.260. lr: 0.00030. 98307 tok/s. uptime: 01h43min. ETA: 02h04min
Iter 2184/4768. train loss: 1.353. valid loss: 1.357. lr: 0.00030. 97599 tok/s. uptime: 01h44min. ETA: 02h03min
Iter 2196/4768. train loss: 1.372. valid loss: 1.322. lr: 0.00030. 98261 tok/s. uptime: 01h45min. ETA: 02h03min
Iter 2208/4768. train loss: 1.292. valid loss: 1.025. lr: 0.00030. 97900 tok/s. uptime: 01h45min. ETA: 02h02min
Iter 2220/4768. train loss: 0.976. valid loss: 0.954. lr: 0.00030. 98079 tok/s. uptime: 01h46min. ETA: 02h01min
Iter 2232/4768. train loss: 1.064. valid loss: 1.036. lr: 0.00030. 98712 tok/s. uptime: 01h46min. ETA: 02h01min
Iter 2244/4768. train loss: 1.088. valid loss: 0.822. lr: 0.00030. 97705 tok/s. uptime: 01h47min. ETA: 02h00min
Iter 2256/4768. train loss: 0.675. valid loss: 0.789. lr: 0.00030. 98617 tok/s. uptime: 01h47min. ETA: 02h00min
Iter 2268/4768. train loss: 0.700. valid loss: 0.683. lr: 0.00030. 98056 tok/s. uptime: 01h48min. ETA: 01h59min
Iter 2280/4768. train loss: 0.683. valid loss: 0.616. lr: 0.00030. 98215 tok/s. uptime: 01h49min. ETA: 01h59min
Iter 2292/4768. train loss: 0.421. valid loss: 0.443. lr: 0.00030. 98318 tok/s. uptime: 01h49min. ETA: 01h58min
Iter 2304/4768. train loss: 0.398. valid loss: 0.321. lr: 0.00030. 98172 tok/s. uptime: 01h50min. ETA: 01h57min
Iter 2316/4768. train loss: 0.194. valid loss: 0.170. lr: 0.00030. 98502 tok/s. uptime: 01h50min. ETA: 01h57min
Iter 2328/4768. train loss: 0.087. valid loss: 0.107. lr: 0.00030. 98008 tok/s. uptime: 01h51min. ETA: 01h56min
Iter 2340/4768. train loss: 0.049. valid loss: 0.038. lr: 0.00030. 97662 tok/s. uptime: 01h51min. ETA: 01h56min
Iter 2352/4768. train loss: 0.025. valid loss: 0.027. lr: 0.00030. 98190 tok/s. uptime: 01h52min. ETA: 01h55min
Iter 2364/4768. train loss: 0.016. valid loss: 0.017. lr: 0.00030. 98227 tok/s. uptime: 01h53min. ETA: 01h55min
Iter 2376/4768. train loss: 0.013. valid loss: 0.011. lr: 0.00030. 98288 tok/s. uptime: 01h53min. ETA: 01h54min
Iter 2388/4768. train loss: 0.013. valid loss: 0.014. lr: 0.00030. 98428 tok/s. uptime: 01h54min. ETA: 01h53min
Iter 2400/4768. train loss: 0.022. valid loss: 0.015. lr: 0.00030. 98409 tok/s. uptime: 01h54min. ETA: 01h53min
Iter 2412/4768. train loss: 0.017. valid loss: 0.010. lr: 0.00030. 98151 tok/s. uptime: 01h55min. ETA: 01h52min
Iter 2424/4768. train loss: 0.008. valid loss: 0.008. lr: 0.00030. 98155 tok/s. uptime: 01h55min. ETA: 01h52min
Iter 2436/4768. train loss: 0.012. valid loss: 0.014. lr: 0.00030. 97971 tok/s. uptime: 01h56min. ETA: 01h51min
Iter 2448/4768. train loss: 0.009. valid loss: 0.011. lr: 0.00030. 97853 tok/s. uptime: 01h57min. ETA: 01h50min
Iter 2460/4768. train loss: 0.013. valid loss: 0.007. lr: 0.00030. 98101 tok/s. uptime: 01h57min. ETA: 01h50min
Iter 2472/4768. train loss: 0.009. valid loss: 0.013. lr: 0.00030. 97947 tok/s. uptime: 01h58min. ETA: 01h49min
Iter 2484/4768. train loss: 0.007. valid loss: 0.009. lr: 0.00030. 97925 tok/s. uptime: 01h58min. ETA: 01h49min
Iter 2496/4768. train loss: 0.007. valid loss: 0.009. lr: 0.00030. 98717 tok/s. uptime: 01h59min. ETA: 01h48min
Iter 2508/4768. train loss: 0.008. valid loss: 0.008. lr: 0.00030. 98699 tok/s. uptime: 01h59min. ETA: 01h48min
Iter 2520/4768. train loss: 0.009. valid loss: 0.006. lr: 0.00030. 98120 tok/s. uptime: 02h00min. ETA: 01h47min
Iter 2532/4768. train loss: 0.008. valid loss: 0.009. lr: 0.00030. 97990 tok/s. uptime: 02h01min. ETA: 01h46min
Iter 2544/4768. train loss: 0.011. valid loss: 0.008. lr: 0.00030. 98654 tok/s. uptime: 02h01min. ETA: 01h46min
Iter 2556/4768. train loss: 0.006. valid loss: 0.007. lr: 0.00030. 98052 tok/s. uptime: 02h02min. ETA: 01h45min
Iter 2568/4768. train loss: 0.007. valid loss: 0.007. lr: 0.00030. 97882 tok/s. uptime: 02h02min. ETA: 01h45min
Iter 2580/4768. train loss: 0.007. valid loss: 0.006. lr: 0.00030. 98039 tok/s. uptime: 02h03min. ETA: 01h44min
Iter 2592/4768. train loss: 0.011. valid loss: 0.007. lr: 0.00030. 98087 tok/s. uptime: 02h03min. ETA: 01h44min
Iter 2604/4768. train loss: 0.011. valid loss: 0.007. lr: 0.00030. 98305 tok/s. uptime: 02h04min. ETA: 01h43min
Iter 2616/4768. train loss: 0.007. valid loss: 0.006. lr: 0.00030. 98393 tok/s. uptime: 02h05min. ETA: 01h42min
Iter 2628/4768. train loss: 0.007. valid loss: 0.007. lr: 0.00030. 98497 tok/s. uptime: 02h05min. ETA: 01h42min
Iter 2640/4768. train loss: 0.008. valid loss: 0.008. lr: 0.00030. 97770 tok/s. uptime: 02h06min. ETA: 01h41min
Iter 2652/4768. train loss: 0.004. valid loss: 0.007. lr: 0.00030. 97874 tok/s. uptime: 02h06min. ETA: 01h41min
Iter 2664/4768. train loss: 0.004. valid loss: 0.007. lr: 0.00030. 98118 tok/s. uptime: 02h07min. ETA: 01h40min
Iter 2676/4768. train loss: 0.015. valid loss: 0.009. lr: 0.00030. 98001 tok/s. uptime: 02h07min. ETA: 01h40min
Iter 2688/4768. train loss: 0.006. valid loss: 0.014. lr: 0.00030. 98258 tok/s. uptime: 02h08min. ETA: 01h39min
Iter 2700/4768. train loss: 0.009. valid loss: 0.006. lr: 0.00030. 98791 tok/s. uptime: 02h09min. ETA: 01h38min
Iter 2712/4768. train loss: 0.005. valid loss: 0.006. lr: 0.00030. 97962 tok/s. uptime: 02h09min. ETA: 01h38min
Iter 2724/4768. train loss: 0.007. valid loss: 0.008. lr: 0.00030. 97698 tok/s. uptime: 02h10min. ETA: 01h37min
Iter 2736/4768. train loss: 0.004. valid loss: 0.009. lr: 0.00030. 97969 tok/s. uptime: 02h10min. ETA: 01h37min
Iter 2748/4768. train loss: 0.004. valid loss: 0.008. lr: 0.00030. 97960 tok/s. uptime: 02h11min. ETA: 01h36min
Iter 2760/4768. train loss: 0.007. valid loss: 0.004. lr: 0.00030. 98022 tok/s. uptime: 02h12min. ETA: 01h36min
Iter 2772/4768. train loss: 0.009. valid loss: 0.004. lr: 0.00030. 97634 tok/s. uptime: 02h12min. ETA: 01h35min
Iter 2784/4768. train loss: 0.010. valid loss: 0.004. lr: 0.00030. 97822 tok/s. uptime: 02h13min. ETA: 01h34min
Iter 2796/4768. train loss: 0.006. valid loss: 0.006. lr: 0.00030. 98315 tok/s. uptime: 02h13min. ETA: 01h34min
Iter 2808/4768. train loss: 0.005. valid loss: 0.008. lr: 0.00030. 98842 tok/s. uptime: 02h14min. ETA: 01h33min
Iter 2820/4768. train loss: 0.005. valid loss: 0.004. lr: 0.00030. 97968 tok/s. uptime: 02h14min. ETA: 01h33min
Iter 2832/4768. train loss: 0.002. valid loss: 0.004. lr: 0.00030. 98717 tok/s. uptime: 02h15min. ETA: 01h32min
Iter 2844/4768. train loss: 0.003. valid loss: 0.011. lr: 0.00030. 97880 tok/s. uptime: 02h16min. ETA: 01h32min
Iter 2856/4768. train loss: 0.005. valid loss: 0.006. lr: 0.00030. 98256 tok/s. uptime: 02h16min. ETA: 01h31min
Iter 2868/4768. train loss: 0.008. valid loss: 0.004. lr: 0.00030. 98239 tok/s. uptime: 02h17min. ETA: 01h30min
Iter 2880/4768. train loss: 0.004. valid loss: 0.007. lr: 0.00030. 98187 tok/s. uptime: 02h17min. ETA: 01h30min
Iter 2892/4768. train loss: 0.004. valid loss: 0.004. lr: 0.00030. 97965 tok/s. uptime: 02h18min. ETA: 01h29min
Iter 2904/4768. train loss: 0.006. valid loss: 0.006. lr: 0.00030. 98863 tok/s. uptime: 02h18min. ETA: 01h29min
Iter 2916/4768. train loss: 0.006. valid loss: 0.004. lr: 0.00030. 98570 tok/s. uptime: 02h19min. ETA: 01h28min
Iter 2928/4768. train loss: 0.002. valid loss: 0.005. lr: 0.00030. 98260 tok/s. uptime: 02h20min. ETA: 01h28min
Iter 2940/4768. train loss: 0.003. valid loss: 0.003. lr: 0.00030. 98351 tok/s. uptime: 02h20min. ETA: 01h27min
Iter 2952/4768. train loss: 0.005. valid loss: 0.004. lr: 0.00030. 98178 tok/s. uptime: 02h21min. ETA: 01h26min
Iter 2964/4768. train loss: 0.003. valid loss: 0.004. lr: 0.00030. 98061 tok/s. uptime: 02h21min. ETA: 01h26min
Iter 2976/4768. train loss: 0.005. valid loss: 0.003. lr: 0.00030. 97737 tok/s. uptime: 02h22min. ETA: 01h25min
Iter 2988/4768. train loss: 0.006. valid loss: 0.004. lr: 0.00030. 98039 tok/s. uptime: 02h22min. ETA: 01h25min
Iter 3000/4768. train loss: 0.003. valid loss: 0.003. lr: 0.00030. 97680 tok/s. uptime: 02h23min. ETA: 01h24min
Iter 3012/4768. train loss: 0.002. valid loss: 0.005. lr: 0.00030. 98176 tok/s. uptime: 02h24min. ETA: 01h24min
Iter 3024/4768. train loss: 0.007. valid loss: 0.003. lr: 0.00030. 98061 tok/s. uptime: 02h24min. ETA: 01h23min
Iter 3036/4768. train loss: 0.002. valid loss: 0.004. lr: 0.00030. 97900 tok/s. uptime: 02h25min. ETA: 01h22min
Iter 3048/4768. train loss: 0.002. valid loss: 0.004. lr: 0.00030. 97577 tok/s. uptime: 02h25min. ETA: 01h22min
Iter 3060/4768. train loss: 0.005. valid loss: 0.002. lr: 0.00030. 98230 tok/s. uptime: 02h26min. ETA: 01h21min
Iter 3072/4768. train loss: 0.003. valid loss: 0.004. lr: 0.00030. 98415 tok/s. uptime: 02h27min. ETA: 01h21min
Iter 3084/4768. train loss: 0.003. valid loss: 0.003. lr: 0.00030. 98270 tok/s. uptime: 02h27min. ETA: 01h20min
Iter 3096/4768. train loss: 0.006. valid loss: 0.004. lr: 0.00030. 98082 tok/s. uptime: 02h28min. ETA: 01h20min
Iter 3108/4768. train loss: 0.004. valid loss: 0.004. lr: 0.00030. 98813 tok/s. uptime: 02h28min. ETA: 01h19min
Iter 3120/4768. train loss: 0.002. valid loss: 0.003. lr: 0.00030. 97917 tok/s. uptime: 02h29min. ETA: 01h18min
Iter 3132/4768. train loss: 0.004. valid loss: 0.003. lr: 0.00030. 98690 tok/s. uptime: 02h29min. ETA: 01h18min
Iter 3144/4768. train loss: 0.004. valid loss: 0.003. lr: 0.00030. 98521 tok/s. uptime: 02h30min. ETA: 01h17min
Iter 3156/4768. train loss: 0.004. valid loss: 0.002. lr: 0.00030. 98799 tok/s. uptime: 02h31min. ETA: 01h17min
Iter 3168/4768. train loss: 0.003. valid loss: 0.002. lr: 0.00030. 98228 tok/s. uptime: 02h31min. ETA: 01h16min
Iter 3180/4768. train loss: 0.002. valid loss: 0.005. lr: 0.00030. 98209 tok/s. uptime: 02h32min. ETA: 01h16min
Iter 3192/4768. train loss: 0.003. valid loss: 0.004. lr: 0.00030. 98684 tok/s. uptime: 02h32min. ETA: 01h15min
Iter 3204/4768. train loss: 0.005. valid loss: 0.004. lr: 0.00030. 98370 tok/s. uptime: 02h33min. ETA: 01h14min
Iter 3216/4768. train loss: 0.005. valid loss: 0.005. lr: 0.00030. 98740 tok/s. uptime: 02h33min. ETA: 01h14min
Iter 3228/4768. train loss: 0.002. valid loss: 0.009. lr: 0.00030. 98778 tok/s. uptime: 02h34min. ETA: 01h13min
Iter 3240/4768. train loss: 0.003. valid loss: 0.003. lr: 0.00030. 98804 tok/s. uptime: 02h35min. ETA: 01h13min
Iter 3252/4768. train loss: 0.004. valid loss: 0.003. lr: 0.00030. 97885 tok/s. uptime: 02h35min. ETA: 01h12min
Iter 3264/4768. train loss: 0.003. valid loss: 0.004. lr: 0.00030. 98851 tok/s. uptime: 02h36min. ETA: 01h11min
Iter 3276/4768. train loss: 0.004. valid loss: 0.004. lr: 0.00030. 98755 tok/s. uptime: 02h36min. ETA: 01h11min
Iter 3288/4768. train loss: 0.002. valid loss: 0.004. lr: 0.00030. 97986 tok/s. uptime: 02h37min. ETA: 01h10min
Iter 3300/4768. train loss: 0.001. valid loss: 0.002. lr: 0.00030. 98072 tok/s. uptime: 02h37min. ETA: 01h10min
Iter 3312/4768. train loss: 0.003. valid loss: 0.002. lr: 0.00030. 98203 tok/s. uptime: 02h38min. ETA: 01h09min
Iter 3324/4768. train loss: 0.006. valid loss: 0.004. lr: 0.00030. 98009 tok/s. uptime: 02h39min. ETA: 01h09min
Iter 3336/4768. train loss: 0.004. valid loss: 0.004. lr: 0.00030. 98110 tok/s. uptime: 02h39min. ETA: 01h08min
Iter 3348/4768. train loss: 0.002. valid loss: 0.003. lr: 0.00030. 98362 tok/s. uptime: 02h40min. ETA: 01h07min
Iter 3360/4768. train loss: 0.004. valid loss: 0.005. lr: 0.00030. 97738 tok/s. uptime: 02h40min. ETA: 01h07min
Iter 3372/4768. train loss: 0.004. valid loss: 0.004. lr: 0.00030. 98028 tok/s. uptime: 02h41min. ETA: 01h06min
Iter 3384/4768. train loss: 0.004. valid loss: 0.002. lr: 0.00030. 98306 tok/s. uptime: 02h41min. ETA: 01h06min
Iter 3396/4768. train loss: 0.002. valid loss: 0.002. lr: 0.00030. 98054 tok/s. uptime: 02h42min. ETA: 01h05min
Iter 3408/4768. train loss: 0.005. valid loss: 0.002. lr: 0.00030. 97996 tok/s. uptime: 02h43min. ETA: 01h05min
Iter 3420/4768. train loss: 0.006. valid loss: 0.003. lr: 0.00030. 97986 tok/s. uptime: 02h43min. ETA: 01h04min
Iter 3432/4768. train loss: 0.003. valid loss: 0.002. lr: 0.00030. 97521 tok/s. uptime: 02h44min. ETA: 01h03min
Iter 3444/4768. train loss: 0.005. valid loss: 0.002. lr: 0.00030. 98792 tok/s. uptime: 02h44min. ETA: 01h03min
Iter 3456/4768. train loss: 0.003. valid loss: 0.004. lr: 0.00030. 98212 tok/s. uptime: 02h45min. ETA: 01h02min
Iter 3468/4768. train loss: 0.002. valid loss: 0.002. lr: 0.00030. 97798 tok/s. uptime: 02h45min. ETA: 01h02min
Iter 3480/4768. train loss: 0.003. valid loss: 0.003. lr: 0.00030. 98495 tok/s. uptime: 02h46min. ETA: 01h01min
Iter 3492/4768. train loss: 0.001. valid loss: 0.001. lr: 0.00030. 97882 tok/s. uptime: 02h47min. ETA: 01h01min
Iter 3504/4768. train loss: 0.003. valid loss: 0.002. lr: 0.00030. 97923 tok/s. uptime: 02h47min. ETA: 01h00min
Iter 3516/4768. train loss: 0.002. valid loss: 0.002. lr: 0.00030. 98000 tok/s. uptime: 02h48min. ETA: 00h59min
Iter 3528/4768. train loss: 0.001. valid loss: 0.003. lr: 0.00030. 97794 tok/s. uptime: 02h48min. ETA: 00h59min
Iter 3540/4768. train loss: 0.001. valid loss: 0.003. lr: 0.00030. 97926 tok/s. uptime: 02h49min. ETA: 00h58min
Iter 3552/4768. train loss: 0.005. valid loss: 0.002. lr: 0.00030. 98786 tok/s. uptime: 02h49min. ETA: 00h58min
Iter 3564/4768. train loss: 0.002. valid loss: 0.003. lr: 0.00030. 98562 tok/s. uptime: 02h50min. ETA: 00h57min
Iter 3576/4768. train loss: 0.003. valid loss: 0.003. lr: 0.00030. 98599 tok/s. uptime: 02h51min. ETA: 00h57min
Iter 3588/4768. train loss: 0.005. valid loss: 0.004. lr: 0.00030. 98595 tok/s. uptime: 02h51min. ETA: 00h56min
Iter 3600/4768. train loss: 0.003. valid loss: 0.002. lr: 0.00030. 98718 tok/s. uptime: 02h52min. ETA: 00h55min
Iter 3612/4768. train loss: 0.001. valid loss: 0.002. lr: 0.00030. 98551 tok/s. uptime: 02h52min. ETA: 00h55min
Iter 3624/4768. train loss: 0.002. valid loss: 0.002. lr: 0.00030. 98556 tok/s. uptime: 02h53min. ETA: 00h54min
Iter 3636/4768. train loss: 0.001. valid loss: 0.002. lr: 0.00030. 98190 tok/s. uptime: 02h53min. ETA: 00h54min
Iter 3648/4768. train loss: 0.001. valid loss: 0.002. lr: 0.00030. 98520 tok/s. uptime: 02h54min. ETA: 00h53min
Iter 3660/4768. train loss: 0.002. valid loss: 0.003. lr: 0.00030. 98592 tok/s. uptime: 02h55min. ETA: 00h53min
Iter 3672/4768. train loss: 0.001. valid loss: 0.004. lr: 0.00030. 98648 tok/s. uptime: 02h55min. ETA: 00h52min
Iter 3684/4768. train loss: 0.003. valid loss: 0.003. lr: 0.00030. 97833 tok/s. uptime: 02h56min. ETA: 00h51min
Iter 3696/4768. train loss: 0.002. valid loss: 0.004. lr: 0.00030. 98167 tok/s. uptime: 02h56min. ETA: 00h51min
Iter 3708/4768. train loss: 0.002. valid loss: 0.003. lr: 0.00030. 98201 tok/s. uptime: 02h57min. ETA: 00h50min
Iter 3720/4768. train loss: 0.001. valid loss: 0.001. lr: 0.00030. 98062 tok/s. uptime: 02h57min. ETA: 00h50min
Iter 3732/4768. train loss: 0.001. valid loss: 0.003. lr: 0.00030. 97883 tok/s. uptime: 02h58min. ETA: 00h49min
Iter 3744/4768. train loss: 0.001. valid loss: 0.002. lr: 0.00030. 97976 tok/s. uptime: 02h59min. ETA: 00h48min
Iter 3756/4768. train loss: 0.003. valid loss: 0.004. lr: 0.00030. 98646 tok/s. uptime: 02h59min. ETA: 00h48min
----- Starting cooldown -----
Iter 3768/4768. train loss: 0.004. valid loss: 0.003. lr: 0.00029. 98566 tok/s. uptime: 03h00min. ETA: 00h47min
Iter 3780/4768. train loss: 0.003. valid loss: 0.002. lr: 0.00027. 98815 tok/s. uptime: 03h01min. ETA: 00h47min
Iter 3792/4768. train loss: 0.000. valid loss: 0.002. lr: 0.00025. 97923 tok/s. uptime: 03h01min. ETA: 00h46min
Iter 3804/4768. train loss: 0.006. valid loss: 0.003. lr: 0.00024. 98887 tok/s. uptime: 03h02min. ETA: 00h46min
Iter 3816/4768. train loss: 0.002. valid loss: 0.001. lr: 0.00023. 98276 tok/s. uptime: 03h02min. ETA: 00h45min
Iter 3828/4768. train loss: 0.000. valid loss: 0.001. lr: 0.00023. 98202 tok/s. uptime: 03h03min. ETA: 00h45min
Iter 3840/4768. train loss: 0.001. valid loss: 0.001. lr: 0.00022. 97769 tok/s. uptime: 03h03min. ETA: 00h44min
Iter 3852/4768. train loss: 0.002. valid loss: 0.001. lr: 0.00021. 98053 tok/s. uptime: 03h04min. ETA: 00h43min
Iter 3864/4768. train loss: 0.002. valid loss: 0.001. lr: 0.00021. 98626 tok/s. uptime: 03h05min. ETA: 00h43min
Iter 3876/4768. train loss: 0.001. valid loss: 0.002. lr: 0.00020. 98709 tok/s. uptime: 03h05min. ETA: 00h42min
Iter 3888/4768. train loss: 0.001. valid loss: 0.001. lr: 0.00020. 98607 tok/s. uptime: 03h06min. ETA: 00h42min
Iter 3900/4768. train loss: 0.002. valid loss: 0.001. lr: 0.00019. 97947 tok/s. uptime: 03h06min. ETA: 00h41min
Iter 3912/4768. train loss: 0.000. valid loss: 0.001. lr: 0.00019. 97968 tok/s. uptime: 03h07min. ETA: 00h40min
Iter 3924/4768. train loss: 0.000. valid loss: 0.001. lr: 0.00018. 98271 tok/s. uptime: 03h07min. ETA: 00h40min
Iter 3936/4768. train loss: 0.001. valid loss: 0.002. lr: 0.00018. 98208 tok/s. uptime: 03h08min. ETA: 00h39min
Iter 3948/4768. train loss: 0.001. valid loss: 0.001. lr: 0.00017. 97760 tok/s. uptime: 03h09min. ETA: 00h39min
Iter 3960/4768. train loss: 0.000. valid loss: 0.001. lr: 0.00017. 97915 tok/s. uptime: 03h09min. ETA: 00h38min
Iter 3972/4768. train loss: 0.000. valid loss: 0.001. lr: 0.00016. 98110 tok/s. uptime: 03h10min. ETA: 00h38min
Iter 3984/4768. train loss: 0.002. valid loss: 0.001. lr: 0.00016. 97990 tok/s. uptime: 03h10min. ETA: 00h37min
Iter 3996/4768. train loss: 0.000. valid loss: 0.001. lr: 0.00016. 98748 tok/s. uptime: 03h11min. ETA: 00h36min
Iter 4008/4768. train loss: 0.000. valid loss: 0.001. lr: 0.00015. 97954 tok/s. uptime: 03h12min. ETA: 00h36min
Iter 4020/4768. train loss: 0.000. valid loss: 0.001. lr: 0.00015. 97840 tok/s. uptime: 03h12min. ETA: 00h35min
Iter 4032/4768. train loss: 0.002. valid loss: 0.002. lr: 0.00015. 97633 tok/s. uptime: 03h13min. ETA: 00h35min
Iter 4044/4768. train loss: 0.001. valid loss: 0.001. lr: 0.00014. 97689 tok/s. uptime: 03h13min. ETA: 00h34min
Iter 4056/4768. train loss: 0.000. valid loss: 0.001. lr: 0.00014. 97662 tok/s. uptime: 03h14min. ETA: 00h34min
Iter 4068/4768. train loss: 0.000. valid loss: 0.001. lr: 0.00014. 97672 tok/s. uptime: 03h14min. ETA: 00h33min
Iter 4080/4768. train loss: 0.000. valid loss: 0.001. lr: 0.00013. 97615 tok/s. uptime: 03h15min. ETA: 00h32min
Iter 4092/4768. train loss: 0.000. valid loss: 0.000. lr: 0.00013. 98015 tok/s. uptime: 03h16min. ETA: 00h32min
Iter 4104/4768. train loss: 0.000. valid loss: 0.001. lr: 0.00013. 98291 tok/s. uptime: 03h16min. ETA: 00h31min
Iter 4116/4768. train loss: 0.000. valid loss: 0.001. lr: 0.00012. 97979 tok/s. uptime: 03h17min. ETA: 00h31min
Iter 4128/4768. train loss: 0.001. valid loss: 0.000. lr: 0.00012. 97730 tok/s. uptime: 03h17min. ETA: 00h30min
Iter 4140/4768. train loss: 0.001. valid loss: 0.000. lr: 0.00012. 97912 tok/s. uptime: 03h18min. ETA: 00h30min
Iter 4152/4768. train loss: 0.002. valid loss: 0.001. lr: 0.00011. 97575 tok/s. uptime: 03h18min. ETA: 00h29min
Iter 4164/4768. train loss: 0.000. valid loss: 0.001. lr: 0.00011. 98218 tok/s. uptime: 03h19min. ETA: 00h28min
Iter 4176/4768. train loss: 0.000. valid loss: 0.000. lr: 0.00011. 98120 tok/s. uptime: 03h20min. ETA: 00h28min
Iter 4188/4768. train loss: 0.001. valid loss: 0.000. lr: 0.00011. 98692 tok/s. uptime: 03h20min. ETA: 00h27min
Iter 4200/4768. train loss: 0.000. valid loss: 0.000. lr: 0.00010. 97792 tok/s. uptime: 03h21min. ETA: 00h27min
Iter 4212/4768. train loss: 0.000. valid loss: 0.000. lr: 0.00010. 97948 tok/s. uptime: 03h21min. ETA: 00h26min
Iter 4224/4768. train loss: 0.002. valid loss: 0.001. lr: 0.00010. 97580 tok/s. uptime: 03h22min. ETA: 00h26min
Iter 4236/4768. train loss: 0.000. valid loss: 0.001. lr: 0.00009. 97588 tok/s. uptime: 03h22min. ETA: 00h25min
Iter 4248/4768. train loss: 0.001. valid loss: 0.000. lr: 0.00009. 98659 tok/s. uptime: 03h23min. ETA: 00h24min
Iter 4260/4768. train loss: 0.000. valid loss: 0.000. lr: 0.00009. 98629 tok/s. uptime: 03h24min. ETA: 00h24min
Iter 4272/4768. train loss: 0.000. valid loss: 0.000. lr: 0.00009. 97822 tok/s. uptime: 03h24min. ETA: 00h23min
Iter 4284/4768. train loss: 0.000. valid loss: 0.000. lr: 0.00008. 97886 tok/s. uptime: 03h25min. ETA: 00h23min
Iter 4296/4768. train loss: 0.000. valid loss: 0.000. lr: 0.00008. 98646 tok/s. uptime: 03h25min. ETA: 00h22min
Iter 4308/4768. train loss: 0.000. valid loss: 0.000. lr: 0.00008. 97874 tok/s. uptime: 03h26min. ETA: 00h22min
Iter 4320/4768. train loss: 0.000. valid loss: 0.000. lr: 0.00008. 98033 tok/s. uptime: 03h26min. ETA: 00h21min
Iter 4332/4768. train loss: 0.000. valid loss: 0.000. lr: 0.00007. 97672 tok/s. uptime: 03h27min. ETA: 00h20min
Iter 4344/4768. train loss: 0.000. valid loss: 0.000. lr: 0.00007. 97851 tok/s. uptime: 03h28min. ETA: 00h20min
Iter 4356/4768. train loss: 0.000. valid loss: 0.000. lr: 0.00007. 98267 tok/s. uptime: 03h28min. ETA: 00h19min
Iter 4368/4768. train loss: 0.000. valid loss: 0.000. lr: 0.00007. 98643 tok/s. uptime: 03h29min. ETA: 00h19min
Iter 4380/4768. train loss: 0.000. valid loss: 0.000. lr: 0.00007. 98477 tok/s. uptime: 03h29min. ETA: 00h18min
Iter 4392/4768. train loss: 0.000. valid loss: 0.000. lr: 0.00006. 97911 tok/s. uptime: 03h30min. ETA: 00h18min
Iter 4404/4768. train loss: 0.000. valid loss: 0.000. lr: 0.00006. 98604 tok/s. uptime: 03h30min. ETA: 00h17min
Iter 4416/4768. train loss: 0.000. valid loss: 0.000. lr: 0.00006. 98704 tok/s. uptime: 03h31min. ETA: 00h16min
Iter 4428/4768. train loss: 0.000. valid loss: 0.000. lr: 0.00006. 98864 tok/s. uptime: 03h32min. ETA: 00h16min
Iter 4440/4768. train loss: 0.000. valid loss: 0.000. lr: 0.00005. 98722 tok/s. uptime: 03h32min. ETA: 00h15min
Iter 4452/4768. train loss: 0.000. valid loss: 0.000. lr: 0.00005. 98606 tok/s. uptime: 03h33min. ETA: 00h15min
Iter 4464/4768. train loss: 0.000. valid loss: 0.000. lr: 0.00005. 98682 tok/s. uptime: 03h33min. ETA: 00h14min
Iter 4476/4768. train loss: 0.000. valid loss: 0.000. lr: 0.00005. 97588 tok/s. uptime: 03h34min. ETA: 00h13min
Iter 4488/4768. train loss: 0.000. valid loss: 0.000. lr: 0.00005. 97751 tok/s. uptime: 03h34min. ETA: 00h13min
Iter 4500/4768. train loss: 0.000. valid loss: 0.000. lr: 0.00004. 98026 tok/s. uptime: 03h35min. ETA: 00h12min
Iter 4512/4768. train loss: 0.000. valid loss: 0.000. lr: 0.00004. 98691 tok/s. uptime: 03h36min. ETA: 00h12min
Iter 4524/4768. train loss: 0.000. valid loss: 0.000. lr: 0.00004. 97911 tok/s. uptime: 03h36min. ETA: 00h11min
Iter 4536/4768. train loss: 0.000. valid loss: 0.000. lr: 0.00004. 98658 tok/s. uptime: 03h37min. ETA: 00h11min
Iter 4548/4768. train loss: 0.000. valid loss: 0.000. lr: 0.00003. 98120 tok/s. uptime: 03h37min. ETA: 00h10min
Iter 4560/4768. train loss: 0.000. valid loss: 0.000. lr: 0.00003. 98220 tok/s. uptime: 03h38min. ETA: 00h09min
Iter 4572/4768. train loss: 0.000. valid loss: 0.000. lr: 0.00003. 95636 tok/s. uptime: 03h38min. ETA: 00h09min
Iter 4584/4768. train loss: 0.000. valid loss: 0.000. lr: 0.00003. 97692 tok/s. uptime: 03h39min. ETA: 00h08min
Iter 4596/4768. train loss: 0.000. valid loss: 0.000. lr: 0.00003. 97712 tok/s. uptime: 03h40min. ETA: 00h08min
Iter 4608/4768. train loss: 0.001. valid loss: 0.000. lr: 0.00002. 98367 tok/s. uptime: 03h40min. ETA: 00h07min
Iter 4620/4768. train loss: 0.000. valid loss: 0.000. lr: 0.00002. 98137 tok/s. uptime: 03h41min. ETA: 00h07min
Iter 4632/4768. train loss: 0.000. valid loss: 0.000. lr: 0.00002. 98601 tok/s. uptime: 03h41min. ETA: 00h06min
Iter 4644/4768. train loss: 0.000. valid loss: 0.000. lr: 0.00002. 98837 tok/s. uptime: 03h42min. ETA: 00h05min
Iter 4656/4768. train loss: 0.000. valid loss: 0.000. lr: 0.00002. 98662 tok/s. uptime: 03h42min. ETA: 00h05min
Iter 4668/4768. train loss: 0.000. valid loss: 0.000. lr: 0.00002. 98288 tok/s. uptime: 03h43min. ETA: 00h04min
Iter 4680/4768. train loss: 0.000. valid loss: 0.000. lr: 0.00001. 98623 tok/s. uptime: 03h44min. ETA: 00h04min
Iter 4692/4768. train loss: 0.000. valid loss: 0.000. lr: 0.00001. 98087 tok/s. uptime: 03h44min. ETA: 00h03min
Iter 4704/4768. train loss: 0.000. valid loss: 0.001. lr: 0.00001. 97850 tok/s. uptime: 03h45min. ETA: 00h03min
Iter 4716/4768. train loss: 0.000. valid loss: 0.000. lr: 0.00001. 97870 tok/s. uptime: 03h45min. ETA: 00h02min
Iter 4728/4768. train loss: 0.000. valid loss: 0.000. lr: 0.00001. 98193 tok/s. uptime: 03h46min. ETA: 00h01min
Iter 4740/4768. train loss: 0.000. valid loss: 0.000. lr: 0.00000. 97480 tok/s. uptime: 03h46min. ETA: 00h01min
Iter 4752/4768. train loss: 0.000. valid loss: 0.000. lr: 0.00000. 98177 tok/s. uptime: 03h47min. ETA: 00h00min
Iter 4764/4768. train loss: 0.000. valid loss: 0.000. lr: 0.00000. 97983 tok/s. uptime: 03h48min. ETA: 00h00min
Training is done. Took 228.27 minutes.
Successfully saved checkpoint and config in runs/astral-bird-80.
wandb: - 0.051 MB of 0.051 MB uploadedwandb:                                                                                
wandb: 
wandb: Run history:
wandb:      grad_norm ▅▄▄▃▃▄▄▄▄▃▃▃▃█▇▆▆▄▃▂▄▂▁▁▄▂▃▂▁▁▁▂▁▁▁▁▁▁▁▁
wandb:             lr ▂█████████████████████████████▆▅▄▃▃▃▂▂▂▁
wandb: num_iters_done ▁
wandb:     num_params ▁
wandb:     num_tokens ▁
wandb:    peak_memory ▁
wandb:        success ▁▁▁██
wandb:   tokens_per_s ▁▇████████████████▇██████▇▇▇███▇▇██▇█▇▇▇
wandb: tokens_per_sec ▁
wandb:    tokens_seen ▁▁▁▁▁▁▂▂▂▂▂▂▃▃▃▄▄▄▄▄▅▅▅▅▅▅▅▅▅▆▆▆▆▆▆▇▇▇▇█
wandb:     train_loss █▇▇▇▇▅▅▅▅▅▅▄▄▄▄▄▃▃▁▁▁▁▁▁▁▁▁▁▁▁▁▁▁▁▁▁▁▁▁▁
wandb:       val_loss █▇▇▇▇▆▆▅▅▅▅▅▅▅▅▅▅▅▄▄▃▃▁▁▁▁▁▁▁▁▁▁▁▁▁▁▁▁▁▁
wandb: 
wandb: Run summary:
wandb:             dtype bfloat16
wandb:         grad_norm 0.00043
wandb:                lr 0.0
wandb:    num_iters_done 4767
wandb:        num_params 84978432
wandb:        num_tokens 1249640448
wandb:       peak_memory 10661
wandb:           success 0.99219
wandb:      tokens_per_s 97982.82523
wandb:    tokens_per_sec 97982.82523
wandb:       tokens_seen 1249116160
wandb:        train_loss 0.0
wandb:    use_flash_attn True
wandb: use_torch_compile False
wandb:          val_loss 0.00019
wandb: 
wandb: 🚀 View run astral-bird-80 at: https://wandb.ai/alexandretl/hash-hop-hub/runs/z5lqxlar
wandb: ⭐️ View project at: https://wandb.ai/alexandretl/hash-hop-hub
wandb: Synced 5 W&B file(s), 0 media file(s), 2 artifact file(s) and 0 other file(s)
wandb: Find logs at: ./wandb/run-20241011_124358-z5lqxlar/logs
