wandb: Currently logged in as: alexandretl. Use `wandb login --relogin` to force relogin
wandb: Tracking run with wandb version 0.17.8
wandb: Run data is saved locally in /workspace/hash-hop-hub/wandb/run-20240903_180237-02pl1fao
wandb: Run `wandb offline` to turn off syncing.
wandb: Syncing run bright-shadow-6
wandb: ⭐️ View project at https://wandb.ai/alexandretl/hash-hop-hub
wandb: 🚀 View run at https://wandb.ai/alexandretl/hash-hop-hub/runs/02pl1fao
Run name: bright-shadow-6.
Model initialized. Number of parameters : 7251561.
Compiling the model...
Done compiling.
Training is starting.
Iter 000000/100000. train loss : 4.066. valid loss : 4.064. lr : 0.00000. uptime : 00h00min. ETA : 06h57min.
Iter 000200/100000. train loss : 3.561. valid loss : 3.560. lr : 0.00020. uptime : 00h01min. ETA : 02h20min.
Iter 000400/100000. train loss : 3.407. valid loss : 3.429. lr : 0.00040. uptime : 00h01min. ETA : 02h18min.
Iter 000600/100000. train loss : 3.163. valid loss : 3.138. lr : 0.00060. uptime : 00h01min. ETA : 02h18min.
Iter 000800/100000. train loss : 2.137. valid loss : 2.152. lr : 0.00080. uptime : 00h01min. ETA : 02h17min.
Iter 001000/100000. train loss : 1.891. valid loss : 1.902. lr : 0.00100. uptime : 00h02min. ETA : 02h21min.
Iter 001200/100000. train loss : 1.902. valid loss : 1.881. lr : 0.00100. uptime : 00h02min. ETA : 02h16min.
Iter 001400/100000. train loss : 1.852. valid loss : 1.876. lr : 0.00100. uptime : 00h02min. ETA : 02h17min.
Iter 001600/100000. train loss : 1.872. valid loss : 1.872. lr : 0.00100. uptime : 00h03min. ETA : 02h17min.
Iter 001800/100000. train loss : 1.876. valid loss : 1.866. lr : 0.00100. uptime : 00h03min. ETA : 02h16min.
Iter 002000/100000. train loss : 1.854. valid loss : 1.865. lr : 0.00100. uptime : 00h03min. ETA : 02h19min.
Iter 002200/100000. train loss : 1.862. valid loss : 1.864. lr : 0.00100. uptime : 00h03min. ETA : 02h15min.
Iter 002400/100000. train loss : 1.859. valid loss : 1.860. lr : 0.00100. uptime : 00h04min. ETA : 02h14min.
Iter 002600/100000. train loss : 1.889. valid loss : 1.861. lr : 0.00100. uptime : 00h04min. ETA : 02h14min.
Iter 002800/100000. train loss : 1.853. valid loss : 1.860. lr : 0.00100. uptime : 00h04min. ETA : 02h14min.
Iter 003000/100000. train loss : 1.852. valid loss : 1.860. lr : 0.00100. uptime : 00h05min. ETA : 02h17min.
Iter 003200/100000. train loss : 1.853. valid loss : 1.855. lr : 0.00100. uptime : 00h05min. ETA : 02h13min.
Iter 003400/100000. train loss : 1.845. valid loss : 1.858. lr : 0.00100. uptime : 00h05min. ETA : 02h13min.
Iter 003600/100000. train loss : 1.857. valid loss : 1.863. lr : 0.00100. uptime : 00h05min. ETA : 02h13min.
Iter 003800/100000. train loss : 1.859. valid loss : 1.853. lr : 0.00100. uptime : 00h06min. ETA : 02h13min.
Iter 004000/100000. train loss : 1.863. valid loss : 1.854. lr : 0.00100. uptime : 00h06min. ETA : 02h16min.
Iter 004200/100000. train loss : 1.874. valid loss : 1.853. lr : 0.00100. uptime : 00h06min. ETA : 02h12min.
Iter 004400/100000. train loss : 1.861. valid loss : 1.853. lr : 0.00100. uptime : 00h07min. ETA : 02h13min.
Iter 004600/100000. train loss : 1.863. valid loss : 1.854. lr : 0.00100. uptime : 00h07min. ETA : 02h12min.
Iter 004800/100000. train loss : 1.849. valid loss : 1.851. lr : 0.00100. uptime : 00h07min. ETA : 02h12min.
Iter 005000/100000. train loss : 1.843. valid loss : 1.854. lr : 0.00100. uptime : 00h07min. ETA : 02h16min.
Iter 005200/100000. train loss : 1.855. valid loss : 1.855. lr : 0.00100. uptime : 00h08min. ETA : 02h12min.
Iter 005400/100000. train loss : 1.872. valid loss : 1.855. lr : 0.00100. uptime : 00h08min. ETA : 02h11min.
Iter 005600/100000. train loss : 1.860. valid loss : 1.853. lr : 0.00100. uptime : 00h08min. ETA : 02h11min.
Iter 005800/100000. train loss : 1.844. valid loss : 1.851. lr : 0.00100. uptime : 00h08min. ETA : 02h10min.
Iter 006000/100000. train loss : 1.859. valid loss : 1.852. lr : 0.00100. uptime : 00h09min. ETA : 02h13min.
Iter 006200/100000. train loss : 1.846. valid loss : 1.852. lr : 0.00100. uptime : 00h09min. ETA : 02h09min.
Iter 006400/100000. train loss : 1.851. valid loss : 1.849. lr : 0.00100. uptime : 00h09min. ETA : 02h09min.
Iter 006600/100000. train loss : 1.849. valid loss : 1.852. lr : 0.00100. uptime : 00h10min. ETA : 02h09min.
Iter 006800/100000. train loss : 1.856. valid loss : 1.852. lr : 0.00100. uptime : 00h10min. ETA : 02h09min.
Iter 007000/100000. train loss : 1.848. valid loss : 1.850. lr : 0.00100. uptime : 00h10min. ETA : 02h12min.
Iter 007200/100000. train loss : 1.840. valid loss : 1.850. lr : 0.00100. uptime : 00h10min. ETA : 02h09min.
Iter 007400/100000. train loss : 1.864. valid loss : 1.853. lr : 0.00100. uptime : 00h11min. ETA : 02h08min.
Iter 007600/100000. train loss : 1.838. valid loss : 1.851. lr : 0.00100. uptime : 00h11min. ETA : 02h08min.
Iter 007800/100000. train loss : 1.851. valid loss : 1.850. lr : 0.00100. uptime : 00h11min. ETA : 02h08min.
Iter 008000/100000. train loss : 1.843. valid loss : 1.849. lr : 0.00100. uptime : 00h12min. ETA : 02h10min.
Iter 008200/100000. train loss : 1.839. valid loss : 1.849. lr : 0.00100. uptime : 00h12min. ETA : 02h06min.
Iter 008400/100000. train loss : 1.853. valid loss : 1.854. lr : 0.00100. uptime : 00h12min. ETA : 02h07min.
Iter 008600/100000. train loss : 1.825. valid loss : 1.851. lr : 0.00100. uptime : 00h12min. ETA : 02h07min.
Iter 008800/100000. train loss : 1.847. valid loss : 1.851. lr : 0.00100. uptime : 00h13min. ETA : 02h06min.
Iter 009000/100000. train loss : 1.853. valid loss : 1.850. lr : 0.00100. uptime : 00h13min. ETA : 02h10min.
Iter 009200/100000. train loss : 1.852. valid loss : 1.848. lr : 0.00100. uptime : 00h13min. ETA : 02h05min.
Iter 009400/100000. train loss : 1.854. valid loss : 1.850. lr : 0.00100. uptime : 00h14min. ETA : 02h05min.
Iter 009600/100000. train loss : 1.856. valid loss : 1.849. lr : 0.00100. uptime : 00h14min. ETA : 02h05min.
Iter 009800/100000. train loss : 1.841. valid loss : 1.851. lr : 0.00100. uptime : 00h14min. ETA : 02h05min.
Iter 010000/100000. train loss : 1.869. valid loss : 1.853. lr : 0.00100. uptime : 00h14min. ETA : 02h09min.
Iter 010200/100000. train loss : 1.856. valid loss : 1.851. lr : 0.00100. uptime : 00h15min. ETA : 02h05min.
Iter 010400/100000. train loss : 1.853. valid loss : 1.849. lr : 0.00100. uptime : 00h15min. ETA : 02h04min.
Iter 010600/100000. train loss : 1.851. valid loss : 1.849. lr : 0.00100. uptime : 00h15min. ETA : 02h04min.
Iter 010800/100000. train loss : 1.849. valid loss : 1.851. lr : 0.00100. uptime : 00h15min. ETA : 02h03min.
Iter 011000/100000. train loss : 1.838. valid loss : 1.848. lr : 0.00100. uptime : 00h16min. ETA : 02h07min.
Iter 011200/100000. train loss : 1.853. valid loss : 1.848. lr : 0.00100. uptime : 00h16min. ETA : 02h03min.
Iter 011400/100000. train loss : 1.849. valid loss : 1.850. lr : 0.00100. uptime : 00h16min. ETA : 02h03min.
Iter 011600/100000. train loss : 1.858. valid loss : 1.852. lr : 0.00100. uptime : 00h17min. ETA : 02h02min.
Iter 011800/100000. train loss : 1.846. valid loss : 1.849. lr : 0.00100. uptime : 00h17min. ETA : 02h02min.
Iter 012000/100000. train loss : 1.853. valid loss : 1.850. lr : 0.00100. uptime : 00h17min. ETA : 02h06min.
Iter 012200/100000. train loss : 1.856. valid loss : 1.851. lr : 0.00100. uptime : 00h17min. ETA : 02h01min.
Iter 012400/100000. train loss : 1.855. valid loss : 1.849. lr : 0.00100. uptime : 00h18min. ETA : 02h01min.
Iter 012600/100000. train loss : 1.833. valid loss : 1.849. lr : 0.00100. uptime : 00h18min. ETA : 02h01min.
Iter 012800/100000. train loss : 1.849. valid loss : 1.849. lr : 0.00100. uptime : 00h18min. ETA : 02h01min.
Iter 013000/100000. train loss : 1.850. valid loss : 1.848. lr : 0.00100. uptime : 00h19min. ETA : 02h04min.
Iter 013200/100000. train loss : 1.848. valid loss : 1.849. lr : 0.00100. uptime : 00h19min. ETA : 01h59min.
Iter 013400/100000. train loss : 1.852. valid loss : 1.848. lr : 0.00100. uptime : 00h19min. ETA : 01h59min.
Iter 013600/100000. train loss : 1.849. valid loss : 1.851. lr : 0.00100. uptime : 00h19min. ETA : 01h59min.
Iter 013800/100000. train loss : 1.850. valid loss : 1.856. lr : 0.00100. uptime : 00h20min. ETA : 01h59min.
Iter 014000/100000. train loss : 1.845. valid loss : 1.850. lr : 0.00100. uptime : 00h20min. ETA : 02h02min.
Iter 014200/100000. train loss : 1.840. valid loss : 1.848. lr : 0.00100. uptime : 00h20min. ETA : 01h58min.
Iter 014400/100000. train loss : 1.842. valid loss : 1.848. lr : 0.00100. uptime : 00h21min. ETA : 01h58min.
Iter 014600/100000. train loss : 1.849. valid loss : 1.857. lr : 0.00100. uptime : 00h21min. ETA : 01h58min.
Iter 014800/100000. train loss : 1.855. valid loss : 1.848. lr : 0.00100. uptime : 00h21min. ETA : 01h58min.
Iter 015000/100000. train loss : 1.854. valid loss : 1.849. lr : 0.00100. uptime : 00h21min. ETA : 02h02min.
Iter 015200/100000. train loss : 1.849. valid loss : 1.847. lr : 0.00100. uptime : 00h22min. ETA : 01h57min.
Iter 015400/100000. train loss : 1.850. valid loss : 1.847. lr : 0.00100. uptime : 00h22min. ETA : 01h57min.
Iter 015600/100000. train loss : 1.859. valid loss : 1.850. lr : 0.00100. uptime : 00h22min. ETA : 01h56min.
Iter 015800/100000. train loss : 1.851. valid loss : 1.849. lr : 0.00100. uptime : 00h23min. ETA : 01h56min.
Iter 016000/100000. train loss : 1.850. valid loss : 1.850. lr : 0.00100. uptime : 00h23min. ETA : 01h59min.
Iter 016200/100000. train loss : 1.849. valid loss : 1.846. lr : 0.00100. uptime : 00h23min. ETA : 01h55min.
Iter 016400/100000. train loss : 1.854. valid loss : 1.847. lr : 0.00100. uptime : 00h23min. ETA : 01h55min.
Iter 016600/100000. train loss : 1.857. valid loss : 1.849. lr : 0.00100. uptime : 00h24min. ETA : 01h55min.
Iter 016800/100000. train loss : 1.843. valid loss : 1.850. lr : 0.00100. uptime : 00h24min. ETA : 01h55min.
Iter 017000/100000. train loss : 1.846. valid loss : 1.849. lr : 0.00100. uptime : 00h24min. ETA : 01h59min.
Iter 017200/100000. train loss : 1.859. valid loss : 1.849. lr : 0.00100. uptime : 00h24min. ETA : 01h55min.
Iter 017400/100000. train loss : 1.845. valid loss : 1.848. lr : 0.00100. uptime : 00h25min. ETA : 01h54min.
Iter 017600/100000. train loss : 1.845. valid loss : 1.849. lr : 0.00100. uptime : 00h25min. ETA : 01h54min.
Iter 017800/100000. train loss : 1.844. valid loss : 1.847. lr : 0.00100. uptime : 00h25min. ETA : 01h53min.
Iter 018000/100000. train loss : 1.862. valid loss : 1.849. lr : 0.00100. uptime : 00h26min. ETA : 01h56min.
Iter 018200/100000. train loss : 1.843. valid loss : 1.851. lr : 0.00100. uptime : 00h26min. ETA : 01h52min.
Iter 018400/100000. train loss : 1.860. valid loss : 1.849. lr : 0.00100. uptime : 00h26min. ETA : 01h52min.
Iter 018600/100000. train loss : 1.856. valid loss : 1.849. lr : 0.00100. uptime : 00h26min. ETA : 01h52min.
Iter 018800/100000. train loss : 1.856. valid loss : 1.850. lr : 0.00100. uptime : 00h27min. ETA : 01h52min.
Iter 019000/100000. train loss : 1.860. valid loss : 1.848. lr : 0.00100. uptime : 00h27min. ETA : 01h55min.
Iter 019200/100000. train loss : 1.838. valid loss : 1.849. lr : 0.00100. uptime : 00h27min. ETA : 01h51min.
Iter 019400/100000. train loss : 1.852. valid loss : 1.848. lr : 0.00100. uptime : 00h28min. ETA : 01h51min.
Iter 019600/100000. train loss : 1.847. valid loss : 1.850. lr : 0.00100. uptime : 00h28min. ETA : 01h50min.
Iter 019800/100000. train loss : 1.852. valid loss : 1.849. lr : 0.00100. uptime : 00h28min. ETA : 01h50min.
Iter 020000/100000. train loss : 1.851. valid loss : 1.848. lr : 0.00100. uptime : 00h28min. ETA : 01h54min.
Iter 020200/100000. train loss : 1.858. valid loss : 1.848. lr : 0.00100. uptime : 00h29min. ETA : 01h53min.
Iter 020400/100000. train loss : 1.839. valid loss : 1.848. lr : 0.00100. uptime : 00h29min. ETA : 01h50min.
Iter 020600/100000. train loss : 1.850. valid loss : 1.848. lr : 0.00100. uptime : 00h29min. ETA : 01h50min.
Iter 020800/100000. train loss : 1.850. valid loss : 1.849. lr : 0.00100. uptime : 00h30min. ETA : 01h49min.
Iter 021000/100000. train loss : 1.836. valid loss : 1.849. lr : 0.00100. uptime : 00h30min. ETA : 01h53min.
Iter 021200/100000. train loss : 1.853. valid loss : 1.848. lr : 0.00100. uptime : 00h30min. ETA : 01h49min.
Iter 021400/100000. train loss : 1.840. valid loss : 1.848. lr : 0.00100. uptime : 00h30min. ETA : 01h49min.
Iter 021600/100000. train loss : 1.844. valid loss : 1.848. lr : 0.00100. uptime : 00h31min. ETA : 01h48min.
Iter 021800/100000. train loss : 1.840. valid loss : 1.850. lr : 0.00100. uptime : 00h31min. ETA : 01h47min.
Iter 022000/100000. train loss : 1.852. valid loss : 1.847. lr : 0.00100. uptime : 00h31min. ETA : 01h51min.
Iter 022200/100000. train loss : 1.847. valid loss : 1.848. lr : 0.00100. uptime : 00h32min. ETA : 01h47min.
Iter 022400/100000. train loss : 1.850. valid loss : 1.851. lr : 0.00100. uptime : 00h32min. ETA : 01h47min.
Iter 022600/100000. train loss : 1.823. valid loss : 1.849. lr : 0.00100. uptime : 00h32min. ETA : 01h47min.
Iter 022800/100000. train loss : 1.847. valid loss : 1.850. lr : 0.00100. uptime : 00h32min. ETA : 01h47min.
Iter 023000/100000. train loss : 1.852. valid loss : 1.848. lr : 0.00100. uptime : 00h33min. ETA : 01h50min.
Iter 023200/100000. train loss : 1.844. valid loss : 1.848. lr : 0.00100. uptime : 00h33min. ETA : 01h46min.
Iter 023400/100000. train loss : 1.848. valid loss : 1.849. lr : 0.00100. uptime : 00h33min. ETA : 01h46min.
Iter 023600/100000. train loss : 1.840. valid loss : 1.846. lr : 0.00100. uptime : 00h33min. ETA : 01h46min.
Iter 023800/100000. train loss : 1.845. valid loss : 1.849. lr : 0.00100. uptime : 00h34min. ETA : 01h45min.
Iter 024000/100000. train loss : 1.858. valid loss : 1.848. lr : 0.00100. uptime : 00h34min. ETA : 01h49min.
Iter 024200/100000. train loss : 1.859. valid loss : 1.849. lr : 0.00100. uptime : 00h34min. ETA : 01h45min.
Iter 024400/100000. train loss : 1.865. valid loss : 1.850. lr : 0.00100. uptime : 00h35min. ETA : 01h45min.
Iter 024600/100000. train loss : 1.852. valid loss : 1.847. lr : 0.00100. uptime : 00h35min. ETA : 01h44min.
Iter 024800/100000. train loss : 1.841. valid loss : 1.851. lr : 0.00100. uptime : 00h35min. ETA : 01h44min.
Iter 025000/100000. train loss : 1.845. valid loss : 1.849. lr : 0.00100. uptime : 00h35min. ETA : 01h48min.
Iter 025200/100000. train loss : 1.854. valid loss : 1.848. lr : 0.00100. uptime : 00h36min. ETA : 01h43min.
Iter 025400/100000. train loss : 1.853. valid loss : 1.848. lr : 0.00100. uptime : 00h36min. ETA : 01h43min.
Iter 025600/100000. train loss : 1.843. valid loss : 1.848. lr : 0.00100. uptime : 00h36min. ETA : 01h43min.
Iter 025800/100000. train loss : 1.851. valid loss : 1.849. lr : 0.00100. uptime : 00h37min. ETA : 01h42min.
Iter 026000/100000. train loss : 1.847. valid loss : 1.850. lr : 0.00100. uptime : 00h37min. ETA : 01h45min.
Iter 026200/100000. train loss : 1.850. valid loss : 1.851. lr : 0.00100. uptime : 00h37min. ETA : 01h41min.
Iter 026400/100000. train loss : 1.864. valid loss : 1.849. lr : 0.00100. uptime : 00h37min. ETA : 01h41min.
Iter 026600/100000. train loss : 1.857. valid loss : 1.849. lr : 0.00100. uptime : 00h38min. ETA : 01h41min.
Iter 026800/100000. train loss : 1.850. valid loss : 1.848. lr : 0.00100. uptime : 00h38min. ETA : 01h41min.
Iter 027000/100000. train loss : 1.830. valid loss : 1.847. lr : 0.00100. uptime : 00h38min. ETA : 01h45min.
Iter 027200/100000. train loss : 1.858. valid loss : 1.847. lr : 0.00100. uptime : 00h39min. ETA : 01h40min.
Iter 027400/100000. train loss : 1.840. valid loss : 1.848. lr : 0.00100. uptime : 00h39min. ETA : 01h39min.
Iter 027600/100000. train loss : 1.856. valid loss : 1.852. lr : 0.00100. uptime : 00h39min. ETA : 01h39min.
Iter 027800/100000. train loss : 1.863. valid loss : 1.849. lr : 0.00100. uptime : 00h39min. ETA : 01h39min.
Iter 028000/100000. train loss : 1.848. valid loss : 1.849. lr : 0.00100. uptime : 00h40min. ETA : 01h42min.
Iter 028200/100000. train loss : 1.839. valid loss : 1.849. lr : 0.00100. uptime : 00h40min. ETA : 01h38min.
Iter 028400/100000. train loss : 1.848. valid loss : 1.850. lr : 0.00100. uptime : 00h40min. ETA : 01h38min.
Iter 028600/100000. train loss : 1.846. valid loss : 1.846. lr : 0.00100. uptime : 00h41min. ETA : 01h38min.
Iter 028800/100000. train loss : 1.844. valid loss : 1.848. lr : 0.00100. uptime : 00h41min. ETA : 01h38min.
Iter 029000/100000. train loss : 1.855. valid loss : 1.848. lr : 0.00100. uptime : 00h41min. ETA : 01h41min.
Iter 029200/100000. train loss : 1.854. valid loss : 1.850. lr : 0.00100. uptime : 00h41min. ETA : 01h37min.
Iter 029400/100000. train loss : 1.857. valid loss : 1.849. lr : 0.00100. uptime : 00h42min. ETA : 01h37min.
Iter 029600/100000. train loss : 1.852. valid loss : 1.851. lr : 0.00100. uptime : 00h42min. ETA : 01h37min.
Iter 029800/100000. train loss : 1.836. valid loss : 1.846. lr : 0.00100. uptime : 00h42min. ETA : 01h36min.
Iter 030000/100000. train loss : 1.856. valid loss : 1.848. lr : 0.00100. uptime : 00h42min. ETA : 01h41min.
Iter 030200/100000. train loss : 1.844. valid loss : 1.847. lr : 0.00100. uptime : 00h43min. ETA : 01h36min.
Iter 030400/100000. train loss : 1.840. valid loss : 1.850. lr : 0.00100. uptime : 00h43min. ETA : 01h36min.
Iter 030600/100000. train loss : 1.844. valid loss : 1.848. lr : 0.00100. uptime : 00h43min. ETA : 01h35min.
Iter 030800/100000. train loss : 1.840. valid loss : 1.849. lr : 0.00100. uptime : 00h44min. ETA : 01h35min.
Iter 031000/100000. train loss : 1.843. valid loss : 1.848. lr : 0.00100. uptime : 00h44min. ETA : 01h39min.
Iter 031200/100000. train loss : 1.835. valid loss : 1.848. lr : 0.00100. uptime : 00h44min. ETA : 01h35min.
Iter 031400/100000. train loss : 1.844. valid loss : 1.848. lr : 0.00100. uptime : 00h44min. ETA : 01h35min.
Iter 031600/100000. train loss : 1.848. valid loss : 1.848. lr : 0.00100. uptime : 00h45min. ETA : 01h34min.
Iter 031800/100000. train loss : 1.825. valid loss : 1.847. lr : 0.00100. uptime : 00h45min. ETA : 01h34min.
Iter 032000/100000. train loss : 1.854. valid loss : 1.849. lr : 0.00100. uptime : 00h45min. ETA : 01h38min.
Iter 032200/100000. train loss : 1.846. valid loss : 1.848. lr : 0.00100. uptime : 00h46min. ETA : 01h33min.
Iter 032400/100000. train loss : 1.854. valid loss : 1.849. lr : 0.00100. uptime : 00h46min. ETA : 01h33min.
Iter 032600/100000. train loss : 1.852. valid loss : 1.848. lr : 0.00100. uptime : 00h46min. ETA : 01h33min.
Iter 032800/100000. train loss : 1.847. valid loss : 1.850. lr : 0.00100. uptime : 00h46min. ETA : 01h33min.
Iter 033000/100000. train loss : 1.854. valid loss : 1.848. lr : 0.00100. uptime : 00h47min. ETA : 01h36min.
Iter 033200/100000. train loss : 1.842. valid loss : 1.850. lr : 0.00100. uptime : 00h47min. ETA : 01h32min.
Iter 033400/100000. train loss : 1.862. valid loss : 1.849. lr : 0.00100. uptime : 00h47min. ETA : 01h32min.
Iter 033600/100000. train loss : 1.853. valid loss : 1.847. lr : 0.00100. uptime : 00h48min. ETA : 01h32min.
Iter 033800/100000. train loss : 1.871. valid loss : 1.847. lr : 0.00100. uptime : 00h48min. ETA : 01h31min.
Iter 034000/100000. train loss : 1.838. valid loss : 1.848. lr : 0.00100. uptime : 00h48min. ETA : 01h35min.
Iter 034200/100000. train loss : 1.852. valid loss : 1.847. lr : 0.00100. uptime : 00h48min. ETA : 01h31min.
Iter 034400/100000. train loss : 1.842. valid loss : 1.851. lr : 0.00100. uptime : 00h49min. ETA : 01h30min.
Iter 034600/100000. train loss : 1.847. valid loss : 1.848. lr : 0.00100. uptime : 00h49min. ETA : 01h29min.
Iter 034800/100000. train loss : 1.847. valid loss : 1.848. lr : 0.00100. uptime : 00h49min. ETA : 01h29min.
Iter 035000/100000. train loss : 1.856. valid loss : 1.847. lr : 0.00100. uptime : 00h50min. ETA : 01h32min.
Iter 035200/100000. train loss : 1.851. valid loss : 1.850. lr : 0.00100. uptime : 00h50min. ETA : 01h28min.
Iter 035400/100000. train loss : 1.848. valid loss : 1.846. lr : 0.00100. uptime : 00h50min. ETA : 01h28min.
Iter 035600/100000. train loss : 1.841. valid loss : 1.850. lr : 0.00100. uptime : 00h50min. ETA : 01h28min.
Iter 035800/100000. train loss : 1.849. valid loss : 1.849. lr : 0.00100. uptime : 00h51min. ETA : 01h28min.
Iter 036000/100000. train loss : 1.837. valid loss : 1.846. lr : 0.00100. uptime : 00h51min. ETA : 01h32min.
Iter 036200/100000. train loss : 1.860. valid loss : 1.850. lr : 0.00100. uptime : 00h51min. ETA : 01h27min.
Iter 036400/100000. train loss : 1.853. valid loss : 1.846. lr : 0.00100. uptime : 00h51min. ETA : 01h27min.
Iter 036600/100000. train loss : 1.840. valid loss : 1.848. lr : 0.00100. uptime : 00h52min. ETA : 01h27min.
Iter 036800/100000. train loss : 1.847. valid loss : 1.848. lr : 0.00100. uptime : 00h52min. ETA : 01h26min.
Iter 037000/100000. train loss : 1.848. valid loss : 1.848. lr : 0.00100. uptime : 00h52min. ETA : 01h30min.
Iter 037200/100000. train loss : 1.840. valid loss : 1.849. lr : 0.00100. uptime : 00h53min. ETA : 01h26min.
Iter 037400/100000. train loss : 1.848. valid loss : 1.857. lr : 0.00100. uptime : 00h53min. ETA : 01h26min.
Iter 037600/100000. train loss : 1.850. valid loss : 1.849. lr : 0.00100. uptime : 00h53min. ETA : 01h26min.
Iter 037800/100000. train loss : 1.870. valid loss : 1.851. lr : 0.00100. uptime : 00h53min. ETA : 01h26min.
Iter 038000/100000. train loss : 1.868. valid loss : 1.850. lr : 0.00100. uptime : 00h54min. ETA : 01h29min.
Iter 038200/100000. train loss : 1.853. valid loss : 1.848. lr : 0.00100. uptime : 00h54min. ETA : 01h24min.
Iter 038400/100000. train loss : 1.845. valid loss : 1.850. lr : 0.00100. uptime : 00h54min. ETA : 01h24min.
Iter 038600/100000. train loss : 1.836. valid loss : 1.850. lr : 0.00100. uptime : 00h55min. ETA : 01h24min.
Iter 038800/100000. train loss : 1.843. valid loss : 1.847. lr : 0.00100. uptime : 00h55min. ETA : 01h23min.
Iter 039000/100000. train loss : 1.844. valid loss : 1.849. lr : 0.00100. uptime : 00h55min. ETA : 01h28min.
Iter 039200/100000. train loss : 1.849. valid loss : 1.846. lr : 0.00100. uptime : 00h55min. ETA : 01h23min.
Iter 039400/100000. train loss : 1.838. valid loss : 1.850. lr : 0.00100. uptime : 00h56min. ETA : 01h23min.
Iter 039600/100000. train loss : 1.838. valid loss : 1.848. lr : 0.00100. uptime : 00h56min. ETA : 01h22min.
Iter 039800/100000. train loss : 1.855. valid loss : 1.848. lr : 0.00100. uptime : 00h56min. ETA : 01h22min.
Iter 040000/100000. train loss : 1.844. valid loss : 1.849. lr : 0.00100. uptime : 00h57min. ETA : 01h25min.
Iter 040200/100000. train loss : 1.854. valid loss : 1.848. lr : 0.00100. uptime : 00h57min. ETA : 01h24min.
Iter 040400/100000. train loss : 1.835. valid loss : 1.847. lr : 0.00100. uptime : 00h57min. ETA : 01h22min.
Iter 040600/100000. train loss : 1.846. valid loss : 1.849. lr : 0.00100. uptime : 00h57min. ETA : 01h22min.
Iter 040800/100000. train loss : 1.842. valid loss : 1.851. lr : 0.00100. uptime : 00h58min. ETA : 01h21min.
Iter 041000/100000. train loss : 1.842. valid loss : 1.848. lr : 0.00100. uptime : 00h58min. ETA : 01h25min.
Iter 041200/100000. train loss : 1.852. valid loss : 1.848. lr : 0.00100. uptime : 00h58min. ETA : 01h21min.
Iter 041400/100000. train loss : 1.837. valid loss : 1.848. lr : 0.00100. uptime : 00h58min. ETA : 01h21min.
Iter 041600/100000. train loss : 1.847. valid loss : 1.847. lr : 0.00100. uptime : 00h59min. ETA : 01h20min.
Iter 041800/100000. train loss : 1.855. valid loss : 1.846. lr : 0.00100. uptime : 00h59min. ETA : 01h20min.
Iter 042000/100000. train loss : 1.845. valid loss : 1.846. lr : 0.00100. uptime : 00h59min. ETA : 01h24min.
Iter 042200/100000. train loss : 1.849. valid loss : 1.849. lr : 0.00100. uptime : 01h00min. ETA : 01h19min.
Iter 042400/100000. train loss : 1.852. valid loss : 1.849. lr : 0.00100. uptime : 01h00min. ETA : 01h19min.
Iter 042600/100000. train loss : 1.843. valid loss : 1.848. lr : 0.00100. uptime : 01h00min. ETA : 01h19min.
Iter 042800/100000. train loss : 1.840. valid loss : 1.848. lr : 0.00100. uptime : 01h00min. ETA : 01h18min.
Iter 043000/100000. train loss : 1.856. valid loss : 1.849. lr : 0.00100. uptime : 01h01min. ETA : 01h22min.
Iter 043200/100000. train loss : 1.848. valid loss : 1.848. lr : 0.00100. uptime : 01h01min. ETA : 01h18min.
Iter 043400/100000. train loss : 1.833. valid loss : 1.847. lr : 0.00100. uptime : 01h01min. ETA : 01h18min.
Iter 043600/100000. train loss : 1.864. valid loss : 1.846. lr : 0.00100. uptime : 01h02min. ETA : 01h17min.
Iter 043800/100000. train loss : 1.840. valid loss : 1.850. lr : 0.00100. uptime : 01h02min. ETA : 01h17min.
Iter 044000/100000. train loss : 1.840. valid loss : 1.849. lr : 0.00100. uptime : 01h02min. ETA : 01h21min.
Iter 044200/100000. train loss : 1.850. valid loss : 1.848. lr : 0.00100. uptime : 01h02min. ETA : 01h17min.
Iter 044400/100000. train loss : 1.860. valid loss : 1.847. lr : 0.00100. uptime : 01h03min. ETA : 01h16min.
Iter 044600/100000. train loss : 1.851. valid loss : 1.851. lr : 0.00100. uptime : 01h03min. ETA : 01h16min.
Iter 044800/100000. train loss : 1.841. valid loss : 1.847. lr : 0.00100. uptime : 01h03min. ETA : 01h16min.
Iter 045000/100000. train loss : 1.841. valid loss : 1.847. lr : 0.00100. uptime : 01h04min. ETA : 01h20min.
Iter 045200/100000. train loss : 1.856. valid loss : 1.849. lr : 0.00100. uptime : 01h04min. ETA : 01h15min.
Iter 045400/100000. train loss : 1.851. valid loss : 1.848. lr : 0.00100. uptime : 01h04min. ETA : 01h15min.
Iter 045600/100000. train loss : 1.862. valid loss : 1.847. lr : 0.00100. uptime : 01h04min. ETA : 01h14min.
Iter 045800/100000. train loss : 1.837. valid loss : 1.848. lr : 0.00100. uptime : 01h05min. ETA : 01h14min.
Iter 046000/100000. train loss : 1.830. valid loss : 1.849. lr : 0.00100. uptime : 01h05min. ETA : 01h18min.
Iter 046200/100000. train loss : 1.855. valid loss : 1.849. lr : 0.00100. uptime : 01h05min. ETA : 01h14min.
Iter 046400/100000. train loss : 1.841. valid loss : 1.848. lr : 0.00100. uptime : 01h06min. ETA : 01h14min.
Iter 046600/100000. train loss : 1.843. valid loss : 1.849. lr : 0.00100. uptime : 01h06min. ETA : 01h13min.
Iter 046800/100000. train loss : 1.851. valid loss : 1.853. lr : 0.00100. uptime : 01h06min. ETA : 01h13min.
Iter 047000/100000. train loss : 1.835. valid loss : 1.846. lr : 0.00100. uptime : 01h06min. ETA : 01h17min.
Iter 047200/100000. train loss : 1.830. valid loss : 1.852. lr : 0.00100. uptime : 01h07min. ETA : 01h12min.
Iter 047400/100000. train loss : 1.852. valid loss : 1.847. lr : 0.00100. uptime : 01h07min. ETA : 01h12min.
Iter 047600/100000. train loss : 1.852. valid loss : 1.848. lr : 0.00100. uptime : 01h07min. ETA : 01h11min.
Process ForkProcess-39:
Process ForkProcess-32:
Process ForkProcess-25:
Process ForkProcess-23:
Process ForkProcess-40:
Process ForkProcess-28:
Traceback (most recent call last):
Process ForkProcess-30:
Process ForkProcess-24:
Process ForkProcess-22:
Process ForkProcess-37:
Process ForkProcess-35:
Process ForkProcess-38:
Process ForkProcess-26:
Traceback (most recent call last):
Process ForkProcess-36:
Process ForkProcess-9:
Process ForkProcess-13:
Process ForkProcess-15:
Process ForkProcess-14:
Process ForkProcess-20:
Process ForkProcess-27:
Process ForkProcess-12:
Process ForkProcess-17:
Traceback (most recent call last):
Process ForkProcess-11:
Process ForkProcess-19:
Traceback (most recent call last):
Process ForkProcess-21:
Process ForkProcess-16:
Process ForkProcess-18:
Process ForkProcess-31:
Process ForkProcess-33:
Process ForkProcess-29:
Process ForkProcess-10:
Process ForkProcess-34:
Traceback (most recent call last):
Traceback (most recent call last):
Traceback (most recent call last):
Traceback (most recent call last):
Traceback (most recent call last):
Traceback (most recent call last):
Traceback (most recent call last):
Traceback (most recent call last):
Traceback (most recent call last):
Traceback (most recent call last):
Traceback (most recent call last):
Traceback (most recent call last):
Traceback (most recent call last):
Traceback (most recent call last):
Traceback (most recent call last):
Traceback (most recent call last):
Training interrupted.Traceback (most recent call last):
Traceback (most recent call last):
Traceback (most recent call last):
Traceback (most recent call last):
Traceback (most recent call last):
Traceback (most recent call last):
Traceback (most recent call last):
Traceback (most recent call last):
  File "/usr/lib/python3.10/multiprocessing/process.py", line 314, in _bootstrap
    self.run()
Traceback (most recent call last):
Traceback (most recent call last):
  File "/usr/lib/python3.10/multiprocessing/process.py", line 314, in _bootstrap
    self.run()
  File "/usr/lib/python3.10/multiprocessing/process.py", line 314, in _bootstrap
    self.run()
  File "/usr/lib/python3.10/multiprocessing/process.py", line 108, in run
    self._target(*self._args, **self._kwargs)
Traceback (most recent call last):
  File "/usr/lib/python3.10/multiprocessing/process.py", line 314, in _bootstrap
    self.run()
  File "/usr/lib/python3.10/multiprocessing/process.py", line 314, in _bootstrap
    self.run()
  File "/usr/lib/python3.10/multiprocessing/process.py", line 108, in run
    self._target(*self._args, **self._kwargs)
  File "/usr/lib/python3.10/multiprocessing/process.py", line 314, in _bootstrap
    self.run()
  File "/usr/lib/python3.10/multiprocessing/process.py", line 108, in run
    self._target(*self._args, **self._kwargs)
  File "/usr/lib/python3.10/multiprocessing/process.py", line 314, in _bootstrap
    self.run()
  File "/usr/lib/python3.10/multiprocessing/process.py", line 314, in _bootstrap
    self.run()
  File "/usr/lib/python3.10/multiprocessing/process.py", line 314, in _bootstrap
    self.run()
  File "/usr/lib/python3.10/multiprocessing/process.py", line 314, in _bootstrap
    self.run()

Traceback (most recent call last):
  File "/usr/lib/python3.10/multiprocessing/process.py", line 314, in _bootstrap
    self.run()
  File "/usr/lib/python3.10/multiprocessing/process.py", line 108, in run
    self._target(*self._args, **self._kwargs)
  File "/usr/lib/python3.10/multiprocessing/process.py", line 314, in _bootstrap
    self.run()
  File "/usr/lib/python3.10/multiprocessing/process.py", line 108, in run
    self._target(*self._args, **self._kwargs)
  File "/usr/lib/python3.10/multiprocessing/process.py", line 314, in _bootstrap
    self.run()
  File "/usr/lib/python3.10/multiprocessing/process.py", line 108, in run
    self._target(*self._args, **self._kwargs)
  File "/usr/lib/python3.10/multiprocessing/process.py", line 314, in _bootstrap
    self.run()
  File "/usr/lib/python3.10/multiprocessing/process.py", line 314, in _bootstrap
    self.run()
  File "/usr/lib/python3.10/multiprocessing/process.py", line 108, in run
    self._target(*self._args, **self._kwargs)
  File "/usr/lib/python3.10/multiprocessing/process.py", line 314, in _bootstrap
    self.run()
  File "/usr/lib/python3.10/multiprocessing/process.py", line 108, in run
    self._target(*self._args, **self._kwargs)
  File "/usr/lib/python3.10/multiprocessing/process.py", line 314, in _bootstrap
    self.run()
  File "/usr/lib/python3.10/multiprocessing/process.py", line 314, in _bootstrap
    self.run()
  File "/usr/lib/python3.10/multiprocessing/process.py", line 314, in _bootstrap
    self.run()
  File "/usr/lib/python3.10/multiprocessing/process.py", line 314, in _bootstrap
    self.run()
  File "/usr/lib/python3.10/multiprocessing/process.py", line 314, in _bootstrap
    self.run()
  File "/usr/lib/python3.10/multiprocessing/process.py", line 108, in run
    self._target(*self._args, **self._kwargs)
  File "/usr/lib/python3.10/concurrent/futures/process.py", line 240, in _process_worker
    call_item = call_queue.get(block=True)
  File "/usr/lib/python3.10/multiprocessing/process.py", line 314, in _bootstrap
    self.run()
  File "/usr/lib/python3.10/multiprocessing/process.py", line 108, in run
    self._target(*self._args, **self._kwargs)
  File "/usr/lib/python3.10/multiprocessing/process.py", line 314, in _bootstrap
    self.run()
  File "/usr/lib/python3.10/multiprocessing/process.py", line 314, in _bootstrap
    self.run()
  File "/usr/lib/python3.10/multiprocessing/process.py", line 314, in _bootstrap
    self.run()
  File "/usr/lib/python3.10/multiprocessing/process.py", line 314, in _bootstrap
    self.run()
  File "/usr/lib/python3.10/multiprocessing/process.py", line 314, in _bootstrap
    self.run()
Training is done. Took 67.96 minutes.  File "/usr/lib/python3.10/multiprocessing/process.py", line 314, in _bootstrap
    self.run()
  File "/usr/lib/python3.10/concurrent/futures/process.py", line 240, in _process_worker
    call_item = call_queue.get(block=True)
  File "/usr/lib/python3.10/multiprocessing/process.py", line 314, in _bootstrap
    self.run()
  File "/usr/lib/python3.10/multiprocessing/process.py", line 108, in run
    self._target(*self._args, **self._kwargs)
  File "/usr/lib/python3.10/multiprocessing/process.py", line 314, in _bootstrap
    self.run()
  File "/usr/lib/python3.10/multiprocessing/process.py", line 108, in run
    self._target(*self._args, **self._kwargs)
  File "/usr/lib/python3.10/concurrent/futures/process.py", line 240, in _process_worker
    call_item = call_queue.get(block=True)
  File "/usr/lib/python3.10/multiprocessing/process.py", line 314, in _bootstrap
    self.run()
  File "/usr/lib/python3.10/multiprocessing/process.py", line 108, in run
    self._target(*self._args, **self._kwargs)
  File "/usr/lib/python3.10/concurrent/futures/process.py", line 240, in _process_worker
    call_item = call_queue.get(block=True)
  File "/usr/lib/python3.10/concurrent/futures/process.py", line 240, in _process_worker
    call_item = call_queue.get(block=True)
  File "/usr/lib/python3.10/multiprocessing/process.py", line 108, in run
    self._target(*self._args, **self._kwargs)
  File "/usr/lib/python3.10/multiprocessing/process.py", line 108, in run
    self._target(*self._args, **self._kwargs)
  File "/usr/lib/python3.10/concurrent/futures/process.py", line 240, in _process_worker
    call_item = call_queue.get(block=True)
  File "/usr/lib/python3.10/concurrent/futures/process.py", line 240, in _process_worker
    call_item = call_queue.get(block=True)
  File "/usr/lib/python3.10/multiprocessing/process.py", line 108, in run
    self._target(*self._args, **self._kwargs)
  File "/usr/lib/python3.10/multiprocessing/process.py", line 108, in run
    self._target(*self._args, **self._kwargs)
  File "/usr/lib/python3.10/multiprocessing/process.py", line 108, in run
    self._target(*self._args, **self._kwargs)
  File "/usr/lib/python3.10/concurrent/futures/process.py", line 240, in _process_worker
    call_item = call_queue.get(block=True)
  File "/usr/lib/python3.10/multiprocessing/process.py", line 108, in run
    self._target(*self._args, **self._kwargs)
  File "/usr/lib/python3.10/multiprocessing/process.py", line 314, in _bootstrap
    self.run()

  File "/usr/lib/python3.10/multiprocessing/process.py", line 108, in run
    self._target(*self._args, **self._kwargs)
  File "/usr/lib/python3.10/multiprocessing/process.py", line 108, in run
    self._target(*self._args, **self._kwargs)
  File "/usr/lib/python3.10/multiprocessing/queues.py", line 102, in get
    with self._rlock:
  File "/usr/lib/python3.10/concurrent/futures/process.py", line 240, in _process_worker
    call_item = call_queue.get(block=True)
  File "/usr/lib/python3.10/concurrent/futures/process.py", line 240, in _process_worker
    call_item = call_queue.get(block=True)
  File "/usr/lib/python3.10/multiprocessing/process.py", line 108, in run
    self._target(*self._args, **self._kwargs)
  File "/usr/lib/python3.10/concurrent/futures/process.py", line 240, in _process_worker
    call_item = call_queue.get(block=True)
  File "/usr/lib/python3.10/multiprocessing/queues.py", line 102, in get
    with self._rlock:
  File "/usr/lib/python3.10/concurrent/futures/process.py", line 240, in _process_worker
    call_item = call_queue.get(block=True)
  File "/usr/lib/python3.10/multiprocessing/queues.py", line 102, in get
    with self._rlock:
  File "/usr/lib/python3.10/multiprocessing/process.py", line 108, in run
    self._target(*self._args, **self._kwargs)
  File "/usr/lib/python3.10/concurrent/futures/process.py", line 240, in _process_worker
    call_item = call_queue.get(block=True)
  File "/usr/lib/python3.10/multiprocessing/process.py", line 108, in run
    self._target(*self._args, **self._kwargs)
  File "/usr/lib/python3.10/multiprocessing/queues.py", line 102, in get
    with self._rlock:
  File "/usr/lib/python3.10/multiprocessing/synchronize.py", line 95, in __enter__
    return self._semlock.__enter__()
  File "/usr/lib/python3.10/multiprocessing/process.py", line 108, in run
    self._target(*self._args, **self._kwargs)
  File "/usr/lib/python3.10/multiprocessing/process.py", line 108, in run
    self._target(*self._args, **self._kwargs)
  File "/usr/lib/python3.10/concurrent/futures/process.py", line 240, in _process_worker
    call_item = call_queue.get(block=True)
  File "/usr/lib/python3.10/multiprocessing/queues.py", line 102, in get
    with self._rlock:
  File "/usr/lib/python3.10/concurrent/futures/process.py", line 240, in _process_worker
    call_item = call_queue.get(block=True)
  File "/usr/lib/python3.10/multiprocessing/process.py", line 108, in run
    self._target(*self._args, **self._kwargs)
  File "/usr/lib/python3.10/multiprocessing/process.py", line 108, in run
    self._target(*self._args, **self._kwargs)
  File "/usr/lib/python3.10/multiprocessing/process.py", line 108, in run
    self._target(*self._args, **self._kwargs)
  File "/usr/lib/python3.10/concurrent/futures/process.py", line 240, in _process_worker
    call_item = call_queue.get(block=True)
  File "/usr/lib/python3.10/multiprocessing/process.py", line 108, in run
    self._target(*self._args, **self._kwargs)
  File "/usr/lib/python3.10/concurrent/futures/process.py", line 240, in _process_worker
    call_item = call_queue.get(block=True)
  File "/usr/lib/python3.10/multiprocessing/process.py", line 108, in run
    self._target(*self._args, **self._kwargs)
  File "/usr/lib/python3.10/multiprocessing/synchronize.py", line 95, in __enter__
    return self._semlock.__enter__()
  File "/usr/lib/python3.10/multiprocessing/queues.py", line 102, in get
    with self._rlock:
  File "/usr/lib/python3.10/concurrent/futures/process.py", line 240, in _process_worker
    call_item = call_queue.get(block=True)
  File "/usr/lib/python3.10/multiprocessing/queues.py", line 102, in get
    with self._rlock:
  File "/usr/lib/python3.10/multiprocessing/queues.py", line 102, in get
    with self._rlock:
  File "/usr/lib/python3.10/multiprocessing/synchronize.py", line 95, in __enter__
    return self._semlock.__enter__()
  File "/usr/lib/python3.10/multiprocessing/queues.py", line 102, in get
    with self._rlock:
  File "/usr/lib/python3.10/concurrent/futures/process.py", line 240, in _process_worker
    call_item = call_queue.get(block=True)
  File "/usr/lib/python3.10/multiprocessing/queues.py", line 102, in get
    with self._rlock:
  File "/usr/lib/python3.10/concurrent/futures/process.py", line 240, in _process_worker
    call_item = call_queue.get(block=True)
  File "/usr/lib/python3.10/concurrent/futures/process.py", line 240, in _process_worker
    call_item = call_queue.get(block=True)
  File "/usr/lib/python3.10/multiprocessing/queues.py", line 102, in get
    with self._rlock:
  File "/usr/lib/python3.10/multiprocessing/queues.py", line 102, in get
    with self._rlock:
  File "/usr/lib/python3.10/concurrent/futures/process.py", line 240, in _process_worker
    call_item = call_queue.get(block=True)
  File "/usr/lib/python3.10/multiprocessing/queues.py", line 102, in get
    with self._rlock:
  File "/usr/lib/python3.10/concurrent/futures/process.py", line 240, in _process_worker
    call_item = call_queue.get(block=True)
  File "/usr/lib/python3.10/multiprocessing/queues.py", line 102, in get
    with self._rlock:
  File "/usr/lib/python3.10/multiprocessing/synchronize.py", line 95, in __enter__
    return self._semlock.__enter__()
  File "/usr/lib/python3.10/multiprocessing/queues.py", line 102, in get
    with self._rlock:
  File "/usr/lib/python3.10/concurrent/futures/process.py", line 240, in _process_worker
    call_item = call_queue.get(block=True)
  File "/usr/lib/python3.10/multiprocessing/process.py", line 108, in run
    self._target(*self._args, **self._kwargs)
  File "/usr/lib/python3.10/concurrent/futures/process.py", line 240, in _process_worker
    call_item = call_queue.get(block=True)
  File "/usr/lib/python3.10/multiprocessing/queues.py", line 102, in get
    with self._rlock:
  File "/usr/lib/python3.10/concurrent/futures/process.py", line 240, in _process_worker
    call_item = call_queue.get(block=True)
KeyboardInterrupt
  File "/usr/lib/python3.10/multiprocessing/synchronize.py", line 95, in __enter__
    return self._semlock.__enter__()
  File "/usr/lib/python3.10/multiprocessing/queues.py", line 102, in get
    with self._rlock:
  File "/usr/lib/python3.10/multiprocessing/synchronize.py", line 95, in __enter__
    return self._semlock.__enter__()
  File "/usr/lib/python3.10/multiprocessing/synchronize.py", line 95, in __enter__
    return self._semlock.__enter__()
  File "/usr/lib/python3.10/concurrent/futures/process.py", line 240, in _process_worker
    call_item = call_queue.get(block=True)
  File "/usr/lib/python3.10/concurrent/futures/process.py", line 240, in _process_worker
    call_item = call_queue.get(block=True)
KeyboardInterrupt
  File "/usr/lib/python3.10/multiprocessing/queues.py", line 102, in get
    with self._rlock:
  File "/usr/lib/python3.10/multiprocessing/synchronize.py", line 95, in __enter__
    return self._semlock.__enter__()
  File "/usr/lib/python3.10/multiprocessing/synchronize.py", line 95, in __enter__
    return self._semlock.__enter__()
  File "/usr/lib/python3.10/multiprocessing/synchronize.py", line 95, in __enter__
    return self._semlock.__enter__()
  File "/usr/lib/python3.10/multiprocessing/queues.py", line 102, in get
    with self._rlock:
  File "/usr/lib/python3.10/concurrent/futures/process.py", line 240, in _process_worker
    call_item = call_queue.get(block=True)
  File "/usr/lib/python3.10/multiprocessing/queues.py", line 102, in get
    with self._rlock:
  File "/usr/lib/python3.10/concurrent/futures/process.py", line 240, in _process_worker
    call_item = call_queue.get(block=True)
  File "/usr/lib/python3.10/concurrent/futures/process.py", line 240, in _process_worker
    call_item = call_queue.get(block=True)
  File "/usr/lib/python3.10/multiprocessing/synchronize.py", line 95, in __enter__
    return self._semlock.__enter__()
  File "/usr/lib/python3.10/multiprocessing/queues.py", line 102, in get
    with self._rlock:
  File "/usr/lib/python3.10/multiprocessing/synchronize.py", line 95, in __enter__
    return self._semlock.__enter__()
  File "/usr/lib/python3.10/multiprocessing/queues.py", line 102, in get
    with self._rlock:
  File "/usr/lib/python3.10/multiprocessing/synchronize.py", line 95, in __enter__
    return self._semlock.__enter__()
  File "/usr/lib/python3.10/multiprocessing/synchronize.py", line 95, in __enter__
    return self._semlock.__enter__()
  File "/usr/lib/python3.10/multiprocessing/synchronize.py", line 95, in __enter__
    return self._semlock.__enter__()
KeyboardInterrupt
  File "/usr/lib/python3.10/multiprocessing/queues.py", line 102, in get
    with self._rlock:
  File "/usr/lib/python3.10/multiprocessing/synchronize.py", line 95, in __enter__
    return self._semlock.__enter__()
  File "/usr/lib/python3.10/multiprocessing/queues.py", line 102, in get
    with self._rlock:
KeyboardInterrupt
  File "/usr/lib/python3.10/multiprocessing/synchronize.py", line 95, in __enter__
    return self._semlock.__enter__()
  File "/usr/lib/python3.10/multiprocessing/queues.py", line 102, in get
    with self._rlock:
  File "/usr/lib/python3.10/multiprocessing/queues.py", line 102, in get
    with self._rlock:
  File "/usr/lib/python3.10/multiprocessing/synchronize.py", line 95, in __enter__
    return self._semlock.__enter__()
  File "/usr/lib/python3.10/multiprocessing/synchronize.py", line 95, in __enter__
    return self._semlock.__enter__()
  File "/usr/lib/python3.10/multiprocessing/synchronize.py", line 95, in __enter__
    return self._semlock.__enter__()
  File "/usr/lib/python3.10/multiprocessing/queues.py", line 102, in get
    with self._rlock:
  File "/usr/lib/python3.10/multiprocessing/synchronize.py", line 95, in __enter__
    return self._semlock.__enter__()
KeyboardInterrupt
  File "/usr/lib/python3.10/multiprocessing/queues.py", line 102, in get
    with self._rlock:
  File "/usr/lib/python3.10/concurrent/futures/process.py", line 240, in _process_worker
    call_item = call_queue.get(block=True)
  File "/usr/lib/python3.10/multiprocessing/queues.py", line 102, in get
    with self._rlock:
  File "/usr/lib/python3.10/multiprocessing/synchronize.py", line 95, in __enter__
    return self._semlock.__enter__()
KeyboardInterrupt
KeyboardInterrupt
KeyboardInterrupt
KeyboardInterrupt
  File "/usr/lib/python3.10/multiprocessing/synchronize.py", line 95, in __enter__
    return self._semlock.__enter__()
KeyboardInterrupt
KeyboardInterrupt
KeyboardInterrupt
KeyboardInterrupt
KeyboardInterrupt
  File "/usr/lib/python3.10/multiprocessing/synchronize.py", line 95, in __enter__
    return self._semlock.__enter__()
KeyboardInterrupt
  File "/usr/lib/python3.10/multiprocessing/synchronize.py", line 95, in __enter__
    return self._semlock.__enter__()
  File "/usr/lib/python3.10/multiprocessing/queues.py", line 102, in get
    with self._rlock:
  File "/usr/lib/python3.10/multiprocessing/queues.py", line 102, in get
    with self._rlock:
  File "/usr/lib/python3.10/multiprocessing/synchronize.py", line 95, in __enter__
    return self._semlock.__enter__()
KeyboardInterrupt
  File "/usr/lib/python3.10/multiprocessing/queues.py", line 103, in get
    res = self._recv_bytes()
KeyboardInterrupt
KeyboardInterrupt
  File "/usr/lib/python3.10/multiprocessing/synchronize.py", line 95, in __enter__
    return self._semlock.__enter__()
KeyboardInterrupt
KeyboardInterrupt
  File "/usr/lib/python3.10/multiprocessing/synchronize.py", line 95, in __enter__
    return self._semlock.__enter__()
KeyboardInterrupt
KeyboardInterrupt
  File "/usr/lib/python3.10/multiprocessing/synchronize.py", line 95, in __enter__
    return self._semlock.__enter__()
KeyboardInterrupt
KeyboardInterrupt
  File "/usr/lib/python3.10/multiprocessing/synchronize.py", line 95, in __enter__
    return self._semlock.__enter__()
  File "/usr/lib/python3.10/multiprocessing/connection.py", line 216, in recv_bytes
    buf = self._recv_bytes(maxlength)
KeyboardInterrupt
KeyboardInterrupt
KeyboardInterrupt
  File "/usr/lib/python3.10/multiprocessing/synchronize.py", line 95, in __enter__
    return self._semlock.__enter__()
KeyboardInterrupt
KeyboardInterrupt
KeyboardInterrupt
KeyboardInterrupt
  File "/usr/lib/python3.10/multiprocessing/connection.py", line 414, in _recv_bytes
    buf = self._recv(4)
  File "/usr/lib/python3.10/multiprocessing/connection.py", line 379, in _recv
    chunk = read(handle, remaining)
KeyboardInterrupt
Successfully saved checkpoint and config in runs/bright-shadow-6.
wandb: - 0.014 MB of 0.014 MB uploadedwandb: \ 0.014 MB of 0.043 MB uploadedwandb: | 0.014 MB of 0.043 MB uploadedwandb: / 0.043 MB of 0.043 MB uploadedwandb:                                                                                
wandb: 
wandb: Run history:
wandb:         grad_norm █▂▆▂▄▂▂▁▃▁▁▁▂▁▁▁█▁▂▂▁▄▁▂▁▁▁▂▂▁▁▁▁▁▁▁▁▂▁▁
wandb:                lr ▁███████████████████████████████████████
wandb:         num_iters ▁
wandb:        num_params ▁
wandb:        num_tokens ▁
wandb:           success ▁▆██████████████████████████████████████
wandb:     time_per_iter ▁▇▅█▇▆▇▇█▇▇▆▇▅▇▆▅▆▆▇█▇▇▅▅▅▇▆▇▅▇▆▅▄▆▇▇▇█▇
wandb:       tokens_seen ▁▁▁▂▂▂▂▂▂▃▃▃▃▃▃▄▄▄▄▄▅▅▅▅▅▅▆▆▆▆▆▇▇▇▇▇▇███
wandb:        train_loss █▁▁▁▁▁▁▁▁▁▁▁▁▁▁▁▁▁▁▁▁▁▁▁▁▁▁▁▁▁▁▁▁▁▁▁▁▁▁▁
wandb:    use_flash_attn ▁
wandb: use_torch_compile ▁
wandb:          val_loss █▁▁▁▁▁▁▁▁▁▁▁▁▁▁▁▁▁▁▁▁▁▁▁▁▁▁▁▁▁▁▁▁▁▁▁▁▁▁▁
wandb: 
wandb: Run summary:
wandb:             dtype bfloat16
wandb:         grad_norm 0.05549
wandb:                lr 0.001
wandb:         num_iters 47794
wandb:        num_params 7251561
wandb:        num_tokens 3132227584
wandb:           success 0.99609
wandb:     time_per_iter 0.07638
wandb:       tokens_seen 3129344000
wandb:        train_loss 1.84787
wandb:    use_flash_attn True
wandb: use_torch_compile True
wandb:          val_loss 1.84772
wandb: 
wandb: 🚀 View run bright-shadow-6 at: https://wandb.ai/alexandretl/hash-hop-hub/runs/02pl1fao
wandb: ⭐️ View project at: https://wandb.ai/alexandretl/hash-hop-hub
wandb: Synced 5 W&B file(s), 0 media file(s), 0 artifact file(s) and 0 other file(s)
wandb: Find logs at: ./wandb/run-20240903_180237-02pl1fao/logs
wandb: WARNING The new W&B backend becomes opt-out in version 0.18.0; try it out with `wandb.require("core")`! See https://wandb.me/wandb-core for more information.
