wandb: Using wandb-core as the SDK backend. Please refer to https://wandb.me/wandb-core for more information.
wandb: Currently logged in as: alexandretl. Use `wandb login --relogin` to force relogin
wandb: Tracking run with wandb version 0.18.3
wandb: Run data is saved locally in /workspace/hash-hop-hub/wandb/run-20241014_100957-9vwow2ro
wandb: Run `wandb offline` to turn off syncing.
wandb: Syncing run comic-surf-108
wandb: ⭐️ View project at https://wandb.ai/alexandretl/hash-hop-hub
wandb: 🚀 View run at https://wandb.ai/alexandretl/hash-hop-hub/runs/9vwow2ro
Run name: comic-surf-108.
Tokens processed per iteration: 131072
Number of micro batches: 16
Model initialized. Number of parameters : 84979968.
Training is starting.
Iter 0000/4768. train loss: 4.306. valid loss: 4.305. lr: 0.00000. 89944 tok/s. uptime: 00h00min. ETA: -1h59min
Iter 0012/4768. train loss: 3.888. valid loss: 3.883. lr: 0.00002. 101046 tok/s. uptime: 00h00min. ETA: 01h50min
Iter 0024/4768. train loss: 3.833. valid loss: 3.830. lr: 0.00004. 101025 tok/s. uptime: 00h00min. ETA: 01h49min
Iter 0036/4768. train loss: 3.786. valid loss: 3.781. lr: 0.00006. 100676 tok/s. uptime: 00h00min. ETA: 01h49min
Iter 0048/4768. train loss: 3.619. valid loss: 3.580. lr: 0.00007. 100983 tok/s. uptime: 00h01min. ETA: 01h49min
Iter 0060/4768. train loss: 3.456. valid loss: 3.460. lr: 0.00009. 100221 tok/s. uptime: 00h01min. ETA: 01h49min
Iter 0072/4768. train loss: 3.439. valid loss: 3.436. lr: 0.00011. 100951 tok/s. uptime: 00h01min. ETA: 01h48min
Iter 0084/4768. train loss: 3.425. valid loss: 3.436. lr: 0.00013. 101003 tok/s. uptime: 00h01min. ETA: 01h48min
Iter 0096/4768. train loss: 3.428. valid loss: 3.430. lr: 0.00015. 100725 tok/s. uptime: 00h02min. ETA: 01h48min
Iter 0108/4768. train loss: 3.437. valid loss: 3.429. lr: 0.00016. 100984 tok/s. uptime: 00h02min. ETA: 01h48min
Iter 0120/4768. train loss: 3.426. valid loss: 3.421. lr: 0.00018. 100824 tok/s. uptime: 00h02min. ETA: 01h47min
Iter 0132/4768. train loss: 3.416. valid loss: 3.418. lr: 0.00020. 100703 tok/s. uptime: 00h03min. ETA: 01h47min
Iter 0144/4768. train loss: 3.418. valid loss: 3.414. lr: 0.00022. 101062 tok/s. uptime: 00h03min. ETA: 01h47min
Iter 0156/4768. train loss: 3.388. valid loss: 3.395. lr: 0.00024. 100988 tok/s. uptime: 00h03min. ETA: 01h46min
Iter 0168/4768. train loss: 3.367. valid loss: 3.334. lr: 0.00025. 100725 tok/s. uptime: 00h03min. ETA: 01h46min
Iter 0180/4768. train loss: 3.151. valid loss: 3.101. lr: 0.00027. 101124 tok/s. uptime: 00h04min. ETA: 01h46min
Iter 0192/4768. train loss: 2.887. valid loss: 2.938. lr: 0.00029. 100999 tok/s. uptime: 00h04min. ETA: 01h46min
Iter 0204/4768. train loss: 2.693. valid loss: 2.733. lr: 0.00030. 100927 tok/s. uptime: 00h04min. ETA: 01h47min
Iter 0216/4768. train loss: 2.623. valid loss: 2.623. lr: 0.00030. 101018 tok/s. uptime: 00h05min. ETA: 01h46min
Iter 0228/4768. train loss: 2.462. valid loss: 2.551. lr: 0.00030. 100296 tok/s. uptime: 00h05min. ETA: 01h46min
Iter 0240/4768. train loss: 2.473. valid loss: 2.486. lr: 0.00030. 101049 tok/s. uptime: 00h05min. ETA: 01h45min
Iter 0252/4768. train loss: 2.440. valid loss: 2.433. lr: 0.00030. 101044 tok/s. uptime: 00h05min. ETA: 01h45min
Iter 0264/4768. train loss: 2.370. valid loss: 2.379. lr: 0.00030. 100977 tok/s. uptime: 00h06min. ETA: 01h45min
Iter 0276/4768. train loss: 2.310. valid loss: 2.348. lr: 0.00030. 100728 tok/s. uptime: 00h06min. ETA: 01h45min
Iter 0288/4768. train loss: 2.329. valid loss: 2.330. lr: 0.00030. 101007 tok/s. uptime: 00h06min. ETA: 01h44min
Iter 0300/4768. train loss: 2.303. valid loss: 2.324. lr: 0.00030. 100968 tok/s. uptime: 00h07min. ETA: 01h44min
Iter 0312/4768. train loss: 2.303. valid loss: 2.275. lr: 0.00030. 100409 tok/s. uptime: 00h07min. ETA: 01h44min
Iter 0324/4768. train loss: 2.261. valid loss: 2.261. lr: 0.00030. 100070 tok/s. uptime: 00h07min. ETA: 01h43min
Iter 0336/4768. train loss: 2.232. valid loss: 2.239. lr: 0.00030. 100692 tok/s. uptime: 00h07min. ETA: 01h43min
Iter 0348/4768. train loss: 2.243. valid loss: 2.231. lr: 0.00030. 100775 tok/s. uptime: 00h08min. ETA: 01h43min
Iter 0360/4768. train loss: 2.202. valid loss: 2.211. lr: 0.00030. 100944 tok/s. uptime: 00h08min. ETA: 01h42min
Iter 0372/4768. train loss: 2.180. valid loss: 2.220. lr: 0.00030. 100687 tok/s. uptime: 00h08min. ETA: 01h42min
Iter 0384/4768. train loss: 2.179. valid loss: 2.177. lr: 0.00030. 100881 tok/s. uptime: 00h08min. ETA: 01h42min
Iter 0396/4768. train loss: 2.231. valid loss: 2.195. lr: 0.00030. 100549 tok/s. uptime: 00h09min. ETA: 01h41min
Iter 0408/4768. train loss: 2.150. valid loss: 2.147. lr: 0.00030. 100593 tok/s. uptime: 00h09min. ETA: 01h42min
Iter 0420/4768. train loss: 2.126. valid loss: 2.120. lr: 0.00030. 101048 tok/s. uptime: 00h09min. ETA: 01h41min
Iter 0432/4768. train loss: 2.139. valid loss: 2.149. lr: 0.00030. 100864 tok/s. uptime: 00h10min. ETA: 01h41min
Iter 0444/4768. train loss: 2.081. valid loss: 2.108. lr: 0.00030. 100586 tok/s. uptime: 00h10min. ETA: 01h41min
Iter 0456/4768. train loss: 2.095. valid loss: 2.078. lr: 0.00030. 100708 tok/s. uptime: 00h10min. ETA: 01h41min
Iter 0468/4768. train loss: 2.060. valid loss: 2.035. lr: 0.00030. 100850 tok/s. uptime: 00h10min. ETA: 01h40min
Iter 0480/4768. train loss: 1.935. valid loss: 2.020. lr: 0.00030. 101015 tok/s. uptime: 00h11min. ETA: 01h40min
Iter 0492/4768. train loss: 1.976. valid loss: 1.982. lr: 0.00030. 100102 tok/s. uptime: 00h11min. ETA: 01h40min
Iter 0504/4768. train loss: 1.876. valid loss: 1.890. lr: 0.00030. 100709 tok/s. uptime: 00h11min. ETA: 01h39min
Iter 0516/4768. train loss: 1.854. valid loss: 1.821. lr: 0.00030. 100559 tok/s. uptime: 00h12min. ETA: 01h39min
Iter 0528/4768. train loss: 1.876. valid loss: 1.826. lr: 0.00030. 100919 tok/s. uptime: 00h12min. ETA: 01h39min
Iter 0540/4768. train loss: 1.764. valid loss: 1.792. lr: 0.00030. 100580 tok/s. uptime: 00h12min. ETA: 01h38min
Iter 0552/4768. train loss: 1.992. valid loss: 1.968. lr: 0.00030. 100699 tok/s. uptime: 00h12min. ETA: 01h38min
Iter 0564/4768. train loss: 1.677. valid loss: 1.787. lr: 0.00030. 100113 tok/s. uptime: 00h13min. ETA: 01h38min
Iter 0576/4768. train loss: 1.874. valid loss: 1.773. lr: 0.00030. 100284 tok/s. uptime: 00h13min. ETA: 01h38min
Iter 0588/4768. train loss: 1.786. valid loss: 1.770. lr: 0.00030. 101022 tok/s. uptime: 00h13min. ETA: 01h37min
Iter 0600/4768. train loss: 1.757. valid loss: 1.781. lr: 0.00030. 100999 tok/s. uptime: 00h14min. ETA: 01h37min
Iter 0612/4768. train loss: 1.784. valid loss: 1.805. lr: 0.00030. 100974 tok/s. uptime: 00h14min. ETA: 01h37min
Iter 0624/4768. train loss: 1.786. valid loss: 1.745. lr: 0.00030. 100797 tok/s. uptime: 00h14min. ETA: 01h37min
Iter 0636/4768. train loss: 1.641. valid loss: 1.746. lr: 0.00030. 101012 tok/s. uptime: 00h14min. ETA: 01h36min
Iter 0648/4768. train loss: 1.660. valid loss: 1.785. lr: 0.00030. 100284 tok/s. uptime: 00h15min. ETA: 01h36min
Iter 0660/4768. train loss: 1.697. valid loss: 1.828. lr: 0.00030. 100754 tok/s. uptime: 00h15min. ETA: 01h36min
Iter 0672/4768. train loss: 1.704. valid loss: 1.738. lr: 0.00030. 100701 tok/s. uptime: 00h15min. ETA: 01h35min
Iter 0684/4768. train loss: 1.746. valid loss: 1.755. lr: 0.00030. 100732 tok/s. uptime: 00h16min. ETA: 01h35min
Iter 0696/4768. train loss: 1.692. valid loss: 1.655. lr: 0.00030. 100199 tok/s. uptime: 00h16min. ETA: 01h35min
Iter 0708/4768. train loss: 1.746. valid loss: 1.727. lr: 0.00030. 100669 tok/s. uptime: 00h16min. ETA: 01h35min
Iter 0720/4768. train loss: 1.823. valid loss: 1.707. lr: 0.00030. 100600 tok/s. uptime: 00h16min. ETA: 01h34min
Iter 0732/4768. train loss: 1.791. valid loss: 1.761. lr: 0.00030. 100698 tok/s. uptime: 00h17min. ETA: 01h34min
Iter 0744/4768. train loss: 1.706. valid loss: 1.705. lr: 0.00030. 101033 tok/s. uptime: 00h17min. ETA: 01h34min
Iter 0756/4768. train loss: 1.789. valid loss: 1.665. lr: 0.00030. 100117 tok/s. uptime: 00h17min. ETA: 01h33min
Iter 0768/4768. train loss: 1.648. valid loss: 1.739. lr: 0.00030. 100998 tok/s. uptime: 00h17min. ETA: 01h33min
Iter 0780/4768. train loss: 1.641. valid loss: 1.838. lr: 0.00030. 100935 tok/s. uptime: 00h18min. ETA: 01h33min
Iter 0792/4768. train loss: 1.580. valid loss: 1.729. lr: 0.00030. 100696 tok/s. uptime: 00h18min. ETA: 01h33min
Iter 0804/4768. train loss: 1.795. valid loss: 1.736. lr: 0.00030. 100600 tok/s. uptime: 00h18min. ETA: 01h33min
Iter 0816/4768. train loss: 1.719. valid loss: 1.700. lr: 0.00030. 100653 tok/s. uptime: 00h19min. ETA: 01h32min
Iter 0828/4768. train loss: 1.646. valid loss: 1.649. lr: 0.00030. 101014 tok/s. uptime: 00h19min. ETA: 01h32min
Iter 0840/4768. train loss: 1.467. valid loss: 1.538. lr: 0.00030. 100980 tok/s. uptime: 00h19min. ETA: 01h32min
Iter 0852/4768. train loss: 1.661. valid loss: 1.631. lr: 0.00030. 101001 tok/s. uptime: 00h19min. ETA: 01h31min
Iter 0864/4768. train loss: 1.712. valid loss: 1.659. lr: 0.00030. 100859 tok/s. uptime: 00h20min. ETA: 01h31min
Iter 0876/4768. train loss: 1.545. valid loss: 1.643. lr: 0.00030. 101112 tok/s. uptime: 00h20min. ETA: 01h31min
Iter 0888/4768. train loss: 1.647. valid loss: 1.565. lr: 0.00030. 100623 tok/s. uptime: 00h20min. ETA: 01h30min
Iter 0900/4768. train loss: 1.552. valid loss: 1.632. lr: 0.00030. 100993 tok/s. uptime: 00h21min. ETA: 01h30min
Iter 0912/4768. train loss: 1.729. valid loss: 1.727. lr: 0.00030. 100279 tok/s. uptime: 00h21min. ETA: 01h30min
Iter 0924/4768. train loss: 1.658. valid loss: 1.638. lr: 0.00030. 100615 tok/s. uptime: 00h21min. ETA: 01h30min
Iter 0936/4768. train loss: 1.597. valid loss: 1.612. lr: 0.00030. 100662 tok/s. uptime: 00h21min. ETA: 01h29min
Iter 0948/4768. train loss: 1.759. valid loss: 1.650. lr: 0.00030. 101020 tok/s. uptime: 00h22min. ETA: 01h29min
Iter 0960/4768. train loss: 1.587. valid loss: 1.618. lr: 0.00030. 100700 tok/s. uptime: 00h22min. ETA: 01h29min
Iter 0972/4768. train loss: 1.506. valid loss: 1.660. lr: 0.00030. 100988 tok/s. uptime: 00h22min. ETA: 01h28min
Iter 0984/4768. train loss: 1.738. valid loss: 1.576. lr: 0.00030. 100595 tok/s. uptime: 00h23min. ETA: 01h28min
Iter 0996/4768. train loss: 1.598. valid loss: 1.686. lr: 0.00030. 100099 tok/s. uptime: 00h23min. ETA: 01h28min
Iter 1008/4768. train loss: 1.655. valid loss: 1.621. lr: 0.00030. 100868 tok/s. uptime: 00h23min. ETA: 01h28min
Iter 1020/4768. train loss: 1.659. valid loss: 1.568. lr: 0.00030. 100736 tok/s. uptime: 00h23min. ETA: 01h27min
Iter 1032/4768. train loss: 1.726. valid loss: 1.634. lr: 0.00030. 100706 tok/s. uptime: 00h24min. ETA: 01h27min
Iter 1044/4768. train loss: 1.493. valid loss: 1.580. lr: 0.00030. 100707 tok/s. uptime: 00h24min. ETA: 01h27min
Iter 1056/4768. train loss: 1.664. valid loss: 1.557. lr: 0.00030. 100614 tok/s. uptime: 00h24min. ETA: 01h27min
Iter 1068/4768. train loss: 1.644. valid loss: 1.555. lr: 0.00030. 99973 tok/s. uptime: 00h25min. ETA: 01h26min
Iter 1080/4768. train loss: 1.444. valid loss: 1.604. lr: 0.00030. 100312 tok/s. uptime: 00h25min. ETA: 01h26min
Iter 1092/4768. train loss: 1.639. valid loss: 1.573. lr: 0.00030. 100636 tok/s. uptime: 00h25min. ETA: 01h26min
Iter 1104/4768. train loss: 1.688. valid loss: 1.604. lr: 0.00030. 99942 tok/s. uptime: 00h25min. ETA: 01h25min
Iter 1116/4768. train loss: 1.687. valid loss: 1.635. lr: 0.00030. 100751 tok/s. uptime: 00h26min. ETA: 01h25min
Iter 1128/4768. train loss: 1.601. valid loss: 1.576. lr: 0.00030. 100671 tok/s. uptime: 00h26min. ETA: 01h25min
Iter 1140/4768. train loss: 1.673. valid loss: 1.580. lr: 0.00030. 100661 tok/s. uptime: 00h26min. ETA: 01h25min
Iter 1152/4768. train loss: 1.755. valid loss: 1.606. lr: 0.00030. 100809 tok/s. uptime: 00h26min. ETA: 01h24min
Iter 1164/4768. train loss: 1.634. valid loss: 1.680. lr: 0.00030. 101006 tok/s. uptime: 00h27min. ETA: 01h24min
Iter 1176/4768. train loss: 1.533. valid loss: 1.593. lr: 0.00030. 100251 tok/s. uptime: 00h27min. ETA: 01h24min
Iter 1188/4768. train loss: 1.684. valid loss: 1.589. lr: 0.00030. 100702 tok/s. uptime: 00h27min. ETA: 01h23min
Iter 1200/4768. train loss: 1.402. valid loss: 1.592. lr: 0.00030. 100710 tok/s. uptime: 00h28min. ETA: 01h23min
Iter 1212/4768. train loss: 1.514. valid loss: 1.579. lr: 0.00030. 100663 tok/s. uptime: 00h28min. ETA: 01h23min
Iter 1224/4768. train loss: 1.608. valid loss: 1.591. lr: 0.00030. 101071 tok/s. uptime: 00h28min. ETA: 01h23min
Iter 1236/4768. train loss: 1.595. valid loss: 1.506. lr: 0.00030. 101040 tok/s. uptime: 00h29min. ETA: 01h22min
Iter 1248/4768. train loss: 1.617. valid loss: 1.464. lr: 0.00030. 101002 tok/s. uptime: 00h29min. ETA: 01h22min
Iter 1260/4768. train loss: 1.546. valid loss: 1.512. lr: 0.00030. 100631 tok/s. uptime: 00h29min. ETA: 01h22min
Iter 1272/4768. train loss: 1.487. valid loss: 1.674. lr: 0.00030. 101018 tok/s. uptime: 00h29min. ETA: 01h22min
Iter 1284/4768. train loss: 1.653. valid loss: 1.646. lr: 0.00030. 100981 tok/s. uptime: 00h30min. ETA: 01h21min
Iter 1296/4768. train loss: 1.597. valid loss: 1.648. lr: 0.00030. 100769 tok/s. uptime: 00h30min. ETA: 01h21min
Iter 1308/4768. train loss: 1.518. valid loss: 1.569. lr: 0.00030. 100294 tok/s. uptime: 00h30min. ETA: 01h21min
Iter 1320/4768. train loss: 1.679. valid loss: 1.599. lr: 0.00030. 100638 tok/s. uptime: 00h30min. ETA: 01h20min
Iter 1332/4768. train loss: 1.407. valid loss: 1.521. lr: 0.00030. 100963 tok/s. uptime: 00h31min. ETA: 01h20min
Iter 1344/4768. train loss: 1.463. valid loss: 1.516. lr: 0.00030. 101082 tok/s. uptime: 00h31min. ETA: 01h20min
Iter 1356/4768. train loss: 1.672. valid loss: 1.572. lr: 0.00030. 100986 tok/s. uptime: 00h31min. ETA: 01h19min
Iter 1368/4768. train loss: 1.545. valid loss: 1.571. lr: 0.00030. 100650 tok/s. uptime: 00h32min. ETA: 01h19min
Iter 1380/4768. train loss: 1.532. valid loss: 1.621. lr: 0.00030. 100946 tok/s. uptime: 00h32min. ETA: 01h19min
Iter 1392/4768. train loss: 1.469. valid loss: 1.551. lr: 0.00030. 100526 tok/s. uptime: 00h32min. ETA: 01h19min
Iter 1404/4768. train loss: 1.532. valid loss: 1.509. lr: 0.00030. 100996 tok/s. uptime: 00h32min. ETA: 01h18min
Iter 1416/4768. train loss: 1.678. valid loss: 1.578. lr: 0.00030. 101037 tok/s. uptime: 00h33min. ETA: 01h18min
Iter 1428/4768. train loss: 1.503. valid loss: 1.404. lr: 0.00030. 101045 tok/s. uptime: 00h33min. ETA: 01h18min
Iter 1440/4768. train loss: 1.639. valid loss: 1.506. lr: 0.00030. 100678 tok/s. uptime: 00h33min. ETA: 01h18min
Iter 1452/4768. train loss: 1.513. valid loss: 1.548. lr: 0.00030. 100538 tok/s. uptime: 00h34min. ETA: 01h17min
Iter 1464/4768. train loss: 1.613. valid loss: 1.499. lr: 0.00030. 100684 tok/s. uptime: 00h34min. ETA: 01h17min
Iter 1476/4768. train loss: 1.449. valid loss: 1.492. lr: 0.00030. 100317 tok/s. uptime: 00h34min. ETA: 01h17min
Iter 1488/4768. train loss: 1.416. valid loss: 1.466. lr: 0.00030. 100942 tok/s. uptime: 00h34min. ETA: 01h16min
Iter 1500/4768. train loss: 1.456. valid loss: 1.338. lr: 0.00030. 101002 tok/s. uptime: 00h35min. ETA: 01h16min
Iter 1512/4768. train loss: 1.474. valid loss: 1.315. lr: 0.00030. 100949 tok/s. uptime: 00h35min. ETA: 01h16min
Iter 1524/4768. train loss: 1.403. valid loss: 1.430. lr: 0.00030. 100822 tok/s. uptime: 00h35min. ETA: 01h16min
Iter 1536/4768. train loss: 1.330. valid loss: 1.246. lr: 0.00030. 100723 tok/s. uptime: 00h36min. ETA: 01h15min
Iter 1548/4768. train loss: 1.415. valid loss: 1.322. lr: 0.00030. 101031 tok/s. uptime: 00h36min. ETA: 01h15min
Iter 1560/4768. train loss: 1.408. valid loss: 1.297. lr: 0.00030. 100526 tok/s. uptime: 00h36min. ETA: 01h15min
Iter 1572/4768. train loss: 1.318. valid loss: 1.193. lr: 0.00030. 100655 tok/s. uptime: 00h36min. ETA: 01h14min
Iter 1584/4768. train loss: 1.077. valid loss: 1.274. lr: 0.00030. 100989 tok/s. uptime: 00h37min. ETA: 01h14min
Iter 1596/4768. train loss: 1.289. valid loss: 1.116. lr: 0.00030. 100800 tok/s. uptime: 00h37min. ETA: 01h14min
Iter 1608/4768. train loss: 1.310. valid loss: 1.182. lr: 0.00030. 100718 tok/s. uptime: 00h37min. ETA: 01h14min
Iter 1620/4768. train loss: 1.208. valid loss: 1.194. lr: 0.00030. 100978 tok/s. uptime: 00h38min. ETA: 01h13min
Iter 1632/4768. train loss: 1.042. valid loss: 1.159. lr: 0.00030. 100997 tok/s. uptime: 00h38min. ETA: 01h13min
Iter 1644/4768. train loss: 1.019. valid loss: 1.156. lr: 0.00030. 100707 tok/s. uptime: 00h38min. ETA: 01h13min
Iter 1656/4768. train loss: 1.087. valid loss: 1.157. lr: 0.00030. 101009 tok/s. uptime: 00h38min. ETA: 01h13min
Iter 1668/4768. train loss: 1.324. valid loss: 1.091. lr: 0.00030. 101040 tok/s. uptime: 00h39min. ETA: 01h12min
Iter 1680/4768. train loss: 1.100. valid loss: 1.095. lr: 0.00030. 100503 tok/s. uptime: 00h39min. ETA: 01h12min
Iter 1692/4768. train loss: 1.109. valid loss: 1.156. lr: 0.00030. 100995 tok/s. uptime: 00h39min. ETA: 01h12min
Iter 1704/4768. train loss: 1.218. valid loss: 1.126. lr: 0.00030. 101029 tok/s. uptime: 00h39min. ETA: 01h11min
Iter 1716/4768. train loss: 1.192. valid loss: 1.119. lr: 0.00030. 100474 tok/s. uptime: 00h40min. ETA: 01h11min
Iter 1728/4768. train loss: 1.088. valid loss: 1.047. lr: 0.00030. 101029 tok/s. uptime: 00h40min. ETA: 01h11min
Iter 1740/4768. train loss: 1.170. valid loss: 1.092. lr: 0.00030. 101035 tok/s. uptime: 00h40min. ETA: 01h10min
Iter 1752/4768. train loss: 1.102. valid loss: 1.111. lr: 0.00030. 100904 tok/s. uptime: 00h41min. ETA: 01h10min
Iter 1764/4768. train loss: 1.039. valid loss: 1.056. lr: 0.00030. 100900 tok/s. uptime: 00h41min. ETA: 01h10min
Iter 1776/4768. train loss: 0.999. valid loss: 1.134. lr: 0.00030. 100695 tok/s. uptime: 00h41min. ETA: 01h10min
Iter 1788/4768. train loss: 1.143. valid loss: 1.073. lr: 0.00030. 100581 tok/s. uptime: 00h41min. ETA: 01h09min
Iter 1800/4768. train loss: 1.065. valid loss: 1.012. lr: 0.00030. 100673 tok/s. uptime: 00h42min. ETA: 01h09min
Iter 1812/4768. train loss: 0.882. valid loss: 0.898. lr: 0.00030. 100896 tok/s. uptime: 00h42min. ETA: 01h09min
Iter 1824/4768. train loss: 0.784. valid loss: 0.937. lr: 0.00030. 100758 tok/s. uptime: 00h42min. ETA: 01h09min
Iter 1836/4768. train loss: 0.845. valid loss: 0.875. lr: 0.00030. 100952 tok/s. uptime: 00h43min. ETA: 01h08min
Iter 1848/4768. train loss: 0.715. valid loss: 0.839. lr: 0.00030. 100623 tok/s. uptime: 00h43min. ETA: 01h08min
Iter 1860/4768. train loss: 0.729. valid loss: 0.695. lr: 0.00030. 100738 tok/s. uptime: 00h43min. ETA: 01h08min
Iter 1872/4768. train loss: 0.567. valid loss: 0.526. lr: 0.00030. 100839 tok/s. uptime: 00h43min. ETA: 01h07min
Iter 1884/4768. train loss: 0.509. valid loss: 0.494. lr: 0.00030. 101013 tok/s. uptime: 00h44min. ETA: 01h07min
Iter 1896/4768. train loss: 0.472. valid loss: 0.428. lr: 0.00030. 100993 tok/s. uptime: 00h44min. ETA: 01h07min
Iter 1908/4768. train loss: 0.327. valid loss: 0.362. lr: 0.00030. 101141 tok/s. uptime: 00h44min. ETA: 01h07min
Iter 1920/4768. train loss: 0.325. valid loss: 0.312. lr: 0.00030. 100476 tok/s. uptime: 00h45min. ETA: 01h06min
Iter 1932/4768. train loss: 0.263. valid loss: 0.263. lr: 0.00030. 100694 tok/s. uptime: 00h45min. ETA: 01h06min
Iter 1944/4768. train loss: 0.258. valid loss: 0.284. lr: 0.00030. 100952 tok/s. uptime: 00h45min. ETA: 01h06min
Iter 1956/4768. train loss: 0.232. valid loss: 0.275. lr: 0.00030. 100995 tok/s. uptime: 00h45min. ETA: 01h05min
Iter 1968/4768. train loss: 0.272. valid loss: 0.254. lr: 0.00030. 100678 tok/s. uptime: 00h46min. ETA: 01h05min
Iter 1980/4768. train loss: 0.246. valid loss: 0.245. lr: 0.00030. 101026 tok/s. uptime: 00h46min. ETA: 01h05min
Iter 1992/4768. train loss: 0.272. valid loss: 0.249. lr: 0.00030. 100990 tok/s. uptime: 00h46min. ETA: 01h05min
Iter 2004/4768. train loss: 0.197. valid loss: 0.240. lr: 0.00030. 101117 tok/s. uptime: 00h47min. ETA: 01h04min
Iter 2016/4768. train loss: 0.213. valid loss: 0.222. lr: 0.00030. 100978 tok/s. uptime: 00h47min. ETA: 01h04min
Iter 2028/4768. train loss: 0.259. valid loss: 0.217. lr: 0.00030. 100711 tok/s. uptime: 00h47min. ETA: 01h04min
Iter 2040/4768. train loss: 0.235. valid loss: 0.237. lr: 0.00030. 100693 tok/s. uptime: 00h47min. ETA: 01h04min
Iter 2052/4768. train loss: 0.227. valid loss: 0.219. lr: 0.00030. 100707 tok/s. uptime: 00h48min. ETA: 01h03min
Iter 2064/4768. train loss: 0.197. valid loss: 0.195. lr: 0.00030. 100990 tok/s. uptime: 00h48min. ETA: 01h03min
Iter 2076/4768. train loss: 0.186. valid loss: 0.187. lr: 0.00030. 100998 tok/s. uptime: 00h48min. ETA: 01h03min
Iter 2088/4768. train loss: 0.151. valid loss: 0.137. lr: 0.00030. 101040 tok/s. uptime: 00h48min. ETA: 01h02min
Iter 2100/4768. train loss: 0.109. valid loss: 0.102. lr: 0.00030. 100634 tok/s. uptime: 00h49min. ETA: 01h02min
Iter 2112/4768. train loss: 0.062. valid loss: 0.070. lr: 0.00030. 100910 tok/s. uptime: 00h49min. ETA: 01h02min
Iter 2124/4768. train loss: 0.070. valid loss: 0.056. lr: 0.00030. 100990 tok/s. uptime: 00h49min. ETA: 01h02min
Iter 2136/4768. train loss: 0.048. valid loss: 0.054. lr: 0.00030. 100669 tok/s. uptime: 00h50min. ETA: 01h01min
Iter 2148/4768. train loss: 0.048. valid loss: 0.037. lr: 0.00030. 100885 tok/s. uptime: 00h50min. ETA: 01h01min
Iter 2160/4768. train loss: 0.037. valid loss: 0.036. lr: 0.00030. 100597 tok/s. uptime: 00h50min. ETA: 01h01min
Iter 2172/4768. train loss: 0.026. valid loss: 0.027. lr: 0.00030. 100742 tok/s. uptime: 00h50min. ETA: 01h00min
Iter 2184/4768. train loss: 0.022. valid loss: 0.026. lr: 0.00030. 100986 tok/s. uptime: 00h51min. ETA: 01h00min
Iter 2196/4768. train loss: 0.016. valid loss: 0.018. lr: 0.00030. 100952 tok/s. uptime: 00h51min. ETA: 01h00min
Iter 2208/4768. train loss: 0.018. valid loss: 0.018. lr: 0.00030. 100997 tok/s. uptime: 00h51min. ETA: 01h00min
Iter 2220/4768. train loss: 0.013. valid loss: 0.012. lr: 0.00030. 100663 tok/s. uptime: 00h52min. ETA: 00h59min
Iter 2232/4768. train loss: 0.009. valid loss: 0.009. lr: 0.00030. 100988 tok/s. uptime: 00h52min. ETA: 00h59min
Iter 2244/4768. train loss: 0.009. valid loss: 0.010. lr: 0.00030. 100971 tok/s. uptime: 00h52min. ETA: 00h59min
Iter 2256/4768. train loss: 0.005. valid loss: 0.008. lr: 0.00030. 100026 tok/s. uptime: 00h52min. ETA: 00h58min
Iter 2268/4768. train loss: 0.008. valid loss: 0.022. lr: 0.00030. 100996 tok/s. uptime: 00h53min. ETA: 00h58min
Iter 2280/4768. train loss: 0.006. valid loss: 0.008. lr: 0.00030. 101108 tok/s. uptime: 00h53min. ETA: 00h58min
Iter 2292/4768. train loss: 0.011. valid loss: 0.011. lr: 0.00030. 100386 tok/s. uptime: 00h53min. ETA: 00h58min
Iter 2304/4768. train loss: 0.005. valid loss: 0.004. lr: 0.00030. 100713 tok/s. uptime: 00h54min. ETA: 00h57min
Iter 2316/4768. train loss: 0.007. valid loss: 0.006. lr: 0.00030. 100653 tok/s. uptime: 00h54min. ETA: 00h57min
Iter 2328/4768. train loss: 0.004. valid loss: 0.003. lr: 0.00030. 100991 tok/s. uptime: 00h54min. ETA: 00h57min
Iter 2340/4768. train loss: 0.007. valid loss: 0.008. lr: 0.00030. 100981 tok/s. uptime: 00h54min. ETA: 00h56min
Iter 2352/4768. train loss: 0.005. valid loss: 0.006. lr: 0.00030. 101015 tok/s. uptime: 00h55min. ETA: 00h56min
Iter 2364/4768. train loss: 0.005. valid loss: 0.007. lr: 0.00030. 100624 tok/s. uptime: 00h55min. ETA: 00h56min
Iter 2376/4768. train loss: 0.006. valid loss: 0.006. lr: 0.00030. 100912 tok/s. uptime: 00h55min. ETA: 00h56min
Iter 2388/4768. train loss: 0.006. valid loss: 0.005. lr: 0.00030. 100780 tok/s. uptime: 00h55min. ETA: 00h55min
Iter 2400/4768. train loss: 0.005. valid loss: 0.004. lr: 0.00030. 100990 tok/s. uptime: 00h56min. ETA: 00h55min
Iter 2412/4768. train loss: 0.003. valid loss: 0.009. lr: 0.00030. 100636 tok/s. uptime: 00h56min. ETA: 00h55min
Iter 2424/4768. train loss: 0.003. valid loss: 0.005. lr: 0.00030. 100674 tok/s. uptime: 00h56min. ETA: 00h55min
Iter 2436/4768. train loss: 0.007. valid loss: 0.004. lr: 0.00030. 101037 tok/s. uptime: 00h57min. ETA: 00h54min
Iter 2448/4768. train loss: 0.007. valid loss: 0.005. lr: 0.00030. 100699 tok/s. uptime: 00h57min. ETA: 00h54min
Iter 2460/4768. train loss: 0.001. valid loss: 0.004. lr: 0.00030. 100876 tok/s. uptime: 00h57min. ETA: 00h54min
Iter 2472/4768. train loss: 0.002. valid loss: 0.004. lr: 0.00030. 101052 tok/s. uptime: 00h57min. ETA: 00h53min
Iter 2484/4768. train loss: 0.005. valid loss: 0.004. lr: 0.00030. 101030 tok/s. uptime: 00h58min. ETA: 00h53min
Iter 2496/4768. train loss: 0.002. valid loss: 0.003. lr: 0.00030. 101023 tok/s. uptime: 00h58min. ETA: 00h53min
Iter 2508/4768. train loss: 0.003. valid loss: 0.005. lr: 0.00030. 100530 tok/s. uptime: 00h58min. ETA: 00h53min
Iter 2520/4768. train loss: 0.003. valid loss: 0.004. lr: 0.00030. 100706 tok/s. uptime: 00h59min. ETA: 00h52min
Iter 2532/4768. train loss: 0.004. valid loss: 0.003. lr: 0.00030. 100652 tok/s. uptime: 00h59min. ETA: 00h52min
Iter 2544/4768. train loss: 0.004. valid loss: 0.003. lr: 0.00030. 100550 tok/s. uptime: 00h59min. ETA: 00h52min
Iter 2556/4768. train loss: 0.003. valid loss: 0.004. lr: 0.00030. 100688 tok/s. uptime: 00h59min. ETA: 00h51min
Iter 2568/4768. train loss: 0.002. valid loss: 0.005. lr: 0.00030. 100684 tok/s. uptime: 01h00min. ETA: 00h51min
Iter 2580/4768. train loss: 0.002. valid loss: 0.004. lr: 0.00030. 100997 tok/s. uptime: 01h00min. ETA: 00h51min
Iter 2592/4768. train loss: 0.003. valid loss: 0.002. lr: 0.00030. 100670 tok/s. uptime: 01h00min. ETA: 00h51min
Iter 2604/4768. train loss: 0.003. valid loss: 0.002. lr: 0.00030. 101003 tok/s. uptime: 01h01min. ETA: 00h50min
Iter 2616/4768. train loss: 0.002. valid loss: 0.003. lr: 0.00030. 100959 tok/s. uptime: 01h01min. ETA: 00h50min
Iter 2628/4768. train loss: 0.003. valid loss: 0.003. lr: 0.00030. 101018 tok/s. uptime: 01h01min. ETA: 00h50min
Iter 2640/4768. train loss: 0.003. valid loss: 0.003. lr: 0.00030. 101041 tok/s. uptime: 01h01min. ETA: 00h49min
Iter 2652/4768. train loss: 0.002. valid loss: 0.002. lr: 0.00030. 100773 tok/s. uptime: 01h02min. ETA: 00h49min
Iter 2664/4768. train loss: 0.002. valid loss: 0.002. lr: 0.00030. 100968 tok/s. uptime: 01h02min. ETA: 00h49min
Iter 2676/4768. train loss: 0.005. valid loss: 0.003. lr: 0.00030. 100980 tok/s. uptime: 01h02min. ETA: 00h49min
Iter 2688/4768. train loss: 0.002. valid loss: 0.002. lr: 0.00030. 101013 tok/s. uptime: 01h03min. ETA: 00h48min
Iter 2700/4768. train loss: 0.001. valid loss: 0.003. lr: 0.00030. 100976 tok/s. uptime: 01h03min. ETA: 00h48min
Iter 2712/4768. train loss: 0.001. valid loss: 0.003. lr: 0.00030. 101008 tok/s. uptime: 01h03min. ETA: 00h48min
Iter 2724/4768. train loss: 0.001. valid loss: 0.003. lr: 0.00030. 100747 tok/s. uptime: 01h03min. ETA: 00h47min
Iter 2736/4768. train loss: 0.001. valid loss: 0.003. lr: 0.00030. 101011 tok/s. uptime: 01h04min. ETA: 00h47min
Iter 2748/4768. train loss: 0.001. valid loss: 0.002. lr: 0.00030. 101011 tok/s. uptime: 01h04min. ETA: 00h47min
Iter 2760/4768. train loss: 0.000. valid loss: 0.002. lr: 0.00030. 100208 tok/s. uptime: 01h04min. ETA: 00h47min
Iter 2772/4768. train loss: 0.002. valid loss: 0.002. lr: 0.00030. 100666 tok/s. uptime: 01h04min. ETA: 00h46min
Iter 2784/4768. train loss: 0.001. valid loss: 0.001. lr: 0.00030. 100639 tok/s. uptime: 01h05min. ETA: 00h46min
Iter 2796/4768. train loss: 0.004. valid loss: 0.003. lr: 0.00030. 100979 tok/s. uptime: 01h05min. ETA: 00h46min
Iter 2808/4768. train loss: 0.003. valid loss: 0.003. lr: 0.00030. 100933 tok/s. uptime: 01h05min. ETA: 00h45min
Iter 2820/4768. train loss: 0.003. valid loss: 0.002. lr: 0.00030. 100635 tok/s. uptime: 01h06min. ETA: 00h45min
Iter 2832/4768. train loss: 0.001. valid loss: 0.001. lr: 0.00030. 100719 tok/s. uptime: 01h06min. ETA: 00h45min
Iter 2844/4768. train loss: 0.002. valid loss: 0.002. lr: 0.00030. 100493 tok/s. uptime: 01h06min. ETA: 00h45min
Iter 2856/4768. train loss: 0.002. valid loss: 0.002. lr: 0.00030. 100967 tok/s. uptime: 01h07min. ETA: 00h44min
Iter 2868/4768. train loss: 0.001. valid loss: 0.001. lr: 0.00030. 100633 tok/s. uptime: 01h07min. ETA: 00h44min
Iter 2880/4768. train loss: 0.004. valid loss: 0.002. lr: 0.00030. 100994 tok/s. uptime: 01h07min. ETA: 00h44min
Iter 2892/4768. train loss: 0.003. valid loss: 0.001. lr: 0.00030. 100991 tok/s. uptime: 01h07min. ETA: 00h44min
Iter 2904/4768. train loss: 0.001. valid loss: 0.001. lr: 0.00030. 101010 tok/s. uptime: 01h08min. ETA: 00h43min
Iter 2916/4768. train loss: 0.001. valid loss: 0.005. lr: 0.00030. 100706 tok/s. uptime: 01h08min. ETA: 00h43min
Iter 2928/4768. train loss: 0.001. valid loss: 0.002. lr: 0.00030. 100662 tok/s. uptime: 01h08min. ETA: 00h43min
Iter 2940/4768. train loss: 0.002. valid loss: 0.003. lr: 0.00030. 100914 tok/s. uptime: 01h08min. ETA: 00h42min
Iter 2952/4768. train loss: 0.002. valid loss: 0.002. lr: 0.00030. 100949 tok/s. uptime: 01h09min. ETA: 00h42min
Iter 2964/4768. train loss: 0.001. valid loss: 0.002. lr: 0.00030. 100720 tok/s. uptime: 01h09min. ETA: 00h42min
Iter 2976/4768. train loss: 0.004. valid loss: 0.002. lr: 0.00030. 100571 tok/s. uptime: 01h09min. ETA: 00h42min
Iter 2988/4768. train loss: 0.003. valid loss: 0.001. lr: 0.00030. 100580 tok/s. uptime: 01h10min. ETA: 00h41min
Iter 3000/4768. train loss: 0.001. valid loss: 0.001. lr: 0.00030. 100929 tok/s. uptime: 01h10min. ETA: 00h41min
Iter 3012/4768. train loss: 0.001. valid loss: 0.002. lr: 0.00030. 100653 tok/s. uptime: 01h10min. ETA: 00h41min
Iter 3024/4768. train loss: 0.005. valid loss: 0.002. lr: 0.00030. 100750 tok/s. uptime: 01h10min. ETA: 00h40min
Iter 3036/4768. train loss: 0.004. valid loss: 0.001. lr: 0.00030. 100870 tok/s. uptime: 01h11min. ETA: 00h40min
Iter 3048/4768. train loss: 0.001. valid loss: 0.002. lr: 0.00030. 100934 tok/s. uptime: 01h11min. ETA: 00h40min
Iter 3060/4768. train loss: 0.001. valid loss: 0.002. lr: 0.00030. 100988 tok/s. uptime: 01h11min. ETA: 00h40min
Iter 3072/4768. train loss: 0.001. valid loss: 0.002. lr: 0.00030. 101060 tok/s. uptime: 01h12min. ETA: 00h39min
Iter 3084/4768. train loss: 0.001. valid loss: 0.004. lr: 0.00030. 100992 tok/s. uptime: 01h12min. ETA: 00h39min
Iter 3096/4768. train loss: 0.002. valid loss: 0.001. lr: 0.00030. 100598 tok/s. uptime: 01h12min. ETA: 00h39min
Iter 3108/4768. train loss: 0.003. valid loss: 0.002. lr: 0.00030. 101031 tok/s. uptime: 01h12min. ETA: 00h38min
Iter 3120/4768. train loss: 0.002. valid loss: 0.002. lr: 0.00030. 101004 tok/s. uptime: 01h13min. ETA: 00h38min
Iter 3132/4768. train loss: 0.002. valid loss: 0.001. lr: 0.00030. 100731 tok/s. uptime: 01h13min. ETA: 00h38min
Iter 3144/4768. train loss: 0.002. valid loss: 0.002. lr: 0.00030. 100670 tok/s. uptime: 01h13min. ETA: 00h38min
Iter 3156/4768. train loss: 0.002. valid loss: 0.001. lr: 0.00030. 100814 tok/s. uptime: 01h14min. ETA: 00h37min
Iter 3168/4768. train loss: 0.001. valid loss: 0.001. lr: 0.00030. 101016 tok/s. uptime: 01h14min. ETA: 00h37min
Iter 3180/4768. train loss: 0.003. valid loss: 0.003. lr: 0.00030. 100661 tok/s. uptime: 01h14min. ETA: 00h37min
Iter 3192/4768. train loss: 0.001. valid loss: 0.001. lr: 0.00030. 100836 tok/s. uptime: 01h14min. ETA: 00h36min
Iter 3204/4768. train loss: 0.001. valid loss: 0.001. lr: 0.00030. 100571 tok/s. uptime: 01h15min. ETA: 00h36min
Iter 3216/4768. train loss: 0.000. valid loss: 0.001. lr: 0.00030. 100751 tok/s. uptime: 01h15min. ETA: 00h36min
Iter 3228/4768. train loss: 0.001. valid loss: 0.001. lr: 0.00030. 100933 tok/s. uptime: 01h15min. ETA: 00h36min
Iter 3240/4768. train loss: 0.001. valid loss: 0.003. lr: 0.00030. 101125 tok/s. uptime: 01h16min. ETA: 00h35min
Iter 3252/4768. train loss: 0.001. valid loss: 0.001. lr: 0.00030. 100165 tok/s. uptime: 01h16min. ETA: 00h35min
Iter 3264/4768. train loss: 0.002. valid loss: 0.002. lr: 0.00030. 100827 tok/s. uptime: 01h16min. ETA: 00h35min
Iter 3276/4768. train loss: 0.001. valid loss: 0.001. lr: 0.00030. 100987 tok/s. uptime: 01h16min. ETA: 00h35min
Iter 3288/4768. train loss: 0.001. valid loss: 0.001. lr: 0.00030. 100695 tok/s. uptime: 01h17min. ETA: 00h34min
Iter 3300/4768. train loss: 0.003. valid loss: 0.002. lr: 0.00030. 101023 tok/s. uptime: 01h17min. ETA: 00h34min
Iter 3312/4768. train loss: 0.001. valid loss: 0.001. lr: 0.00030. 101013 tok/s. uptime: 01h17min. ETA: 00h34min
Iter 3324/4768. train loss: 0.001. valid loss: 0.001. lr: 0.00030. 100678 tok/s. uptime: 01h17min. ETA: 00h33min
Iter 3336/4768. train loss: 0.001. valid loss: 0.002. lr: 0.00030. 101004 tok/s. uptime: 01h18min. ETA: 00h33min
Iter 3348/4768. train loss: 0.000. valid loss: 0.001. lr: 0.00030. 100744 tok/s. uptime: 01h18min. ETA: 00h33min
Iter 3360/4768. train loss: 0.002. valid loss: 0.003. lr: 0.00030. 100693 tok/s. uptime: 01h18min. ETA: 00h33min
Iter 3372/4768. train loss: 0.000. valid loss: 0.001. lr: 0.00030. 100649 tok/s. uptime: 01h19min. ETA: 00h32min
Iter 3384/4768. train loss: 0.001. valid loss: 0.002. lr: 0.00030. 100737 tok/s. uptime: 01h19min. ETA: 00h32min
Iter 3396/4768. train loss: 0.002. valid loss: 0.002. lr: 0.00030. 100602 tok/s. uptime: 01h19min. ETA: 00h32min
Iter 3408/4768. train loss: 0.012. valid loss: 0.001. lr: 0.00030. 100699 tok/s. uptime: 01h19min. ETA: 00h31min
Iter 3420/4768. train loss: 0.001. valid loss: 0.001. lr: 0.00030. 100720 tok/s. uptime: 01h20min. ETA: 00h31min
Iter 3432/4768. train loss: 0.001. valid loss: 0.001. lr: 0.00030. 100715 tok/s. uptime: 01h20min. ETA: 00h31min
Iter 3444/4768. train loss: 0.001. valid loss: 0.000. lr: 0.00030. 101118 tok/s. uptime: 01h20min. ETA: 00h31min
Iter 3456/4768. train loss: 0.004. valid loss: 0.001. lr: 0.00030. 101039 tok/s. uptime: 01h21min. ETA: 00h30min
Iter 3468/4768. train loss: 0.001. valid loss: 0.001. lr: 0.00030. 100662 tok/s. uptime: 01h21min. ETA: 00h30min
Iter 3480/4768. train loss: 0.003. valid loss: 0.002. lr: 0.00030. 100963 tok/s. uptime: 01h21min. ETA: 00h30min
Iter 3492/4768. train loss: 0.001. valid loss: 0.001. lr: 0.00030. 100660 tok/s. uptime: 01h21min. ETA: 00h29min
Iter 3504/4768. train loss: 0.001. valid loss: 0.001. lr: 0.00030. 100718 tok/s. uptime: 01h22min. ETA: 00h29min
Iter 3516/4768. train loss: 0.001. valid loss: 0.001. lr: 0.00030. 100982 tok/s. uptime: 01h22min. ETA: 00h29min
Iter 3528/4768. train loss: 0.002. valid loss: 0.000. lr: 0.00030. 101005 tok/s. uptime: 01h22min. ETA: 00h29min
Iter 3540/4768. train loss: 0.001. valid loss: 0.001. lr: 0.00030. 100715 tok/s. uptime: 01h23min. ETA: 00h28min
Iter 3552/4768. train loss: 0.001. valid loss: 0.001. lr: 0.00030. 100732 tok/s. uptime: 01h23min. ETA: 00h28min
Iter 3564/4768. train loss: 0.001. valid loss: 0.002. lr: 0.00030. 100899 tok/s. uptime: 01h23min. ETA: 00h28min
Iter 3576/4768. train loss: 0.001. valid loss: 0.001. lr: 0.00030. 101038 tok/s. uptime: 01h23min. ETA: 00h27min
Iter 3588/4768. train loss: 0.000. valid loss: 0.002. lr: 0.00030. 100710 tok/s. uptime: 01h24min. ETA: 00h27min
Iter 3600/4768. train loss: 0.001. valid loss: 0.001. lr: 0.00030. 101014 tok/s. uptime: 01h24min. ETA: 00h27min
Iter 3612/4768. train loss: 0.002. valid loss: 0.001. lr: 0.00030. 101030 tok/s. uptime: 01h24min. ETA: 00h27min
Iter 3624/4768. train loss: 0.001. valid loss: 0.001. lr: 0.00030. 100738 tok/s. uptime: 01h25min. ETA: 00h26min
Iter 3636/4768. train loss: 0.000. valid loss: 0.001. lr: 0.00030. 100663 tok/s. uptime: 01h25min. ETA: 00h26min
Iter 3648/4768. train loss: 0.000. valid loss: 0.001. lr: 0.00030. 101001 tok/s. uptime: 01h25min. ETA: 00h26min
Iter 3660/4768. train loss: 0.002. valid loss: 0.001. lr: 0.00030. 101012 tok/s. uptime: 01h25min. ETA: 00h25min
Iter 3672/4768. train loss: 0.004. valid loss: 0.001. lr: 0.00030. 100103 tok/s. uptime: 01h26min. ETA: 00h25min
Iter 3684/4768. train loss: 0.002. valid loss: 0.001. lr: 0.00030. 100658 tok/s. uptime: 01h26min. ETA: 00h25min
Iter 3696/4768. train loss: 0.003. valid loss: 0.001. lr: 0.00030. 100847 tok/s. uptime: 01h26min. ETA: 00h25min
Iter 3708/4768. train loss: 0.000. valid loss: 0.001. lr: 0.00030. 101026 tok/s. uptime: 01h26min. ETA: 00h24min
Iter 3720/4768. train loss: 0.002. valid loss: 0.001. lr: 0.00030. 100607 tok/s. uptime: 01h27min. ETA: 00h24min
Iter 3732/4768. train loss: 0.003. valid loss: 0.001. lr: 0.00030. 100665 tok/s. uptime: 01h27min. ETA: 00h24min
Iter 3744/4768. train loss: 0.000. valid loss: 0.001. lr: 0.00030. 101009 tok/s. uptime: 01h27min. ETA: 00h24min
Iter 3756/4768. train loss: 0.000. valid loss: 0.000. lr: 0.00030. 100957 tok/s. uptime: 01h28min. ETA: 00h23min
----- Starting cooldown -----
Iter 3768/4768. train loss: 0.001. valid loss: 0.001. lr: 0.00029. 100967 tok/s. uptime: 01h28min. ETA: 00h23min
Iter 3780/4768. train loss: 0.001. valid loss: 0.001. lr: 0.00027. 100642 tok/s. uptime: 01h28min. ETA: 00h23min
Iter 3792/4768. train loss: 0.001. valid loss: 0.001. lr: 0.00025. 100863 tok/s. uptime: 01h28min. ETA: 00h22min
Iter 3804/4768. train loss: 0.001. valid loss: 0.001. lr: 0.00024. 100650 tok/s. uptime: 01h29min. ETA: 00h22min
Iter 3816/4768. train loss: 0.000. valid loss: 0.001. lr: 0.00023. 101034 tok/s. uptime: 01h29min. ETA: 00h22min
Training interrupted.
Training is done. Took 89.83 minutes.
Successfully saved checkpoint and config in runs/comic-surf-108.
wandb: - 0.040 MB of 0.040 MB uploadedwandb:                                                                                
wandb: 
wandb: Run history:
wandb:      grad_norm ▆▅▄▅▄█▇▆▇█▅▆▅▄▄▃▄▄▃▃▃▃▄▆▇▆▆▃▃▃▁▁▁▁▁▁▁▁▁▁
wandb:             lr ▁▅██████████████████████████████████████
wandb: num_iters_done ▁
wandb:     num_params ▁
wandb:     num_tokens ▁
wandb:    peak_memory ▁
wandb:        success ▁▁▁▁▁▁▂▁▂▂▂▇████████
wandb:   tokens_per_s ▇▇▁▇▇▆█▇▅▄▅▆▇▄▇▄▇▇▅▇▇▆▄▇▇█▇▅▄▇▇▇▇▄▆▅▅▇▄▄
wandb: tokens_per_sec ▁
wandb:    tokens_seen ▁▁▁▂▂▂▂▃▃▃▃▃▃▃▄▄▄▄▄▄▅▅▅▅▅▅▅▆▆▆▆▆▇▇▇▇▇▇██
wandb:     train_loss ██▇▆▅▅▅▅▄▄▄▄▄▄▄▄▄▄▄▄▃▃▃▃▂▁▁▁▁▁▁▁▁▁▁▁▁▁▁▁
wandb:       val_loss █▇▇▇▅▄▄▄▄▄▃▄▄▄▄▄▄▄▄▃▃▃▃▂▂▁▁▁▁▁▁▁▁▁▁▁▁▁▁▁
wandb: 
wandb: Run summary:
wandb:             dtype bfloat16
wandb:         grad_norm 0.00288
wandb:                lr 0.00023
wandb:    num_iters_done 3828
wandb:        num_params 84979968
wandb:        num_tokens 501743616
wandb:       peak_memory 6479
wandb:           success 1
wandb:      tokens_per_s 101034.22555
wandb:    tokens_per_sec 101034.22555
wandb:       tokens_seen 500301824
wandb:        train_loss 4e-05
wandb:    use_flash_attn True
wandb: use_torch_compile False
wandb:          val_loss 0.00054
wandb: 
wandb: 🚀 View run comic-surf-108 at: https://wandb.ai/alexandretl/hash-hop-hub/runs/9vwow2ro
wandb: ⭐️ View project at: https://wandb.ai/alexandretl/hash-hop-hub
wandb: Synced 5 W&B file(s), 0 media file(s), 0 artifact file(s) and 0 other file(s)
wandb: Find logs at: ./wandb/run-20241014_100957-9vwow2ro/logs
